INFO - 2024-12-01 11:08:56 --> Session: Class initialized using 'CodeIgniter\Session\Handlers\FileHandler' driver.
INFO - 2024-12-01 11:08:56 --> Session: Class initialized using 'CodeIgniter\Session\Handlers\FileHandler' driver.
INFO - 2024-12-01 11:08:59 --> Session: Class initialized using 'CodeIgniter\Session\Handlers\FileHandler' driver.
INFO - 2024-12-01 11:08:59 --> Session: Class initialized using 'CodeIgniter\Session\Handlers\FileHandler' driver.
INFO - 2024-12-01 11:09:03 --> Session: Class initialized using 'CodeIgniter\Session\Handlers\FileHandler' driver.
INFO - 2024-12-01 11:09:03 --> Session: Class initialized using 'CodeIgniter\Session\Handlers\FileHandler' driver.
INFO - 2024-12-01 11:09:39 --> Session: Class initialized using 'CodeIgniter\Session\Handlers\FileHandler' driver.
INFO - 2024-12-01 11:09:45 --> Session: Class initialized using 'CodeIgniter\Session\Handlers\FileHandler' driver.
INFO - 2024-12-01 11:10:03 --> Session: Class initialized using 'CodeIgniter\Session\Handlers\FileHandler' driver.
INFO - 2024-12-01 11:10:06 --> Session: Class initialized using 'CodeIgniter\Session\Handlers\FileHandler' driver.
INFO - 2024-12-01 11:10:08 --> Session: Class initialized using 'CodeIgniter\Session\Handlers\FileHandler' driver.
INFO - 2024-12-01 11:10:12 --> Session: Class initialized using 'CodeIgniter\Session\Handlers\FileHandler' driver.
INFO - 2024-12-01 11:10:13 --> Session: Class initialized using 'CodeIgniter\Session\Handlers\FileHandler' driver.
INFO - 2024-12-01 11:10:15 --> Session: Class initialized using 'CodeIgniter\Session\Handlers\FileHandler' driver.
INFO - 2024-12-01 11:10:22 --> Session: Class initialized using 'CodeIgniter\Session\Handlers\FileHandler' driver.
INFO - 2024-12-01 11:10:22 --> Session: Class initialized using 'CodeIgniter\Session\Handlers\FileHandler' driver.
INFO - 2024-12-01 11:10:26 --> Session: Class initialized using 'CodeIgniter\Session\Handlers\FileHandler' driver.
INFO - 2024-12-01 11:10:28 --> Session: Class initialized using 'CodeIgniter\Session\Handlers\FileHandler' driver.
INFO - 2024-12-01 11:10:32 --> Session: Class initialized using 'CodeIgniter\Session\Handlers\FileHandler' driver.
INFO - 2024-12-01 11:10:32 --> Session: Class initialized using 'CodeIgniter\Session\Handlers\FileHandler' driver.
INFO - 2024-12-01 11:10:35 --> Session: Class initialized using 'CodeIgniter\Session\Handlers\FileHandler' driver.
INFO - 2024-12-01 11:10:37 --> Session: Class initialized using 'CodeIgniter\Session\Handlers\FileHandler' driver.
INFO - 2024-12-01 11:10:50 --> Session: Class initialized using 'CodeIgniter\Session\Handlers\FileHandler' driver.
INFO - 2024-12-01 11:10:50 --> Session: Class initialized using 'CodeIgniter\Session\Handlers\FileHandler' driver.
INFO - 2024-12-01 11:10:53 --> Session: Class initialized using 'CodeIgniter\Session\Handlers\FileHandler' driver.
INFO - 2024-12-01 11:11:07 --> Session: Class initialized using 'CodeIgniter\Session\Handlers\FileHandler' driver.
INFO - 2024-12-01 11:11:07 --> Session: Class initialized using 'CodeIgniter\Session\Handlers\FileHandler' driver.
INFO - 2024-12-01 11:11:12 --> Session: Class initialized using 'CodeIgniter\Session\Handlers\FileHandler' driver.
INFO - 2024-12-01 11:11:14 --> Session: Class initialized using 'CodeIgniter\Session\Handlers\FileHandler' driver.
INFO - 2024-12-01 11:12:10 --> Session: Class initialized using 'CodeIgniter\Session\Handlers\FileHandler' driver.
INFO - 2024-12-01 11:12:11 --> Session: Class initialized using 'CodeIgniter\Session\Handlers\FileHandler' driver.
INFO - 2024-12-01 11:13:31 --> Session: Class initialized using 'CodeIgniter\Session\Handlers\FileHandler' driver.
INFO - 2024-12-01 11:20:34 --> Session: Class initialized using 'CodeIgniter\Session\Handlers\FileHandler' driver.
INFO - 2024-12-01 11:21:56 --> Session: Class initialized using 'CodeIgniter\Session\Handlers\FileHandler' driver.
CRITICAL - 2024-12-01 11:21:56 --> TypeError: CodeIgniter\HTTP\RedirectResponse::route(): Argument #2 ($params) must be of type array, string given, called in C:\xampp\htdocs\vtornos\app\Controllers\InscricaoController.php on line 115
[Method: POST, Route: inscricao-cliente/onSave]
in SYSTEMPATH\HTTP\RedirectResponse.php on line 57.
 1 APPPATH\Controllers\InscricaoController.php(115): CodeIgniter\HTTP\RedirectResponse->route('inscricao.listar', '1')
 2 SYSTEMPATH\CodeIgniter.php(933): App\Controllers\InscricaoController->onSave()
 3 SYSTEMPATH\CodeIgniter.php(509): CodeIgniter\CodeIgniter->runController(Object(App\Controllers\InscricaoController))
 4 SYSTEMPATH\CodeIgniter.php(355): CodeIgniter\CodeIgniter->handleRequest(null, Object(Config\Cache), false)
 5 SYSTEMPATH\Boot.php(325): CodeIgniter\CodeIgniter->run()
 6 SYSTEMPATH\Boot.php(67): CodeIgniter\Boot::runCodeIgniter(Object(CodeIgniter\CodeIgniter))
 7 FCPATH\index.php(56): CodeIgniter\Boot::bootWeb(Object(Config\Paths))
 8 SYSTEMPATH\rewrite.php(44): require_once('C:\\xampp\\htdocs\\vtornos\\public\\index.php')
INFO - 2024-12-01 11:23:32 --> Session: Class initialized using 'CodeIgniter\Session\Handlers\FileHandler' driver.
INFO - 2024-12-01 11:23:34 --> Session: Class initialized using 'CodeIgniter\Session\Handlers\FileHandler' driver.
INFO - 2024-12-01 11:23:37 --> Session: Class initialized using 'CodeIgniter\Session\Handlers\FileHandler' driver.
INFO - 2024-12-01 11:26:42 --> Session: Class initialized using 'CodeIgniter\Session\Handlers\FileHandler' driver.
INFO - 2024-12-01 11:28:03 --> Session: Class initialized using 'CodeIgniter\Session\Handlers\FileHandler' driver.
INFO - 2024-12-01 11:28:04 --> Session: Class initialized using 'CodeIgniter\Session\Handlers\FileHandler' driver.
INFO - 2024-12-01 11:28:32 --> Session: Class initialized using 'CodeIgniter\Session\Handlers\FileHandler' driver.
INFO - 2024-12-01 11:28:35 --> Session: Class initialized using 'CodeIgniter\Session\Handlers\FileHandler' driver.
INFO - 2024-12-01 11:29:53 --> Session: Class initialized using 'CodeIgniter\Session\Handlers\FileHandler' driver.
INFO - 2024-12-01 11:29:53 --> Session: Class initialized using 'CodeIgniter\Session\Handlers\FileHandler' driver.
INFO - 2024-12-01 11:39:01 --> Session: Class initialized using 'CodeIgniter\Session\Handlers\FileHandler' driver.
INFO - 2024-12-01 11:39:05 --> Session: Class initialized using 'CodeIgniter\Session\Handlers\FileHandler' driver.
INFO - 2024-12-01 11:39:10 --> Session: Class initialized using 'CodeIgniter\Session\Handlers\FileHandler' driver.
ERROR - 2024-12-01 11:39:10 --> mysqli_sql_exception: Unknown column 'series.nome' in 'field list' in C:\xampp\htdocs\vtornos\system\Database\MySQLi\Connection.php:312
Stack trace:
#0 C:\xampp\htdocs\vtornos\system\Database\MySQLi\Connection.php(312): mysqli->query('SELECT `maquina...', 0)
#1 C:\xampp\htdocs\vtornos\system\Database\BaseConnection.php(734): CodeIgniter\Database\MySQLi\Connection->execute('SELECT `maquina...')
#2 C:\xampp\htdocs\vtornos\system\Database\BaseConnection.php(648): CodeIgniter\Database\BaseConnection->simpleQuery('SELECT `maquina...')
#3 C:\xampp\htdocs\vtornos\system\Database\BaseBuilder.php(1644): CodeIgniter\Database\BaseConnection->query('SELECT `maquina...', Array, false)
#4 C:\xampp\htdocs\vtornos\system\Model.php(286): CodeIgniter\Database\BaseBuilder->get()
#5 C:\xampp\htdocs\vtornos\system\BaseModel.php(676): CodeIgniter\Model->doFindAll(0, 0)
#6 C:\xampp\htdocs\vtornos\app\Controllers\OrcamentoController.php(59): CodeIgniter\BaseModel->findAll()
#7 C:\xampp\htdocs\vtornos\system\CodeIgniter.php(933): App\Controllers\OrcamentoController->inserir(1)
#8 C:\xampp\htdocs\vtornos\system\CodeIgniter.php(509): CodeIgniter\CodeIgniter->runController(Object(App\Controllers\OrcamentoController))
#9 C:\xampp\htdocs\vtornos\system\CodeIgniter.php(355): CodeIgniter\CodeIgniter->handleRequest(NULL, Object(Config\Cache), false)
#10 C:\xampp\htdocs\vtornos\system\Boot.php(325): CodeIgniter\CodeIgniter->run()
#11 C:\xampp\htdocs\vtornos\system\Boot.php(67): CodeIgniter\Boot::runCodeIgniter(Object(CodeIgniter\CodeIgniter))
#12 C:\xampp\htdocs\vtornos\public\index.php(56): CodeIgniter\Boot::bootWeb(Object(Config\Paths))
#13 C:\xampp\htdocs\vtornos\system\rewrite.php(44): require_once('C:\\xampp\\htdocs...')
#14 {main}
CRITICAL - 2024-12-01 11:39:10 --> CodeIgniter\Database\Exceptions\DatabaseException: Unknown column 'series.nome' in 'field list'
[Method: GET, Route: orcamento/inserir/1]
in SYSTEMPATH\Database\BaseConnection.php on line 688.
 1 SYSTEMPATH\Database\BaseBuilder.php(1644): CodeIgniter\Database\BaseConnection->query('SELECT `maquinarios`.`nome` as `nomeMaquinario`, `marcas`.`nome` as `nomeMarca`, `modelos`.`nome` as `nomeModelo`, `series`.`idSerie`, `series`.`nome` as `nomeSerie`
FROM `series`
INNER JOIN `modelos` ON `modelos`.`idModelo`=`series`.`idModelo`
INNER JOIN `maquinarios` ON `maquinarios`.`idMaquinario`=`modelos`.`idMaquinario`
INNER JOIN `marcas` ON `marcas`.`idMarca`=`modelos`.`idMarca`', [], false)
 2 SYSTEMPATH\Model.php(286): CodeIgniter\Database\BaseBuilder->get()
 3 SYSTEMPATH\BaseModel.php(676): CodeIgniter\Model->doFindAll(0, 0)
 4 APPPATH\Controllers\OrcamentoController.php(59): CodeIgniter\BaseModel->findAll()
 5 SYSTEMPATH\CodeIgniter.php(933): App\Controllers\OrcamentoController->inserir(1)
 6 SYSTEMPATH\CodeIgniter.php(509): CodeIgniter\CodeIgniter->runController(Object(App\Controllers\OrcamentoController))
 7 SYSTEMPATH\CodeIgniter.php(355): CodeIgniter\CodeIgniter->handleRequest(null, Object(Config\Cache), false)
 8 SYSTEMPATH\Boot.php(325): CodeIgniter\CodeIgniter->run()
 9 SYSTEMPATH\Boot.php(67): CodeIgniter\Boot::runCodeIgniter(Object(CodeIgniter\CodeIgniter))
10 FCPATH\index.php(56): CodeIgniter\Boot::bootWeb(Object(Config\Paths))
11 SYSTEMPATH\rewrite.php(44): require_once('C:\\xampp\\htdocs\\vtornos\\public\\index.php')
CRITICAL - 2024-12-01 11:39:10 --> [Caused by] CodeIgniter\Database\Exceptions\DatabaseException: Unknown column 'series.nome' in 'field list'
in SYSTEMPATH\Database\MySQLi\Connection.php on line 317.
 1 SYSTEMPATH\Database\BaseConnection.php(734): CodeIgniter\Database\MySQLi\Connection->execute('SELECT `maquinarios`.`nome` as `nomeMaquinario`, `marcas`.`nome` as `nomeMarca`, `modelos`.`nome` as `nomeModelo`, `series`.`idSerie`, `series`.`nome` as `nomeSerie`
FROM `series`
INNER JOIN `modelos` ON `modelos`.`idModelo`=`series`.`idModelo`
INNER JOIN `maquinarios` ON `maquinarios`.`idMaquinario`=`modelos`.`idMaquinario`
INNER JOIN `marcas` ON `marcas`.`idMarca`=`modelos`.`idMarca`')
 2 SYSTEMPATH\Database\BaseConnection.php(648): CodeIgniter\Database\BaseConnection->simpleQuery('SELECT `maquinarios`.`nome` as `nomeMaquinario`, `marcas`.`nome` as `nomeMarca`, `modelos`.`nome` as `nomeModelo`, `series`.`idSerie`, `series`.`nome` as `nomeSerie`
FROM `series`
INNER JOIN `modelos` ON `modelos`.`idModelo`=`series`.`idModelo`
INNER JOIN `maquinarios` ON `maquinarios`.`idMaquinario`=`modelos`.`idMaquinario`
INNER JOIN `marcas` ON `marcas`.`idMarca`=`modelos`.`idMarca`')
 3 SYSTEMPATH\Database\BaseBuilder.php(1644): CodeIgniter\Database\BaseConnection->query('SELECT `maquinarios`.`nome` as `nomeMaquinario`, `marcas`.`nome` as `nomeMarca`, `modelos`.`nome` as `nomeModelo`, `series`.`idSerie`, `series`.`nome` as `nomeSerie`
FROM `series`
INNER JOIN `modelos` ON `modelos`.`idModelo`=`series`.`idModelo`
INNER JOIN `maquinarios` ON `maquinarios`.`idMaquinario`=`modelos`.`idMaquinario`
INNER JOIN `marcas` ON `marcas`.`idMarca`=`modelos`.`idMarca`', [], false)
 4 SYSTEMPATH\Model.php(286): CodeIgniter\Database\BaseBuilder->get()
 5 SYSTEMPATH\BaseModel.php(676): CodeIgniter\Model->doFindAll(0, 0)
 6 APPPATH\Controllers\OrcamentoController.php(59): CodeIgniter\BaseModel->findAll()
 7 SYSTEMPATH\CodeIgniter.php(933): App\Controllers\OrcamentoController->inserir(1)
 8 SYSTEMPATH\CodeIgniter.php(509): CodeIgniter\CodeIgniter->runController(Object(App\Controllers\OrcamentoController))
 9 SYSTEMPATH\CodeIgniter.php(355): CodeIgniter\CodeIgniter->handleRequest(null, Object(Config\Cache), false)
10 SYSTEMPATH\Boot.php(325): CodeIgniter\CodeIgniter->run()
11 SYSTEMPATH\Boot.php(67): CodeIgniter\Boot::runCodeIgniter(Object(CodeIgniter\CodeIgniter))
12 FCPATH\index.php(56): CodeIgniter\Boot::bootWeb(Object(Config\Paths))
13 SYSTEMPATH\rewrite.php(44): require_once('C:\\xampp\\htdocs\\vtornos\\public\\index.php')
CRITICAL - 2024-12-01 11:39:10 --> [Caused by] mysqli_sql_exception: Unknown column 'series.nome' in 'field list'
in SYSTEMPATH\Database\MySQLi\Connection.php on line 312.
 1 SYSTEMPATH\Database\MySQLi\Connection.php(312): mysqli->query('SELECT `maquinarios`.`nome` as `nomeMaquinario`, `marcas`.`nome` as `nomeMarca`, `modelos`.`nome` as `nomeModelo`, `series`.`idSerie`, `series`.`nome` as `nomeSerie`
FROM `series`
INNER JOIN `modelos` ON `modelos`.`idModelo`=`series`.`idModelo`
INNER JOIN `maquinarios` ON `maquinarios`.`idMaquinario`=`modelos`.`idMaquinario`
INNER JOIN `marcas` ON `marcas`.`idMarca`=`modelos`.`idMarca`', 0)
 2 SYSTEMPATH\Database\BaseConnection.php(734): CodeIgniter\Database\MySQLi\Connection->execute('SELECT `maquinarios`.`nome` as `nomeMaquinario`, `marcas`.`nome` as `nomeMarca`, `modelos`.`nome` as `nomeModelo`, `series`.`idSerie`, `series`.`nome` as `nomeSerie`
FROM `series`
INNER JOIN `modelos` ON `modelos`.`idModelo`=`series`.`idModelo`
INNER JOIN `maquinarios` ON `maquinarios`.`idMaquinario`=`modelos`.`idMaquinario`
INNER JOIN `marcas` ON `marcas`.`idMarca`=`modelos`.`idMarca`')
 3 SYSTEMPATH\Database\BaseConnection.php(648): CodeIgniter\Database\BaseConnection->simpleQuery('SELECT `maquinarios`.`nome` as `nomeMaquinario`, `marcas`.`nome` as `nomeMarca`, `modelos`.`nome` as `nomeModelo`, `series`.`idSerie`, `series`.`nome` as `nomeSerie`
FROM `series`
INNER JOIN `modelos` ON `modelos`.`idModelo`=`series`.`idModelo`
INNER JOIN `maquinarios` ON `maquinarios`.`idMaquinario`=`modelos`.`idMaquinario`
INNER JOIN `marcas` ON `marcas`.`idMarca`=`modelos`.`idMarca`')
 4 SYSTEMPATH\Database\BaseBuilder.php(1644): CodeIgniter\Database\BaseConnection->query('SELECT `maquinarios`.`nome` as `nomeMaquinario`, `marcas`.`nome` as `nomeMarca`, `modelos`.`nome` as `nomeModelo`, `series`.`idSerie`, `series`.`nome` as `nomeSerie`
FROM `series`
INNER JOIN `modelos` ON `modelos`.`idModelo`=`series`.`idModelo`
INNER JOIN `maquinarios` ON `maquinarios`.`idMaquinario`=`modelos`.`idMaquinario`
INNER JOIN `marcas` ON `marcas`.`idMarca`=`modelos`.`idMarca`', [], false)
 5 SYSTEMPATH\Model.php(286): CodeIgniter\Database\BaseBuilder->get()
 6 SYSTEMPATH\BaseModel.php(676): CodeIgniter\Model->doFindAll(0, 0)
 7 APPPATH\Controllers\OrcamentoController.php(59): CodeIgniter\BaseModel->findAll()
 8 SYSTEMPATH\CodeIgniter.php(933): App\Controllers\OrcamentoController->inserir(1)
 9 SYSTEMPATH\CodeIgniter.php(509): CodeIgniter\CodeIgniter->runController(Object(App\Controllers\OrcamentoController))
10 SYSTEMPATH\CodeIgniter.php(355): CodeIgniter\CodeIgniter->handleRequest(null, Object(Config\Cache), false)
11 SYSTEMPATH\Boot.php(325): CodeIgniter\CodeIgniter->run()
12 SYSTEMPATH\Boot.php(67): CodeIgniter\Boot::runCodeIgniter(Object(CodeIgniter\CodeIgniter))
13 FCPATH\index.php(56): CodeIgniter\Boot::bootWeb(Object(Config\Paths))
14 SYSTEMPATH\rewrite.php(44): require_once('C:\\xampp\\htdocs\\vtornos\\public\\index.php')
INFO - 2024-12-01 11:49:16 --> Session: Class initialized using 'CodeIgniter\Session\Handlers\FileHandler' driver.
ERROR - 2024-12-01 11:49:16 --> mysqli_sql_exception: Unknown column 'series.nome' in 'field list' in C:\xampp\htdocs\vtornos\system\Database\MySQLi\Connection.php:312
Stack trace:
#0 C:\xampp\htdocs\vtornos\system\Database\MySQLi\Connection.php(312): mysqli->query('SELECT `maquina...', 0)
#1 C:\xampp\htdocs\vtornos\system\Database\BaseConnection.php(734): CodeIgniter\Database\MySQLi\Connection->execute('SELECT `maquina...')
#2 C:\xampp\htdocs\vtornos\system\Database\BaseConnection.php(648): CodeIgniter\Database\BaseConnection->simpleQuery('SELECT `maquina...')
#3 C:\xampp\htdocs\vtornos\system\Database\BaseBuilder.php(1644): CodeIgniter\Database\BaseConnection->query('SELECT `maquina...', Array, false)
#4 C:\xampp\htdocs\vtornos\system\Model.php(286): CodeIgniter\Database\BaseBuilder->get()
#5 C:\xampp\htdocs\vtornos\system\BaseModel.php(676): CodeIgniter\Model->doFindAll(0, 0)
#6 C:\xampp\htdocs\vtornos\app\Controllers\OrcamentoController.php(59): CodeIgniter\BaseModel->findAll()
#7 C:\xampp\htdocs\vtornos\system\CodeIgniter.php(933): App\Controllers\OrcamentoController->inserir(1)
#8 C:\xampp\htdocs\vtornos\system\CodeIgniter.php(509): CodeIgniter\CodeIgniter->runController(Object(App\Controllers\OrcamentoController))
#9 C:\xampp\htdocs\vtornos\system\CodeIgniter.php(355): CodeIgniter\CodeIgniter->handleRequest(NULL, Object(Config\Cache), false)
#10 C:\xampp\htdocs\vtornos\system\Boot.php(325): CodeIgniter\CodeIgniter->run()
#11 C:\xampp\htdocs\vtornos\system\Boot.php(67): CodeIgniter\Boot::runCodeIgniter(Object(CodeIgniter\CodeIgniter))
#12 C:\xampp\htdocs\vtornos\public\index.php(56): CodeIgniter\Boot::bootWeb(Object(Config\Paths))
#13 C:\xampp\htdocs\vtornos\system\rewrite.php(44): require_once('C:\\xampp\\htdocs...')
#14 {main}
CRITICAL - 2024-12-01 11:49:16 --> CodeIgniter\Database\Exceptions\DatabaseException: Unknown column 'series.nome' in 'field list'
[Method: GET, Route: orcamento/inserir/1]
in SYSTEMPATH\Database\BaseConnection.php on line 688.
 1 SYSTEMPATH\Database\BaseBuilder.php(1644): CodeIgniter\Database\BaseConnection->query('SELECT `maquinarios`.`nome` as `nomeMaquinario`, `marcas`.`nome` as `nomeMarca`, `modelos`.`nome` as `nomeModelo`, `series`.`idSerie`, `series`.`nome` as `nomeSerie`
FROM `series`
INNER JOIN `modelos` ON `modelos`.`idModelo`=`series`.`idModelo`
INNER JOIN `maquinarios` ON `maquinarios`.`idMaquinario`=`modelos`.`idMaquinario`
INNER JOIN `marcas` ON `marcas`.`idMarca`=`modelos`.`idMarca`', [], false)
 2 SYSTEMPATH\Model.php(286): CodeIgniter\Database\BaseBuilder->get()
 3 SYSTEMPATH\BaseModel.php(676): CodeIgniter\Model->doFindAll(0, 0)
 4 APPPATH\Controllers\OrcamentoController.php(59): CodeIgniter\BaseModel->findAll()
 5 SYSTEMPATH\CodeIgniter.php(933): App\Controllers\OrcamentoController->inserir(1)
 6 SYSTEMPATH\CodeIgniter.php(509): CodeIgniter\CodeIgniter->runController(Object(App\Controllers\OrcamentoController))
 7 SYSTEMPATH\CodeIgniter.php(355): CodeIgniter\CodeIgniter->handleRequest(null, Object(Config\Cache), false)
 8 SYSTEMPATH\Boot.php(325): CodeIgniter\CodeIgniter->run()
 9 SYSTEMPATH\Boot.php(67): CodeIgniter\Boot::runCodeIgniter(Object(CodeIgniter\CodeIgniter))
10 FCPATH\index.php(56): CodeIgniter\Boot::bootWeb(Object(Config\Paths))
11 SYSTEMPATH\rewrite.php(44): require_once('C:\\xampp\\htdocs\\vtornos\\public\\index.php')
CRITICAL - 2024-12-01 11:49:16 --> [Caused by] CodeIgniter\Database\Exceptions\DatabaseException: Unknown column 'series.nome' in 'field list'
in SYSTEMPATH\Database\MySQLi\Connection.php on line 317.
 1 SYSTEMPATH\Database\BaseConnection.php(734): CodeIgniter\Database\MySQLi\Connection->execute('SELECT `maquinarios`.`nome` as `nomeMaquinario`, `marcas`.`nome` as `nomeMarca`, `modelos`.`nome` as `nomeModelo`, `series`.`idSerie`, `series`.`nome` as `nomeSerie`
FROM `series`
INNER JOIN `modelos` ON `modelos`.`idModelo`=`series`.`idModelo`
INNER JOIN `maquinarios` ON `maquinarios`.`idMaquinario`=`modelos`.`idMaquinario`
INNER JOIN `marcas` ON `marcas`.`idMarca`=`modelos`.`idMarca`')
 2 SYSTEMPATH\Database\BaseConnection.php(648): CodeIgniter\Database\BaseConnection->simpleQuery('SELECT `maquinarios`.`nome` as `nomeMaquinario`, `marcas`.`nome` as `nomeMarca`, `modelos`.`nome` as `nomeModelo`, `series`.`idSerie`, `series`.`nome` as `nomeSerie`
FROM `series`
INNER JOIN `modelos` ON `modelos`.`idModelo`=`series`.`idModelo`
INNER JOIN `maquinarios` ON `maquinarios`.`idMaquinario`=`modelos`.`idMaquinario`
INNER JOIN `marcas` ON `marcas`.`idMarca`=`modelos`.`idMarca`')
 3 SYSTEMPATH\Database\BaseBuilder.php(1644): CodeIgniter\Database\BaseConnection->query('SELECT `maquinarios`.`nome` as `nomeMaquinario`, `marcas`.`nome` as `nomeMarca`, `modelos`.`nome` as `nomeModelo`, `series`.`idSerie`, `series`.`nome` as `nomeSerie`
FROM `series`
INNER JOIN `modelos` ON `modelos`.`idModelo`=`series`.`idModelo`
INNER JOIN `maquinarios` ON `maquinarios`.`idMaquinario`=`modelos`.`idMaquinario`
INNER JOIN `marcas` ON `marcas`.`idMarca`=`modelos`.`idMarca`', [], false)
 4 SYSTEMPATH\Model.php(286): CodeIgniter\Database\BaseBuilder->get()
 5 SYSTEMPATH\BaseModel.php(676): CodeIgniter\Model->doFindAll(0, 0)
 6 APPPATH\Controllers\OrcamentoController.php(59): CodeIgniter\BaseModel->findAll()
 7 SYSTEMPATH\CodeIgniter.php(933): App\Controllers\OrcamentoController->inserir(1)
 8 SYSTEMPATH\CodeIgniter.php(509): CodeIgniter\CodeIgniter->runController(Object(App\Controllers\OrcamentoController))
 9 SYSTEMPATH\CodeIgniter.php(355): CodeIgniter\CodeIgniter->handleRequest(null, Object(Config\Cache), false)
10 SYSTEMPATH\Boot.php(325): CodeIgniter\CodeIgniter->run()
11 SYSTEMPATH\Boot.php(67): CodeIgniter\Boot::runCodeIgniter(Object(CodeIgniter\CodeIgniter))
12 FCPATH\index.php(56): CodeIgniter\Boot::bootWeb(Object(Config\Paths))
13 SYSTEMPATH\rewrite.php(44): require_once('C:\\xampp\\htdocs\\vtornos\\public\\index.php')
CRITICAL - 2024-12-01 11:49:16 --> [Caused by] mysqli_sql_exception: Unknown column 'series.nome' in 'field list'
in SYSTEMPATH\Database\MySQLi\Connection.php on line 312.
 1 SYSTEMPATH\Database\MySQLi\Connection.php(312): mysqli->query('SELECT `maquinarios`.`nome` as `nomeMaquinario`, `marcas`.`nome` as `nomeMarca`, `modelos`.`nome` as `nomeModelo`, `series`.`idSerie`, `series`.`nome` as `nomeSerie`
FROM `series`
INNER JOIN `modelos` ON `modelos`.`idModelo`=`series`.`idModelo`
INNER JOIN `maquinarios` ON `maquinarios`.`idMaquinario`=`modelos`.`idMaquinario`
INNER JOIN `marcas` ON `marcas`.`idMarca`=`modelos`.`idMarca`', 0)
 2 SYSTEMPATH\Database\BaseConnection.php(734): CodeIgniter\Database\MySQLi\Connection->execute('SELECT `maquinarios`.`nome` as `nomeMaquinario`, `marcas`.`nome` as `nomeMarca`, `modelos`.`nome` as `nomeModelo`, `series`.`idSerie`, `series`.`nome` as `nomeSerie`
FROM `series`
INNER JOIN `modelos` ON `modelos`.`idModelo`=`series`.`idModelo`
INNER JOIN `maquinarios` ON `maquinarios`.`idMaquinario`=`modelos`.`idMaquinario`
INNER JOIN `marcas` ON `marcas`.`idMarca`=`modelos`.`idMarca`')
 3 SYSTEMPATH\Database\BaseConnection.php(648): CodeIgniter\Database\BaseConnection->simpleQuery('SELECT `maquinarios`.`nome` as `nomeMaquinario`, `marcas`.`nome` as `nomeMarca`, `modelos`.`nome` as `nomeModelo`, `series`.`idSerie`, `series`.`nome` as `nomeSerie`
FROM `series`
INNER JOIN `modelos` ON `modelos`.`idModelo`=`series`.`idModelo`
INNER JOIN `maquinarios` ON `maquinarios`.`idMaquinario`=`modelos`.`idMaquinario`
INNER JOIN `marcas` ON `marcas`.`idMarca`=`modelos`.`idMarca`')
 4 SYSTEMPATH\Database\BaseBuilder.php(1644): CodeIgniter\Database\BaseConnection->query('SELECT `maquinarios`.`nome` as `nomeMaquinario`, `marcas`.`nome` as `nomeMarca`, `modelos`.`nome` as `nomeModelo`, `series`.`idSerie`, `series`.`nome` as `nomeSerie`
FROM `series`
INNER JOIN `modelos` ON `modelos`.`idModelo`=`series`.`idModelo`
INNER JOIN `maquinarios` ON `maquinarios`.`idMaquinario`=`modelos`.`idMaquinario`
INNER JOIN `marcas` ON `marcas`.`idMarca`=`modelos`.`idMarca`', [], false)
 5 SYSTEMPATH\Model.php(286): CodeIgniter\Database\BaseBuilder->get()
 6 SYSTEMPATH\BaseModel.php(676): CodeIgniter\Model->doFindAll(0, 0)
 7 APPPATH\Controllers\OrcamentoController.php(59): CodeIgniter\BaseModel->findAll()
 8 SYSTEMPATH\CodeIgniter.php(933): App\Controllers\OrcamentoController->inserir(1)
 9 SYSTEMPATH\CodeIgniter.php(509): CodeIgniter\CodeIgniter->runController(Object(App\Controllers\OrcamentoController))
10 SYSTEMPATH\CodeIgniter.php(355): CodeIgniter\CodeIgniter->handleRequest(null, Object(Config\Cache), false)
11 SYSTEMPATH\Boot.php(325): CodeIgniter\CodeIgniter->run()
12 SYSTEMPATH\Boot.php(67): CodeIgniter\Boot::runCodeIgniter(Object(CodeIgniter\CodeIgniter))
13 FCPATH\index.php(56): CodeIgniter\Boot::bootWeb(Object(Config\Paths))
14 SYSTEMPATH\rewrite.php(44): require_once('C:\\xampp\\htdocs\\vtornos\\public\\index.php')
