INFO - 2024-12-17 10:20:37 --> Session: Class initialized using 'CodeIgniter\Session\Handlers\FileHandler' driver.
INFO - 2024-12-17 10:20:37 --> Session: Class initialized using 'CodeIgniter\Session\Handlers\FileHandler' driver.
INFO - 2024-12-17 10:20:42 --> Session: Class initialized using 'CodeIgniter\Session\Handlers\FileHandler' driver.
INFO - 2024-12-17 10:20:43 --> Session: Class initialized using 'CodeIgniter\Session\Handlers\FileHandler' driver.
ERROR - 2024-12-17 10:20:43 --> mysqli_sql_exception: Unknown column 'result' in 'where clause' in C:\xampp\htdocs\vtornos\system\Database\MySQLi\Connection.php:312
Stack trace:
#0 C:\xampp\htdocs\vtornos\system\Database\MySQLi\Connection.php(312): mysqli->query('SELECT COUNT(*)...', 0)
#1 C:\xampp\htdocs\vtornos\system\Database\BaseConnection.php(734): CodeIgniter\Database\MySQLi\Connection->execute('SELECT COUNT(*)...')
#2 C:\xampp\htdocs\vtornos\system\Database\BaseConnection.php(648): CodeIgniter\Database\BaseConnection->simpleQuery('SELECT COUNT(*)...')
#3 C:\xampp\htdocs\vtornos\system\Database\BaseBuilder.php(1728): CodeIgniter\Database\BaseConnection->query('SELECT COUNT(*)...', Array, false)
#4 C:\xampp\htdocs\vtornos\system\Model.php(678): CodeIgniter\Database\BaseBuilder->countAllResults(false)
#5 C:\xampp\htdocs\vtornos\system\BaseModel.php(1284): CodeIgniter\Model->countAllResults(false)
#6 C:\xampp\htdocs\vtornos\app\Controllers\Home.php(34): CodeIgniter\BaseModel->paginate(10)
#7 C:\xampp\htdocs\vtornos\system\CodeIgniter.php(933): App\Controllers\Home->principal()
#8 C:\xampp\htdocs\vtornos\system\CodeIgniter.php(509): CodeIgniter\CodeIgniter->runController(Object(App\Controllers\Home))
#9 C:\xampp\htdocs\vtornos\system\CodeIgniter.php(355): CodeIgniter\CodeIgniter->handleRequest(NULL, Object(Config\Cache), false)
#10 C:\xampp\htdocs\vtornos\system\Boot.php(325): CodeIgniter\CodeIgniter->run()
#11 C:\xampp\htdocs\vtornos\system\Boot.php(67): CodeIgniter\Boot::runCodeIgniter(Object(CodeIgniter\CodeIgniter))
#12 C:\xampp\htdocs\vtornos\public\index.php(56): CodeIgniter\Boot::bootWeb(Object(Config\Paths))
#13 C:\xampp\htdocs\vtornos\system\rewrite.php(44): require_once('C:\\xampp\\htdocs...')
#14 {main}
CRITICAL - 2024-12-17 10:20:43 --> CodeIgniter\Database\Exceptions\DatabaseException: Unknown column 'result' in 'where clause'
[Method: GET, Route: /]
in SYSTEMPATH\Database\BaseConnection.php on line 688.
 1 SYSTEMPATH\Database\BaseBuilder.php(1728): CodeIgniter\Database\BaseConnection->query('SELECT COUNT(*) AS `numrows`
FROM `estoques`
INNER JOIN `marcas` ON `marcas`.`idMarca`=`estoques`.`idMarca`
INNER JOIN `especificacoes` ON `especificacoes`.`idEspecificacao`=`estoques`.`idEspecificacao`
INNER JOIN `pecas` ON `pecas`.`idPeca`=`especificacoes`.`idPeca`
WHERE `result` = :result:', [...], false)
 2 SYSTEMPATH\Model.php(678): CodeIgniter\Database\BaseBuilder->countAllResults(false)
 3 SYSTEMPATH\BaseModel.php(1284): CodeIgniter\Model->countAllResults(false)
 4 APPPATH\Controllers\Home.php(34): CodeIgniter\BaseModel->paginate(10)
 5 SYSTEMPATH\CodeIgniter.php(933): App\Controllers\Home->principal()
 6 SYSTEMPATH\CodeIgniter.php(509): CodeIgniter\CodeIgniter->runController(Object(App\Controllers\Home))
 7 SYSTEMPATH\CodeIgniter.php(355): CodeIgniter\CodeIgniter->handleRequest(null, Object(Config\Cache), false)
 8 SYSTEMPATH\Boot.php(325): CodeIgniter\CodeIgniter->run()
 9 SYSTEMPATH\Boot.php(67): CodeIgniter\Boot::runCodeIgniter(Object(CodeIgniter\CodeIgniter))
10 FCPATH\index.php(56): CodeIgniter\Boot::bootWeb(Object(Config\Paths))
11 SYSTEMPATH\rewrite.php(44): require_once('C:\\xampp\\htdocs\\vtornos\\public\\index.php')
CRITICAL - 2024-12-17 10:20:43 --> [Caused by] CodeIgniter\Database\Exceptions\DatabaseException: Unknown column 'result' in 'where clause'
in SYSTEMPATH\Database\MySQLi\Connection.php on line 317.
 1 SYSTEMPATH\Database\BaseConnection.php(734): CodeIgniter\Database\MySQLi\Connection->execute('SELECT COUNT(*) AS `numrows`
FROM `estoques`
INNER JOIN `marcas` ON `marcas`.`idMarca`=`estoques`.`idMarca`
INNER JOIN `especificacoes` ON `especificacoes`.`idEspecificacao`=`estoques`.`idEspecificacao`
INNER JOIN `pecas` ON `pecas`.`idPeca`=`especificacoes`.`idPeca`
WHERE `result` = \'quantiaEstoque < minimoEstoque\'')
 2 SYSTEMPATH\Database\BaseConnection.php(648): CodeIgniter\Database\BaseConnection->simpleQuery('SELECT COUNT(*) AS `numrows`
FROM `estoques`
INNER JOIN `marcas` ON `marcas`.`idMarca`=`estoques`.`idMarca`
INNER JOIN `especificacoes` ON `especificacoes`.`idEspecificacao`=`estoques`.`idEspecificacao`
INNER JOIN `pecas` ON `pecas`.`idPeca`=`especificacoes`.`idPeca`
WHERE `result` = \'quantiaEstoque < minimoEstoque\'')
 3 SYSTEMPATH\Database\BaseBuilder.php(1728): CodeIgniter\Database\BaseConnection->query('SELECT COUNT(*) AS `numrows`
FROM `estoques`
INNER JOIN `marcas` ON `marcas`.`idMarca`=`estoques`.`idMarca`
INNER JOIN `especificacoes` ON `especificacoes`.`idEspecificacao`=`estoques`.`idEspecificacao`
INNER JOIN `pecas` ON `pecas`.`idPeca`=`especificacoes`.`idPeca`
WHERE `result` = :result:', [...], false)
 4 SYSTEMPATH\Model.php(678): CodeIgniter\Database\BaseBuilder->countAllResults(false)
 5 SYSTEMPATH\BaseModel.php(1284): CodeIgniter\Model->countAllResults(false)
 6 APPPATH\Controllers\Home.php(34): CodeIgniter\BaseModel->paginate(10)
 7 SYSTEMPATH\CodeIgniter.php(933): App\Controllers\Home->principal()
 8 SYSTEMPATH\CodeIgniter.php(509): CodeIgniter\CodeIgniter->runController(Object(App\Controllers\Home))
 9 SYSTEMPATH\CodeIgniter.php(355): CodeIgniter\CodeIgniter->handleRequest(null, Object(Config\Cache), false)
10 SYSTEMPATH\Boot.php(325): CodeIgniter\CodeIgniter->run()
11 SYSTEMPATH\Boot.php(67): CodeIgniter\Boot::runCodeIgniter(Object(CodeIgniter\CodeIgniter))
12 FCPATH\index.php(56): CodeIgniter\Boot::bootWeb(Object(Config\Paths))
13 SYSTEMPATH\rewrite.php(44): require_once('C:\\xampp\\htdocs\\vtornos\\public\\index.php')
CRITICAL - 2024-12-17 10:20:43 --> [Caused by] mysqli_sql_exception: Unknown column 'result' in 'where clause'
in SYSTEMPATH\Database\MySQLi\Connection.php on line 312.
 1 SYSTEMPATH\Database\MySQLi\Connection.php(312): mysqli->query('SELECT COUNT(*) AS `numrows`
FROM `estoques`
INNER JOIN `marcas` ON `marcas`.`idMarca`=`estoques`.`idMarca`
INNER JOIN `especificacoes` ON `especificacoes`.`idEspecificacao`=`estoques`.`idEspecificacao`
INNER JOIN `pecas` ON `pecas`.`idPeca`=`especificacoes`.`idPeca`
WHERE `result` = \'quantiaEstoque < minimoEstoque\'', 0)
 2 SYSTEMPATH\Database\BaseConnection.php(734): CodeIgniter\Database\MySQLi\Connection->execute('SELECT COUNT(*) AS `numrows`
FROM `estoques`
INNER JOIN `marcas` ON `marcas`.`idMarca`=`estoques`.`idMarca`
INNER JOIN `especificacoes` ON `especificacoes`.`idEspecificacao`=`estoques`.`idEspecificacao`
INNER JOIN `pecas` ON `pecas`.`idPeca`=`especificacoes`.`idPeca`
WHERE `result` = \'quantiaEstoque < minimoEstoque\'')
 3 SYSTEMPATH\Database\BaseConnection.php(648): CodeIgniter\Database\BaseConnection->simpleQuery('SELECT COUNT(*) AS `numrows`
FROM `estoques`
INNER JOIN `marcas` ON `marcas`.`idMarca`=`estoques`.`idMarca`
INNER JOIN `especificacoes` ON `especificacoes`.`idEspecificacao`=`estoques`.`idEspecificacao`
INNER JOIN `pecas` ON `pecas`.`idPeca`=`especificacoes`.`idPeca`
WHERE `result` = \'quantiaEstoque < minimoEstoque\'')
 4 SYSTEMPATH\Database\BaseBuilder.php(1728): CodeIgniter\Database\BaseConnection->query('SELECT COUNT(*) AS `numrows`
FROM `estoques`
INNER JOIN `marcas` ON `marcas`.`idMarca`=`estoques`.`idMarca`
INNER JOIN `especificacoes` ON `especificacoes`.`idEspecificacao`=`estoques`.`idEspecificacao`
INNER JOIN `pecas` ON `pecas`.`idPeca`=`especificacoes`.`idPeca`
WHERE `result` = :result:', [...], false)
 5 SYSTEMPATH\Model.php(678): CodeIgniter\Database\BaseBuilder->countAllResults(false)
 6 SYSTEMPATH\BaseModel.php(1284): CodeIgniter\Model->countAllResults(false)
 7 APPPATH\Controllers\Home.php(34): CodeIgniter\BaseModel->paginate(10)
 8 SYSTEMPATH\CodeIgniter.php(933): App\Controllers\Home->principal()
 9 SYSTEMPATH\CodeIgniter.php(509): CodeIgniter\CodeIgniter->runController(Object(App\Controllers\Home))
10 SYSTEMPATH\CodeIgniter.php(355): CodeIgniter\CodeIgniter->handleRequest(null, Object(Config\Cache), false)
11 SYSTEMPATH\Boot.php(325): CodeIgniter\CodeIgniter->run()
12 SYSTEMPATH\Boot.php(67): CodeIgniter\Boot::runCodeIgniter(Object(CodeIgniter\CodeIgniter))
13 FCPATH\index.php(56): CodeIgniter\Boot::bootWeb(Object(Config\Paths))
14 SYSTEMPATH\rewrite.php(44): require_once('C:\\xampp\\htdocs\\vtornos\\public\\index.php')
INFO - 2024-12-17 10:22:58 --> Session: Class initialized using 'CodeIgniter\Session\Handlers\FileHandler' driver.
ERROR - 2024-12-17 10:22:58 --> mysqli_sql_exception: Unknown column 'result' in 'where clause' in C:\xampp\htdocs\vtornos\system\Database\MySQLi\Connection.php:312
Stack trace:
#0 C:\xampp\htdocs\vtornos\system\Database\MySQLi\Connection.php(312): mysqli->query('SELECT *\nFROM `...', 0)
#1 C:\xampp\htdocs\vtornos\system\Database\BaseConnection.php(734): CodeIgniter\Database\MySQLi\Connection->execute('SELECT *\nFROM `...')
#2 C:\xampp\htdocs\vtornos\system\Database\BaseConnection.php(648): CodeIgniter\Database\BaseConnection->simpleQuery('SELECT *\nFROM `...')
#3 C:\xampp\htdocs\vtornos\system\Database\BaseBuilder.php(1782): CodeIgniter\Database\BaseConnection->query('SELECT *\nFROM `...', Array, false)
#4 C:\xampp\htdocs\vtornos\system\Model.php(930): CodeIgniter\Database\BaseBuilder->getWhere(Array)
#5 C:\xampp\htdocs\vtornos\app\Controllers\Home.php(34): CodeIgniter\Model->__call('getWhere', Array)
#6 C:\xampp\htdocs\vtornos\system\CodeIgniter.php(933): App\Controllers\Home->principal()
#7 C:\xampp\htdocs\vtornos\system\CodeIgniter.php(509): CodeIgniter\CodeIgniter->runController(Object(App\Controllers\Home))
#8 C:\xampp\htdocs\vtornos\system\CodeIgniter.php(355): CodeIgniter\CodeIgniter->handleRequest(NULL, Object(Config\Cache), false)
#9 C:\xampp\htdocs\vtornos\system\Boot.php(325): CodeIgniter\CodeIgniter->run()
#10 C:\xampp\htdocs\vtornos\system\Boot.php(67): CodeIgniter\Boot::runCodeIgniter(Object(CodeIgniter\CodeIgniter))
#11 C:\xampp\htdocs\vtornos\public\index.php(56): CodeIgniter\Boot::bootWeb(Object(Config\Paths))
#12 C:\xampp\htdocs\vtornos\system\rewrite.php(44): require_once('C:\\xampp\\htdocs...')
#13 {main}
CRITICAL - 2024-12-17 10:22:58 --> CodeIgniter\Database\Exceptions\DatabaseException: Unknown column 'result' in 'where clause'
[Method: GET, Route: /]
in SYSTEMPATH\Database\BaseConnection.php on line 688.
 1 SYSTEMPATH\Database\BaseBuilder.php(1782): CodeIgniter\Database\BaseConnection->query('SELECT *
FROM `estoques`
INNER JOIN `marcas` ON `marcas`.`idMarca`=`estoques`.`idMarca`
INNER JOIN `especificacoes` ON `especificacoes`.`idEspecificacao`=`estoques`.`idEspecificacao`
INNER JOIN `pecas` ON `pecas`.`idPeca`=`especificacoes`.`idPeca`
WHERE `result` = :result:', [...], false)
 2 SYSTEMPATH\Model.php(930): CodeIgniter\Database\BaseBuilder->getWhere([...])
 3 APPPATH\Controllers\Home.php(34): CodeIgniter\Model->__call('getWhere', [...])
 4 SYSTEMPATH\CodeIgniter.php(933): App\Controllers\Home->principal()
 5 SYSTEMPATH\CodeIgniter.php(509): CodeIgniter\CodeIgniter->runController(Object(App\Controllers\Home))
 6 SYSTEMPATH\CodeIgniter.php(355): CodeIgniter\CodeIgniter->handleRequest(null, Object(Config\Cache), false)
 7 SYSTEMPATH\Boot.php(325): CodeIgniter\CodeIgniter->run()
 8 SYSTEMPATH\Boot.php(67): CodeIgniter\Boot::runCodeIgniter(Object(CodeIgniter\CodeIgniter))
 9 FCPATH\index.php(56): CodeIgniter\Boot::bootWeb(Object(Config\Paths))
10 SYSTEMPATH\rewrite.php(44): require_once('C:\\xampp\\htdocs\\vtornos\\public\\index.php')
CRITICAL - 2024-12-17 10:22:58 --> [Caused by] CodeIgniter\Database\Exceptions\DatabaseException: Unknown column 'result' in 'where clause'
in SYSTEMPATH\Database\MySQLi\Connection.php on line 317.
 1 SYSTEMPATH\Database\BaseConnection.php(734): CodeIgniter\Database\MySQLi\Connection->execute('SELECT *
FROM `estoques`
INNER JOIN `marcas` ON `marcas`.`idMarca`=`estoques`.`idMarca`
INNER JOIN `especificacoes` ON `especificacoes`.`idEspecificacao`=`estoques`.`idEspecificacao`
INNER JOIN `pecas` ON `pecas`.`idPeca`=`especificacoes`.`idPeca`
WHERE `result` = \'quantiaEstoque < minimoEstoque\'')
 2 SYSTEMPATH\Database\BaseConnection.php(648): CodeIgniter\Database\BaseConnection->simpleQuery('SELECT *
FROM `estoques`
INNER JOIN `marcas` ON `marcas`.`idMarca`=`estoques`.`idMarca`
INNER JOIN `especificacoes` ON `especificacoes`.`idEspecificacao`=`estoques`.`idEspecificacao`
INNER JOIN `pecas` ON `pecas`.`idPeca`=`especificacoes`.`idPeca`
WHERE `result` = \'quantiaEstoque < minimoEstoque\'')
 3 SYSTEMPATH\Database\BaseBuilder.php(1782): CodeIgniter\Database\BaseConnection->query('SELECT *
FROM `estoques`
INNER JOIN `marcas` ON `marcas`.`idMarca`=`estoques`.`idMarca`
INNER JOIN `especificacoes` ON `especificacoes`.`idEspecificacao`=`estoques`.`idEspecificacao`
INNER JOIN `pecas` ON `pecas`.`idPeca`=`especificacoes`.`idPeca`
WHERE `result` = :result:', [...], false)
 4 SYSTEMPATH\Model.php(930): CodeIgniter\Database\BaseBuilder->getWhere([...])
 5 APPPATH\Controllers\Home.php(34): CodeIgniter\Model->__call('getWhere', [...])
 6 SYSTEMPATH\CodeIgniter.php(933): App\Controllers\Home->principal()
 7 SYSTEMPATH\CodeIgniter.php(509): CodeIgniter\CodeIgniter->runController(Object(App\Controllers\Home))
 8 SYSTEMPATH\CodeIgniter.php(355): CodeIgniter\CodeIgniter->handleRequest(null, Object(Config\Cache), false)
 9 SYSTEMPATH\Boot.php(325): CodeIgniter\CodeIgniter->run()
10 SYSTEMPATH\Boot.php(67): CodeIgniter\Boot::runCodeIgniter(Object(CodeIgniter\CodeIgniter))
11 FCPATH\index.php(56): CodeIgniter\Boot::bootWeb(Object(Config\Paths))
12 SYSTEMPATH\rewrite.php(44): require_once('C:\\xampp\\htdocs\\vtornos\\public\\index.php')
CRITICAL - 2024-12-17 10:22:58 --> [Caused by] mysqli_sql_exception: Unknown column 'result' in 'where clause'
in SYSTEMPATH\Database\MySQLi\Connection.php on line 312.
 1 SYSTEMPATH\Database\MySQLi\Connection.php(312): mysqli->query('SELECT *
FROM `estoques`
INNER JOIN `marcas` ON `marcas`.`idMarca`=`estoques`.`idMarca`
INNER JOIN `especificacoes` ON `especificacoes`.`idEspecificacao`=`estoques`.`idEspecificacao`
INNER JOIN `pecas` ON `pecas`.`idPeca`=`especificacoes`.`idPeca`
WHERE `result` = \'quantiaEstoque < minimoEstoque\'', 0)
 2 SYSTEMPATH\Database\BaseConnection.php(734): CodeIgniter\Database\MySQLi\Connection->execute('SELECT *
FROM `estoques`
INNER JOIN `marcas` ON `marcas`.`idMarca`=`estoques`.`idMarca`
INNER JOIN `especificacoes` ON `especificacoes`.`idEspecificacao`=`estoques`.`idEspecificacao`
INNER JOIN `pecas` ON `pecas`.`idPeca`=`especificacoes`.`idPeca`
WHERE `result` = \'quantiaEstoque < minimoEstoque\'')
 3 SYSTEMPATH\Database\BaseConnection.php(648): CodeIgniter\Database\BaseConnection->simpleQuery('SELECT *
FROM `estoques`
INNER JOIN `marcas` ON `marcas`.`idMarca`=`estoques`.`idMarca`
INNER JOIN `especificacoes` ON `especificacoes`.`idEspecificacao`=`estoques`.`idEspecificacao`
INNER JOIN `pecas` ON `pecas`.`idPeca`=`especificacoes`.`idPeca`
WHERE `result` = \'quantiaEstoque < minimoEstoque\'')
 4 SYSTEMPATH\Database\BaseBuilder.php(1782): CodeIgniter\Database\BaseConnection->query('SELECT *
FROM `estoques`
INNER JOIN `marcas` ON `marcas`.`idMarca`=`estoques`.`idMarca`
INNER JOIN `especificacoes` ON `especificacoes`.`idEspecificacao`=`estoques`.`idEspecificacao`
INNER JOIN `pecas` ON `pecas`.`idPeca`=`especificacoes`.`idPeca`
WHERE `result` = :result:', [...], false)
 5 SYSTEMPATH\Model.php(930): CodeIgniter\Database\BaseBuilder->getWhere([...])
 6 APPPATH\Controllers\Home.php(34): CodeIgniter\Model->__call('getWhere', [...])
 7 SYSTEMPATH\CodeIgniter.php(933): App\Controllers\Home->principal()
 8 SYSTEMPATH\CodeIgniter.php(509): CodeIgniter\CodeIgniter->runController(Object(App\Controllers\Home))
 9 SYSTEMPATH\CodeIgniter.php(355): CodeIgniter\CodeIgniter->handleRequest(null, Object(Config\Cache), false)
10 SYSTEMPATH\Boot.php(325): CodeIgniter\CodeIgniter->run()
11 SYSTEMPATH\Boot.php(67): CodeIgniter\Boot::runCodeIgniter(Object(CodeIgniter\CodeIgniter))
12 FCPATH\index.php(56): CodeIgniter\Boot::bootWeb(Object(Config\Paths))
13 SYSTEMPATH\rewrite.php(44): require_once('C:\\xampp\\htdocs\\vtornos\\public\\index.php')
INFO - 2024-12-17 10:25:39 --> Session: Class initialized using 'CodeIgniter\Session\Handlers\FileHandler' driver.
ERROR - 2024-12-17 10:25:39 --> mysqli_sql_exception: Unknown column 'result' in 'where clause' in C:\xampp\htdocs\vtornos\system\Database\MySQLi\Connection.php:312
Stack trace:
#0 C:\xampp\htdocs\vtornos\system\Database\MySQLi\Connection.php(312): mysqli->query('SELECT COUNT(*)...', 0)
#1 C:\xampp\htdocs\vtornos\system\Database\BaseConnection.php(734): CodeIgniter\Database\MySQLi\Connection->execute('SELECT COUNT(*)...')
#2 C:\xampp\htdocs\vtornos\system\Database\BaseConnection.php(648): CodeIgniter\Database\BaseConnection->simpleQuery('SELECT COUNT(*)...')
#3 C:\xampp\htdocs\vtornos\system\Database\BaseBuilder.php(1728): CodeIgniter\Database\BaseConnection->query('SELECT COUNT(*)...', Array, false)
#4 C:\xampp\htdocs\vtornos\system\Model.php(678): CodeIgniter\Database\BaseBuilder->countAllResults(false)
#5 C:\xampp\htdocs\vtornos\system\BaseModel.php(1284): CodeIgniter\Model->countAllResults(false)
#6 C:\xampp\htdocs\vtornos\app\Controllers\Home.php(36): CodeIgniter\BaseModel->paginate(10)
#7 C:\xampp\htdocs\vtornos\system\CodeIgniter.php(933): App\Controllers\Home->principal()
#8 C:\xampp\htdocs\vtornos\system\CodeIgniter.php(509): CodeIgniter\CodeIgniter->runController(Object(App\Controllers\Home))
#9 C:\xampp\htdocs\vtornos\system\CodeIgniter.php(355): CodeIgniter\CodeIgniter->handleRequest(NULL, Object(Config\Cache), false)
#10 C:\xampp\htdocs\vtornos\system\Boot.php(325): CodeIgniter\CodeIgniter->run()
#11 C:\xampp\htdocs\vtornos\system\Boot.php(67): CodeIgniter\Boot::runCodeIgniter(Object(CodeIgniter\CodeIgniter))
#12 C:\xampp\htdocs\vtornos\public\index.php(56): CodeIgniter\Boot::bootWeb(Object(Config\Paths))
#13 C:\xampp\htdocs\vtornos\system\rewrite.php(44): require_once('C:\\xampp\\htdocs...')
#14 {main}
CRITICAL - 2024-12-17 10:25:39 --> CodeIgniter\Database\Exceptions\DatabaseException: Unknown column 'result' in 'where clause'
[Method: GET, Route: /]
in SYSTEMPATH\Database\BaseConnection.php on line 688.
 1 SYSTEMPATH\Database\BaseBuilder.php(1728): CodeIgniter\Database\BaseConnection->query('SELECT COUNT(*) AS `numrows`
FROM `estoques`
INNER JOIN `marcas` ON `marcas`.`idMarca`=`estoques`.`idMarca`
INNER JOIN `especificacoes` ON `especificacoes`.`idEspecificacao`=`estoques`.`idEspecificacao`
INNER JOIN `pecas` ON `pecas`.`idPeca`=`especificacoes`.`idPeca`
WHERE `result` = :result:', [...], false)
 2 SYSTEMPATH\Model.php(678): CodeIgniter\Database\BaseBuilder->countAllResults(false)
 3 SYSTEMPATH\BaseModel.php(1284): CodeIgniter\Model->countAllResults(false)
 4 APPPATH\Controllers\Home.php(36): CodeIgniter\BaseModel->paginate(10)
 5 SYSTEMPATH\CodeIgniter.php(933): App\Controllers\Home->principal()
 6 SYSTEMPATH\CodeIgniter.php(509): CodeIgniter\CodeIgniter->runController(Object(App\Controllers\Home))
 7 SYSTEMPATH\CodeIgniter.php(355): CodeIgniter\CodeIgniter->handleRequest(null, Object(Config\Cache), false)
 8 SYSTEMPATH\Boot.php(325): CodeIgniter\CodeIgniter->run()
 9 SYSTEMPATH\Boot.php(67): CodeIgniter\Boot::runCodeIgniter(Object(CodeIgniter\CodeIgniter))
10 FCPATH\index.php(56): CodeIgniter\Boot::bootWeb(Object(Config\Paths))
11 SYSTEMPATH\rewrite.php(44): require_once('C:\\xampp\\htdocs\\vtornos\\public\\index.php')
CRITICAL - 2024-12-17 10:25:39 --> [Caused by] CodeIgniter\Database\Exceptions\DatabaseException: Unknown column 'result' in 'where clause'
in SYSTEMPATH\Database\MySQLi\Connection.php on line 317.
 1 SYSTEMPATH\Database\BaseConnection.php(734): CodeIgniter\Database\MySQLi\Connection->execute('SELECT COUNT(*) AS `numrows`
FROM `estoques`
INNER JOIN `marcas` ON `marcas`.`idMarca`=`estoques`.`idMarca`
INNER JOIN `especificacoes` ON `especificacoes`.`idEspecificacao`=`estoques`.`idEspecificacao`
INNER JOIN `pecas` ON `pecas`.`idPeca`=`especificacoes`.`idPeca`
WHERE `result` = \'quantiaEstoque < minimoEstoque\'')
 2 SYSTEMPATH\Database\BaseConnection.php(648): CodeIgniter\Database\BaseConnection->simpleQuery('SELECT COUNT(*) AS `numrows`
FROM `estoques`
INNER JOIN `marcas` ON `marcas`.`idMarca`=`estoques`.`idMarca`
INNER JOIN `especificacoes` ON `especificacoes`.`idEspecificacao`=`estoques`.`idEspecificacao`
INNER JOIN `pecas` ON `pecas`.`idPeca`=`especificacoes`.`idPeca`
WHERE `result` = \'quantiaEstoque < minimoEstoque\'')
 3 SYSTEMPATH\Database\BaseBuilder.php(1728): CodeIgniter\Database\BaseConnection->query('SELECT COUNT(*) AS `numrows`
FROM `estoques`
INNER JOIN `marcas` ON `marcas`.`idMarca`=`estoques`.`idMarca`
INNER JOIN `especificacoes` ON `especificacoes`.`idEspecificacao`=`estoques`.`idEspecificacao`
INNER JOIN `pecas` ON `pecas`.`idPeca`=`especificacoes`.`idPeca`
WHERE `result` = :result:', [...], false)
 4 SYSTEMPATH\Model.php(678): CodeIgniter\Database\BaseBuilder->countAllResults(false)
 5 SYSTEMPATH\BaseModel.php(1284): CodeIgniter\Model->countAllResults(false)
 6 APPPATH\Controllers\Home.php(36): CodeIgniter\BaseModel->paginate(10)
 7 SYSTEMPATH\CodeIgniter.php(933): App\Controllers\Home->principal()
 8 SYSTEMPATH\CodeIgniter.php(509): CodeIgniter\CodeIgniter->runController(Object(App\Controllers\Home))
 9 SYSTEMPATH\CodeIgniter.php(355): CodeIgniter\CodeIgniter->handleRequest(null, Object(Config\Cache), false)
10 SYSTEMPATH\Boot.php(325): CodeIgniter\CodeIgniter->run()
11 SYSTEMPATH\Boot.php(67): CodeIgniter\Boot::runCodeIgniter(Object(CodeIgniter\CodeIgniter))
12 FCPATH\index.php(56): CodeIgniter\Boot::bootWeb(Object(Config\Paths))
13 SYSTEMPATH\rewrite.php(44): require_once('C:\\xampp\\htdocs\\vtornos\\public\\index.php')
CRITICAL - 2024-12-17 10:25:39 --> [Caused by] mysqli_sql_exception: Unknown column 'result' in 'where clause'
in SYSTEMPATH\Database\MySQLi\Connection.php on line 312.
 1 SYSTEMPATH\Database\MySQLi\Connection.php(312): mysqli->query('SELECT COUNT(*) AS `numrows`
FROM `estoques`
INNER JOIN `marcas` ON `marcas`.`idMarca`=`estoques`.`idMarca`
INNER JOIN `especificacoes` ON `especificacoes`.`idEspecificacao`=`estoques`.`idEspecificacao`
INNER JOIN `pecas` ON `pecas`.`idPeca`=`especificacoes`.`idPeca`
WHERE `result` = \'quantiaEstoque < minimoEstoque\'', 0)
 2 SYSTEMPATH\Database\BaseConnection.php(734): CodeIgniter\Database\MySQLi\Connection->execute('SELECT COUNT(*) AS `numrows`
FROM `estoques`
INNER JOIN `marcas` ON `marcas`.`idMarca`=`estoques`.`idMarca`
INNER JOIN `especificacoes` ON `especificacoes`.`idEspecificacao`=`estoques`.`idEspecificacao`
INNER JOIN `pecas` ON `pecas`.`idPeca`=`especificacoes`.`idPeca`
WHERE `result` = \'quantiaEstoque < minimoEstoque\'')
 3 SYSTEMPATH\Database\BaseConnection.php(648): CodeIgniter\Database\BaseConnection->simpleQuery('SELECT COUNT(*) AS `numrows`
FROM `estoques`
INNER JOIN `marcas` ON `marcas`.`idMarca`=`estoques`.`idMarca`
INNER JOIN `especificacoes` ON `especificacoes`.`idEspecificacao`=`estoques`.`idEspecificacao`
INNER JOIN `pecas` ON `pecas`.`idPeca`=`especificacoes`.`idPeca`
WHERE `result` = \'quantiaEstoque < minimoEstoque\'')
 4 SYSTEMPATH\Database\BaseBuilder.php(1728): CodeIgniter\Database\BaseConnection->query('SELECT COUNT(*) AS `numrows`
FROM `estoques`
INNER JOIN `marcas` ON `marcas`.`idMarca`=`estoques`.`idMarca`
INNER JOIN `especificacoes` ON `especificacoes`.`idEspecificacao`=`estoques`.`idEspecificacao`
INNER JOIN `pecas` ON `pecas`.`idPeca`=`especificacoes`.`idPeca`
WHERE `result` = :result:', [...], false)
 5 SYSTEMPATH\Model.php(678): CodeIgniter\Database\BaseBuilder->countAllResults(false)
 6 SYSTEMPATH\BaseModel.php(1284): CodeIgniter\Model->countAllResults(false)
 7 APPPATH\Controllers\Home.php(36): CodeIgniter\BaseModel->paginate(10)
 8 SYSTEMPATH\CodeIgniter.php(933): App\Controllers\Home->principal()
 9 SYSTEMPATH\CodeIgniter.php(509): CodeIgniter\CodeIgniter->runController(Object(App\Controllers\Home))
10 SYSTEMPATH\CodeIgniter.php(355): CodeIgniter\CodeIgniter->handleRequest(null, Object(Config\Cache), false)
11 SYSTEMPATH\Boot.php(325): CodeIgniter\CodeIgniter->run()
12 SYSTEMPATH\Boot.php(67): CodeIgniter\Boot::runCodeIgniter(Object(CodeIgniter\CodeIgniter))
13 FCPATH\index.php(56): CodeIgniter\Boot::bootWeb(Object(Config\Paths))
14 SYSTEMPATH\rewrite.php(44): require_once('C:\\xampp\\htdocs\\vtornos\\public\\index.php')
INFO - 2024-12-17 10:28:15 --> Session: Class initialized using 'CodeIgniter\Session\Handlers\FileHandler' driver.
ERROR - 2024-12-17 10:28:15 --> mysqli_sql_exception: Unknown column 'pecas.nome as nomePeca especeficacoes.dimensao' in 'field list' in C:\xampp\htdocs\vtornos\system\Database\MySQLi\Connection.php:312
Stack trace:
#0 C:\xampp\htdocs\vtornos\system\Database\MySQLi\Connection.php(312): mysqli->query('SELECT `marcas`...', 0)
#1 C:\xampp\htdocs\vtornos\system\Database\BaseConnection.php(734): CodeIgniter\Database\MySQLi\Connection->execute('SELECT `marcas`...')
#2 C:\xampp\htdocs\vtornos\system\Database\BaseConnection.php(648): CodeIgniter\Database\BaseConnection->simpleQuery('SELECT `marcas`...')
#3 C:\xampp\htdocs\vtornos\system\Database\BaseBuilder.php(1644): CodeIgniter\Database\BaseConnection->query('SELECT `marcas`...', Array, false)
#4 C:\xampp\htdocs\vtornos\system\Model.php(286): CodeIgniter\Database\BaseBuilder->get()
#5 C:\xampp\htdocs\vtornos\system\BaseModel.php(676): CodeIgniter\Model->doFindAll(10, 0)
#6 C:\xampp\htdocs\vtornos\system\BaseModel.php(1288): CodeIgniter\BaseModel->findAll(10, 0)
#7 C:\xampp\htdocs\vtornos\app\Controllers\Home.php(36): CodeIgniter\BaseModel->paginate(10)
#8 C:\xampp\htdocs\vtornos\system\CodeIgniter.php(933): App\Controllers\Home->principal()
#9 C:\xampp\htdocs\vtornos\system\CodeIgniter.php(509): CodeIgniter\CodeIgniter->runController(Object(App\Controllers\Home))
#10 C:\xampp\htdocs\vtornos\system\CodeIgniter.php(355): CodeIgniter\CodeIgniter->handleRequest(NULL, Object(Config\Cache), false)
#11 C:\xampp\htdocs\vtornos\system\Boot.php(325): CodeIgniter\CodeIgniter->run()
#12 C:\xampp\htdocs\vtornos\system\Boot.php(67): CodeIgniter\Boot::runCodeIgniter(Object(CodeIgniter\CodeIgniter))
#13 C:\xampp\htdocs\vtornos\public\index.php(56): CodeIgniter\Boot::bootWeb(Object(Config\Paths))
#14 C:\xampp\htdocs\vtornos\system\rewrite.php(44): require_once('C:\\xampp\\htdocs...')
#15 {main}
CRITICAL - 2024-12-17 10:28:15 --> CodeIgniter\Database\Exceptions\DatabaseException: Unknown column 'pecas.nome as nomePeca especeficacoes.dimensao' in 'field list'
[Method: GET, Route: /]
in SYSTEMPATH\Database\BaseConnection.php on line 688.
 1 SYSTEMPATH\Database\BaseBuilder.php(1644): CodeIgniter\Database\BaseConnection->query('SELECT `marcas`.`nome` as `nomeMarca`, `pecas`.`nome as nomePeca especeficacoes`.`dimensao` as `dimensaoPeca`, `especificacoes`.`especeficacao` as `especificacaoPeca`
FROM `estoques`
INNER JOIN `marcas` ON `marcas`.`idMarca`=`estoques`.`idMarca`
INNER JOIN `especificacoes` ON `especificacoes`.`idEspecificacao`=`estoques`.`idEspecificacao`
INNER JOIN `pecas` ON `pecas`.`idPeca`=`especificacoes`.`idPeca`
WHERE `quantiaEstoque` < minimoEstoque
 LIMIT 10', [], false)
 2 SYSTEMPATH\Model.php(286): CodeIgniter\Database\BaseBuilder->get()
 3 SYSTEMPATH\BaseModel.php(676): CodeIgniter\Model->doFindAll(10, 0)
 4 SYSTEMPATH\BaseModel.php(1288): CodeIgniter\BaseModel->findAll(10, 0)
 5 APPPATH\Controllers\Home.php(36): CodeIgniter\BaseModel->paginate(10)
 6 SYSTEMPATH\CodeIgniter.php(933): App\Controllers\Home->principal()
 7 SYSTEMPATH\CodeIgniter.php(509): CodeIgniter\CodeIgniter->runController(Object(App\Controllers\Home))
 8 SYSTEMPATH\CodeIgniter.php(355): CodeIgniter\CodeIgniter->handleRequest(null, Object(Config\Cache), false)
 9 SYSTEMPATH\Boot.php(325): CodeIgniter\CodeIgniter->run()
10 SYSTEMPATH\Boot.php(67): CodeIgniter\Boot::runCodeIgniter(Object(CodeIgniter\CodeIgniter))
11 FCPATH\index.php(56): CodeIgniter\Boot::bootWeb(Object(Config\Paths))
12 SYSTEMPATH\rewrite.php(44): require_once('C:\\xampp\\htdocs\\vtornos\\public\\index.php')
CRITICAL - 2024-12-17 10:28:15 --> [Caused by] CodeIgniter\Database\Exceptions\DatabaseException: Unknown column 'pecas.nome as nomePeca especeficacoes.dimensao' in 'field list'
in SYSTEMPATH\Database\MySQLi\Connection.php on line 317.
 1 SYSTEMPATH\Database\BaseConnection.php(734): CodeIgniter\Database\MySQLi\Connection->execute('SELECT `marcas`.`nome` as `nomeMarca`, `pecas`.`nome as nomePeca especeficacoes`.`dimensao` as `dimensaoPeca`, `especificacoes`.`especeficacao` as `especificacaoPeca`
FROM `estoques`
INNER JOIN `marcas` ON `marcas`.`idMarca`=`estoques`.`idMarca`
INNER JOIN `especificacoes` ON `especificacoes`.`idEspecificacao`=`estoques`.`idEspecificacao`
INNER JOIN `pecas` ON `pecas`.`idPeca`=`especificacoes`.`idPeca`
WHERE `quantiaEstoque` < minimoEstoque
 LIMIT 10')
 2 SYSTEMPATH\Database\BaseConnection.php(648): CodeIgniter\Database\BaseConnection->simpleQuery('SELECT `marcas`.`nome` as `nomeMarca`, `pecas`.`nome as nomePeca especeficacoes`.`dimensao` as `dimensaoPeca`, `especificacoes`.`especeficacao` as `especificacaoPeca`
FROM `estoques`
INNER JOIN `marcas` ON `marcas`.`idMarca`=`estoques`.`idMarca`
INNER JOIN `especificacoes` ON `especificacoes`.`idEspecificacao`=`estoques`.`idEspecificacao`
INNER JOIN `pecas` ON `pecas`.`idPeca`=`especificacoes`.`idPeca`
WHERE `quantiaEstoque` < minimoEstoque
 LIMIT 10')
 3 SYSTEMPATH\Database\BaseBuilder.php(1644): CodeIgniter\Database\BaseConnection->query('SELECT `marcas`.`nome` as `nomeMarca`, `pecas`.`nome as nomePeca especeficacoes`.`dimensao` as `dimensaoPeca`, `especificacoes`.`especeficacao` as `especificacaoPeca`
FROM `estoques`
INNER JOIN `marcas` ON `marcas`.`idMarca`=`estoques`.`idMarca`
INNER JOIN `especificacoes` ON `especificacoes`.`idEspecificacao`=`estoques`.`idEspecificacao`
INNER JOIN `pecas` ON `pecas`.`idPeca`=`especificacoes`.`idPeca`
WHERE `quantiaEstoque` < minimoEstoque
 LIMIT 10', [], false)
 4 SYSTEMPATH\Model.php(286): CodeIgniter\Database\BaseBuilder->get()
 5 SYSTEMPATH\BaseModel.php(676): CodeIgniter\Model->doFindAll(10, 0)
 6 SYSTEMPATH\BaseModel.php(1288): CodeIgniter\BaseModel->findAll(10, 0)
 7 APPPATH\Controllers\Home.php(36): CodeIgniter\BaseModel->paginate(10)
 8 SYSTEMPATH\CodeIgniter.php(933): App\Controllers\Home->principal()
 9 SYSTEMPATH\CodeIgniter.php(509): CodeIgniter\CodeIgniter->runController(Object(App\Controllers\Home))
10 SYSTEMPATH\CodeIgniter.php(355): CodeIgniter\CodeIgniter->handleRequest(null, Object(Config\Cache), false)
11 SYSTEMPATH\Boot.php(325): CodeIgniter\CodeIgniter->run()
12 SYSTEMPATH\Boot.php(67): CodeIgniter\Boot::runCodeIgniter(Object(CodeIgniter\CodeIgniter))
13 FCPATH\index.php(56): CodeIgniter\Boot::bootWeb(Object(Config\Paths))
14 SYSTEMPATH\rewrite.php(44): require_once('C:\\xampp\\htdocs\\vtornos\\public\\index.php')
CRITICAL - 2024-12-17 10:28:15 --> [Caused by] mysqli_sql_exception: Unknown column 'pecas.nome as nomePeca especeficacoes.dimensao' in 'field list'
in SYSTEMPATH\Database\MySQLi\Connection.php on line 312.
 1 SYSTEMPATH\Database\MySQLi\Connection.php(312): mysqli->query('SELECT `marcas`.`nome` as `nomeMarca`, `pecas`.`nome as nomePeca especeficacoes`.`dimensao` as `dimensaoPeca`, `especificacoes`.`especeficacao` as `especificacaoPeca`
FROM `estoques`
INNER JOIN `marcas` ON `marcas`.`idMarca`=`estoques`.`idMarca`
INNER JOIN `especificacoes` ON `especificacoes`.`idEspecificacao`=`estoques`.`idEspecificacao`
INNER JOIN `pecas` ON `pecas`.`idPeca`=`especificacoes`.`idPeca`
WHERE `quantiaEstoque` < minimoEstoque
 LIMIT 10', 0)
 2 SYSTEMPATH\Database\BaseConnection.php(734): CodeIgniter\Database\MySQLi\Connection->execute('SELECT `marcas`.`nome` as `nomeMarca`, `pecas`.`nome as nomePeca especeficacoes`.`dimensao` as `dimensaoPeca`, `especificacoes`.`especeficacao` as `especificacaoPeca`
FROM `estoques`
INNER JOIN `marcas` ON `marcas`.`idMarca`=`estoques`.`idMarca`
INNER JOIN `especificacoes` ON `especificacoes`.`idEspecificacao`=`estoques`.`idEspecificacao`
INNER JOIN `pecas` ON `pecas`.`idPeca`=`especificacoes`.`idPeca`
WHERE `quantiaEstoque` < minimoEstoque
 LIMIT 10')
 3 SYSTEMPATH\Database\BaseConnection.php(648): CodeIgniter\Database\BaseConnection->simpleQuery('SELECT `marcas`.`nome` as `nomeMarca`, `pecas`.`nome as nomePeca especeficacoes`.`dimensao` as `dimensaoPeca`, `especificacoes`.`especeficacao` as `especificacaoPeca`
FROM `estoques`
INNER JOIN `marcas` ON `marcas`.`idMarca`=`estoques`.`idMarca`
INNER JOIN `especificacoes` ON `especificacoes`.`idEspecificacao`=`estoques`.`idEspecificacao`
INNER JOIN `pecas` ON `pecas`.`idPeca`=`especificacoes`.`idPeca`
WHERE `quantiaEstoque` < minimoEstoque
 LIMIT 10')
 4 SYSTEMPATH\Database\BaseBuilder.php(1644): CodeIgniter\Database\BaseConnection->query('SELECT `marcas`.`nome` as `nomeMarca`, `pecas`.`nome as nomePeca especeficacoes`.`dimensao` as `dimensaoPeca`, `especificacoes`.`especeficacao` as `especificacaoPeca`
FROM `estoques`
INNER JOIN `marcas` ON `marcas`.`idMarca`=`estoques`.`idMarca`
INNER JOIN `especificacoes` ON `especificacoes`.`idEspecificacao`=`estoques`.`idEspecificacao`
INNER JOIN `pecas` ON `pecas`.`idPeca`=`especificacoes`.`idPeca`
WHERE `quantiaEstoque` < minimoEstoque
 LIMIT 10', [], false)
 5 SYSTEMPATH\Model.php(286): CodeIgniter\Database\BaseBuilder->get()
 6 SYSTEMPATH\BaseModel.php(676): CodeIgniter\Model->doFindAll(10, 0)
 7 SYSTEMPATH\BaseModel.php(1288): CodeIgniter\BaseModel->findAll(10, 0)
 8 APPPATH\Controllers\Home.php(36): CodeIgniter\BaseModel->paginate(10)
 9 SYSTEMPATH\CodeIgniter.php(933): App\Controllers\Home->principal()
10 SYSTEMPATH\CodeIgniter.php(509): CodeIgniter\CodeIgniter->runController(Object(App\Controllers\Home))
11 SYSTEMPATH\CodeIgniter.php(355): CodeIgniter\CodeIgniter->handleRequest(null, Object(Config\Cache), false)
12 SYSTEMPATH\Boot.php(325): CodeIgniter\CodeIgniter->run()
13 SYSTEMPATH\Boot.php(67): CodeIgniter\Boot::runCodeIgniter(Object(CodeIgniter\CodeIgniter))
14 FCPATH\index.php(56): CodeIgniter\Boot::bootWeb(Object(Config\Paths))
15 SYSTEMPATH\rewrite.php(44): require_once('C:\\xampp\\htdocs\\vtornos\\public\\index.php')
INFO - 2024-12-17 10:28:35 --> Session: Class initialized using 'CodeIgniter\Session\Handlers\FileHandler' driver.
ERROR - 2024-12-17 10:28:35 --> mysqli_sql_exception: Unknown column 'especeficacoes.dimensao' in 'field list' in C:\xampp\htdocs\vtornos\system\Database\MySQLi\Connection.php:312
Stack trace:
#0 C:\xampp\htdocs\vtornos\system\Database\MySQLi\Connection.php(312): mysqli->query('SELECT `marcas`...', 0)
#1 C:\xampp\htdocs\vtornos\system\Database\BaseConnection.php(734): CodeIgniter\Database\MySQLi\Connection->execute('SELECT `marcas`...')
#2 C:\xampp\htdocs\vtornos\system\Database\BaseConnection.php(648): CodeIgniter\Database\BaseConnection->simpleQuery('SELECT `marcas`...')
#3 C:\xampp\htdocs\vtornos\system\Database\BaseBuilder.php(1644): CodeIgniter\Database\BaseConnection->query('SELECT `marcas`...', Array, false)
#4 C:\xampp\htdocs\vtornos\system\Model.php(286): CodeIgniter\Database\BaseBuilder->get()
#5 C:\xampp\htdocs\vtornos\system\BaseModel.php(676): CodeIgniter\Model->doFindAll(10, 0)
#6 C:\xampp\htdocs\vtornos\system\BaseModel.php(1288): CodeIgniter\BaseModel->findAll(10, 0)
#7 C:\xampp\htdocs\vtornos\app\Controllers\Home.php(36): CodeIgniter\BaseModel->paginate(10)
#8 C:\xampp\htdocs\vtornos\system\CodeIgniter.php(933): App\Controllers\Home->principal()
#9 C:\xampp\htdocs\vtornos\system\CodeIgniter.php(509): CodeIgniter\CodeIgniter->runController(Object(App\Controllers\Home))
#10 C:\xampp\htdocs\vtornos\system\CodeIgniter.php(355): CodeIgniter\CodeIgniter->handleRequest(NULL, Object(Config\Cache), false)
#11 C:\xampp\htdocs\vtornos\system\Boot.php(325): CodeIgniter\CodeIgniter->run()
#12 C:\xampp\htdocs\vtornos\system\Boot.php(67): CodeIgniter\Boot::runCodeIgniter(Object(CodeIgniter\CodeIgniter))
#13 C:\xampp\htdocs\vtornos\public\index.php(56): CodeIgniter\Boot::bootWeb(Object(Config\Paths))
#14 C:\xampp\htdocs\vtornos\system\rewrite.php(44): require_once('C:\\xampp\\htdocs...')
#15 {main}
CRITICAL - 2024-12-17 10:28:35 --> CodeIgniter\Database\Exceptions\DatabaseException: Unknown column 'especeficacoes.dimensao' in 'field list'
[Method: GET, Route: /]
in SYSTEMPATH\Database\BaseConnection.php on line 688.
 1 SYSTEMPATH\Database\BaseBuilder.php(1644): CodeIgniter\Database\BaseConnection->query('SELECT `marcas`.`nome` as `nomeMarca`, `pecas`.`nome` as `nomePeca`, `especeficacoes`.`dimensao` as `dimensaoPeca`, `especificacoes`.`especeficacao` as `especificacaoPeca`
FROM `estoques`
INNER JOIN `marcas` ON `marcas`.`idMarca`=`estoques`.`idMarca`
INNER JOIN `especificacoes` ON `especificacoes`.`idEspecificacao`=`estoques`.`idEspecificacao`
INNER JOIN `pecas` ON `pecas`.`idPeca`=`especificacoes`.`idPeca`
WHERE `quantiaEstoque` < minimoEstoque
 LIMIT 10', [], false)
 2 SYSTEMPATH\Model.php(286): CodeIgniter\Database\BaseBuilder->get()
 3 SYSTEMPATH\BaseModel.php(676): CodeIgniter\Model->doFindAll(10, 0)
 4 SYSTEMPATH\BaseModel.php(1288): CodeIgniter\BaseModel->findAll(10, 0)
 5 APPPATH\Controllers\Home.php(36): CodeIgniter\BaseModel->paginate(10)
 6 SYSTEMPATH\CodeIgniter.php(933): App\Controllers\Home->principal()
 7 SYSTEMPATH\CodeIgniter.php(509): CodeIgniter\CodeIgniter->runController(Object(App\Controllers\Home))
 8 SYSTEMPATH\CodeIgniter.php(355): CodeIgniter\CodeIgniter->handleRequest(null, Object(Config\Cache), false)
 9 SYSTEMPATH\Boot.php(325): CodeIgniter\CodeIgniter->run()
10 SYSTEMPATH\Boot.php(67): CodeIgniter\Boot::runCodeIgniter(Object(CodeIgniter\CodeIgniter))
11 FCPATH\index.php(56): CodeIgniter\Boot::bootWeb(Object(Config\Paths))
12 SYSTEMPATH\rewrite.php(44): require_once('C:\\xampp\\htdocs\\vtornos\\public\\index.php')
CRITICAL - 2024-12-17 10:28:35 --> [Caused by] CodeIgniter\Database\Exceptions\DatabaseException: Unknown column 'especeficacoes.dimensao' in 'field list'
in SYSTEMPATH\Database\MySQLi\Connection.php on line 317.
 1 SYSTEMPATH\Database\BaseConnection.php(734): CodeIgniter\Database\MySQLi\Connection->execute('SELECT `marcas`.`nome` as `nomeMarca`, `pecas`.`nome` as `nomePeca`, `especeficacoes`.`dimensao` as `dimensaoPeca`, `especificacoes`.`especeficacao` as `especificacaoPeca`
FROM `estoques`
INNER JOIN `marcas` ON `marcas`.`idMarca`=`estoques`.`idMarca`
INNER JOIN `especificacoes` ON `especificacoes`.`idEspecificacao`=`estoques`.`idEspecificacao`
INNER JOIN `pecas` ON `pecas`.`idPeca`=`especificacoes`.`idPeca`
WHERE `quantiaEstoque` < minimoEstoque
 LIMIT 10')
 2 SYSTEMPATH\Database\BaseConnection.php(648): CodeIgniter\Database\BaseConnection->simpleQuery('SELECT `marcas`.`nome` as `nomeMarca`, `pecas`.`nome` as `nomePeca`, `especeficacoes`.`dimensao` as `dimensaoPeca`, `especificacoes`.`especeficacao` as `especificacaoPeca`
FROM `estoques`
INNER JOIN `marcas` ON `marcas`.`idMarca`=`estoques`.`idMarca`
INNER JOIN `especificacoes` ON `especificacoes`.`idEspecificacao`=`estoques`.`idEspecificacao`
INNER JOIN `pecas` ON `pecas`.`idPeca`=`especificacoes`.`idPeca`
WHERE `quantiaEstoque` < minimoEstoque
 LIMIT 10')
 3 SYSTEMPATH\Database\BaseBuilder.php(1644): CodeIgniter\Database\BaseConnection->query('SELECT `marcas`.`nome` as `nomeMarca`, `pecas`.`nome` as `nomePeca`, `especeficacoes`.`dimensao` as `dimensaoPeca`, `especificacoes`.`especeficacao` as `especificacaoPeca`
FROM `estoques`
INNER JOIN `marcas` ON `marcas`.`idMarca`=`estoques`.`idMarca`
INNER JOIN `especificacoes` ON `especificacoes`.`idEspecificacao`=`estoques`.`idEspecificacao`
INNER JOIN `pecas` ON `pecas`.`idPeca`=`especificacoes`.`idPeca`
WHERE `quantiaEstoque` < minimoEstoque
 LIMIT 10', [], false)
 4 SYSTEMPATH\Model.php(286): CodeIgniter\Database\BaseBuilder->get()
 5 SYSTEMPATH\BaseModel.php(676): CodeIgniter\Model->doFindAll(10, 0)
 6 SYSTEMPATH\BaseModel.php(1288): CodeIgniter\BaseModel->findAll(10, 0)
 7 APPPATH\Controllers\Home.php(36): CodeIgniter\BaseModel->paginate(10)
 8 SYSTEMPATH\CodeIgniter.php(933): App\Controllers\Home->principal()
 9 SYSTEMPATH\CodeIgniter.php(509): CodeIgniter\CodeIgniter->runController(Object(App\Controllers\Home))
10 SYSTEMPATH\CodeIgniter.php(355): CodeIgniter\CodeIgniter->handleRequest(null, Object(Config\Cache), false)
11 SYSTEMPATH\Boot.php(325): CodeIgniter\CodeIgniter->run()
12 SYSTEMPATH\Boot.php(67): CodeIgniter\Boot::runCodeIgniter(Object(CodeIgniter\CodeIgniter))
13 FCPATH\index.php(56): CodeIgniter\Boot::bootWeb(Object(Config\Paths))
14 SYSTEMPATH\rewrite.php(44): require_once('C:\\xampp\\htdocs\\vtornos\\public\\index.php')
CRITICAL - 2024-12-17 10:28:35 --> [Caused by] mysqli_sql_exception: Unknown column 'especeficacoes.dimensao' in 'field list'
in SYSTEMPATH\Database\MySQLi\Connection.php on line 312.
 1 SYSTEMPATH\Database\MySQLi\Connection.php(312): mysqli->query('SELECT `marcas`.`nome` as `nomeMarca`, `pecas`.`nome` as `nomePeca`, `especeficacoes`.`dimensao` as `dimensaoPeca`, `especificacoes`.`especeficacao` as `especificacaoPeca`
FROM `estoques`
INNER JOIN `marcas` ON `marcas`.`idMarca`=`estoques`.`idMarca`
INNER JOIN `especificacoes` ON `especificacoes`.`idEspecificacao`=`estoques`.`idEspecificacao`
INNER JOIN `pecas` ON `pecas`.`idPeca`=`especificacoes`.`idPeca`
WHERE `quantiaEstoque` < minimoEstoque
 LIMIT 10', 0)
 2 SYSTEMPATH\Database\BaseConnection.php(734): CodeIgniter\Database\MySQLi\Connection->execute('SELECT `marcas`.`nome` as `nomeMarca`, `pecas`.`nome` as `nomePeca`, `especeficacoes`.`dimensao` as `dimensaoPeca`, `especificacoes`.`especeficacao` as `especificacaoPeca`
FROM `estoques`
INNER JOIN `marcas` ON `marcas`.`idMarca`=`estoques`.`idMarca`
INNER JOIN `especificacoes` ON `especificacoes`.`idEspecificacao`=`estoques`.`idEspecificacao`
INNER JOIN `pecas` ON `pecas`.`idPeca`=`especificacoes`.`idPeca`
WHERE `quantiaEstoque` < minimoEstoque
 LIMIT 10')
 3 SYSTEMPATH\Database\BaseConnection.php(648): CodeIgniter\Database\BaseConnection->simpleQuery('SELECT `marcas`.`nome` as `nomeMarca`, `pecas`.`nome` as `nomePeca`, `especeficacoes`.`dimensao` as `dimensaoPeca`, `especificacoes`.`especeficacao` as `especificacaoPeca`
FROM `estoques`
INNER JOIN `marcas` ON `marcas`.`idMarca`=`estoques`.`idMarca`
INNER JOIN `especificacoes` ON `especificacoes`.`idEspecificacao`=`estoques`.`idEspecificacao`
INNER JOIN `pecas` ON `pecas`.`idPeca`=`especificacoes`.`idPeca`
WHERE `quantiaEstoque` < minimoEstoque
 LIMIT 10')
 4 SYSTEMPATH\Database\BaseBuilder.php(1644): CodeIgniter\Database\BaseConnection->query('SELECT `marcas`.`nome` as `nomeMarca`, `pecas`.`nome` as `nomePeca`, `especeficacoes`.`dimensao` as `dimensaoPeca`, `especificacoes`.`especeficacao` as `especificacaoPeca`
FROM `estoques`
INNER JOIN `marcas` ON `marcas`.`idMarca`=`estoques`.`idMarca`
INNER JOIN `especificacoes` ON `especificacoes`.`idEspecificacao`=`estoques`.`idEspecificacao`
INNER JOIN `pecas` ON `pecas`.`idPeca`=`especificacoes`.`idPeca`
WHERE `quantiaEstoque` < minimoEstoque
 LIMIT 10', [], false)
 5 SYSTEMPATH\Model.php(286): CodeIgniter\Database\BaseBuilder->get()
 6 SYSTEMPATH\BaseModel.php(676): CodeIgniter\Model->doFindAll(10, 0)
 7 SYSTEMPATH\BaseModel.php(1288): CodeIgniter\BaseModel->findAll(10, 0)
 8 APPPATH\Controllers\Home.php(36): CodeIgniter\BaseModel->paginate(10)
 9 SYSTEMPATH\CodeIgniter.php(933): App\Controllers\Home->principal()
10 SYSTEMPATH\CodeIgniter.php(509): CodeIgniter\CodeIgniter->runController(Object(App\Controllers\Home))
11 SYSTEMPATH\CodeIgniter.php(355): CodeIgniter\CodeIgniter->handleRequest(null, Object(Config\Cache), false)
12 SYSTEMPATH\Boot.php(325): CodeIgniter\CodeIgniter->run()
13 SYSTEMPATH\Boot.php(67): CodeIgniter\Boot::runCodeIgniter(Object(CodeIgniter\CodeIgniter))
14 FCPATH\index.php(56): CodeIgniter\Boot::bootWeb(Object(Config\Paths))
15 SYSTEMPATH\rewrite.php(44): require_once('C:\\xampp\\htdocs\\vtornos\\public\\index.php')
INFO - 2024-12-17 10:30:00 --> Session: Class initialized using 'CodeIgniter\Session\Handlers\FileHandler' driver.
INFO - 2024-12-17 10:32:41 --> Session: Class initialized using 'CodeIgniter\Session\Handlers\FileHandler' driver.
INFO - 2024-12-17 10:33:47 --> Session: Class initialized using 'CodeIgniter\Session\Handlers\FileHandler' driver.
INFO - 2024-12-17 10:40:53 --> Session: Class initialized using 'CodeIgniter\Session\Handlers\FileHandler' driver.
INFO - 2024-12-17 10:42:54 --> Session: Class initialized using 'CodeIgniter\Session\Handlers\FileHandler' driver.
INFO - 2024-12-17 10:43:52 --> Session: Class initialized using 'CodeIgniter\Session\Handlers\FileHandler' driver.
INFO - 2024-12-17 10:44:29 --> Session: Class initialized using 'CodeIgniter\Session\Handlers\FileHandler' driver.
INFO - 2024-12-17 10:45:13 --> Session: Class initialized using 'CodeIgniter\Session\Handlers\FileHandler' driver.
INFO - 2024-12-17 10:46:34 --> Session: Class initialized using 'CodeIgniter\Session\Handlers\FileHandler' driver.
INFO - 2024-12-17 10:47:06 --> Session: Class initialized using 'CodeIgniter\Session\Handlers\FileHandler' driver.
INFO - 2024-12-17 10:59:19 --> Session: Class initialized using 'CodeIgniter\Session\Handlers\FileHandler' driver.
INFO - 2024-12-17 10:59:21 --> Session: Class initialized using 'CodeIgniter\Session\Handlers\FileHandler' driver.
INFO - 2024-12-17 11:00:08 --> Session: Class initialized using 'CodeIgniter\Session\Handlers\FileHandler' driver.
INFO - 2024-12-17 11:14:55 --> Session: Class initialized using 'CodeIgniter\Session\Handlers\FileHandler' driver.
INFO - 2024-12-17 11:14:56 --> Session: Class initialized using 'CodeIgniter\Session\Handlers\FileHandler' driver.
INFO - 2024-12-17 11:15:28 --> Session: Class initialized using 'CodeIgniter\Session\Handlers\FileHandler' driver.
INFO - 2024-12-17 11:15:29 --> Session: Class initialized using 'CodeIgniter\Session\Handlers\FileHandler' driver.
INFO - 2024-12-17 11:16:43 --> Session: Class initialized using 'CodeIgniter\Session\Handlers\FileHandler' driver.
INFO - 2024-12-17 11:45:44 --> Session: Class initialized using 'CodeIgniter\Session\Handlers\FileHandler' driver.
INFO - 2024-12-17 11:45:45 --> Session: Class initialized using 'CodeIgniter\Session\Handlers\FileHandler' driver.
INFO - 2024-12-17 11:46:06 --> Session: Class initialized using 'CodeIgniter\Session\Handlers\FileHandler' driver.
INFO - 2024-12-17 11:48:14 --> Session: Class initialized using 'CodeIgniter\Session\Handlers\FileHandler' driver.
INFO - 2024-12-17 11:49:04 --> Session: Class initialized using 'CodeIgniter\Session\Handlers\FileHandler' driver.
INFO - 2024-12-17 11:49:05 --> Session: Class initialized using 'CodeIgniter\Session\Handlers\FileHandler' driver.
INFO - 2024-12-17 11:49:39 --> Session: Class initialized using 'CodeIgniter\Session\Handlers\FileHandler' driver.
INFO - 2024-12-17 11:50:26 --> Session: Class initialized using 'CodeIgniter\Session\Handlers\FileHandler' driver.
INFO - 2024-12-17 12:01:53 --> Session: Class initialized using 'CodeIgniter\Session\Handlers\FileHandler' driver.
INFO - 2024-12-17 12:02:00 --> Session: Class initialized using 'CodeIgniter\Session\Handlers\FileHandler' driver.
INFO - 2024-12-17 12:02:04 --> Session: Class initialized using 'CodeIgniter\Session\Handlers\FileHandler' driver.
INFO - 2024-12-17 12:02:51 --> Session: Class initialized using 'CodeIgniter\Session\Handlers\FileHandler' driver.
INFO - 2024-12-17 12:03:09 --> Session: Class initialized using 'CodeIgniter\Session\Handlers\FileHandler' driver.
