INFO - 2024-11-19 11:52:39 --> Session: Class initialized using 'CodeIgniter\Session\Handlers\FileHandler' driver.
INFO - 2024-11-19 11:52:39 --> Session: Class initialized using 'CodeIgniter\Session\Handlers\FileHandler' driver.
INFO - 2024-11-19 11:52:43 --> Session: Class initialized using 'CodeIgniter\Session\Handlers\FileHandler' driver.
INFO - 2024-11-19 11:52:43 --> Session: Class initialized using 'CodeIgniter\Session\Handlers\FileHandler' driver.
INFO - 2024-11-19 11:52:45 --> Session: Class initialized using 'CodeIgniter\Session\Handlers\FileHandler' driver.
INFO - 2024-11-19 11:52:50 --> Session: Class initialized using 'CodeIgniter\Session\Handlers\FileHandler' driver.
INFO - 2024-11-19 12:00:10 --> Session: Class initialized using 'CodeIgniter\Session\Handlers\FileHandler' driver.
ERROR - 2024-11-19 12:00:10 --> mysqli_sql_exception: Unknown column 'inscricoes.idIscricao' in 'field list' in C:\xampp\htdocs\vtornos\system\Database\MySQLi\Connection.php:312
Stack trace:
#0 C:\xampp\htdocs\vtornos\system\Database\MySQLi\Connection.php(312): mysqli->query('SELECT `cidades...', 0)
#1 C:\xampp\htdocs\vtornos\system\Database\BaseConnection.php(734): CodeIgniter\Database\MySQLi\Connection->execute('SELECT `cidades...')
#2 C:\xampp\htdocs\vtornos\system\Database\BaseConnection.php(648): CodeIgniter\Database\BaseConnection->simpleQuery('SELECT `cidades...')
#3 C:\xampp\htdocs\vtornos\system\Database\BaseBuilder.php(1644): CodeIgniter\Database\BaseConnection->query('SELECT `cidades...', Array, false)
#4 C:\xampp\htdocs\vtornos\system\Model.php(286): CodeIgniter\Database\BaseBuilder->get()
#5 C:\xampp\htdocs\vtornos\system\BaseModel.php(676): CodeIgniter\Model->doFindAll(0, 0)
#6 C:\xampp\htdocs\vtornos\app\Controllers\InscricaoController.php(42): CodeIgniter\BaseModel->findAll()
#7 C:\xampp\htdocs\vtornos\system\CodeIgniter.php(933): App\Controllers\InscricaoController->listar('1')
#8 C:\xampp\htdocs\vtornos\system\CodeIgniter.php(509): CodeIgniter\CodeIgniter->runController(Object(App\Controllers\InscricaoController))
#9 C:\xampp\htdocs\vtornos\system\CodeIgniter.php(355): CodeIgniter\CodeIgniter->handleRequest(NULL, Object(Config\Cache), false)
#10 C:\xampp\htdocs\vtornos\system\Boot.php(325): CodeIgniter\CodeIgniter->run()
#11 C:\xampp\htdocs\vtornos\system\Boot.php(67): CodeIgniter\Boot::runCodeIgniter(Object(CodeIgniter\CodeIgniter))
#12 C:\xampp\htdocs\vtornos\public\index.php(56): CodeIgniter\Boot::bootWeb(Object(Config\Paths))
#13 C:\xampp\htdocs\vtornos\system\rewrite.php(44): require_once('C:\\xampp\\htdocs...')
#14 {main}
CRITICAL - 2024-11-19 12:00:10 --> CodeIgniter\Database\Exceptions\DatabaseException: Unknown column 'inscricoes.idIscricao' in 'field list'
[Method: GET, Route: inscricao-cliente/listar/1]
in SYSTEMPATH\Database\BaseConnection.php on line 688.
 1 SYSTEMPATH\Database\BaseBuilder.php(1644): CodeIgniter\Database\BaseConnection->query('SELECT `cidades`.`nome` as `nomeCidade`, `estados`.`sigla` as `siglaEstado`, `localidades`.`idLocalidade`, `inscricoes`.`idIscricao`, `iscricoes`.`nome`
FROM `inscricoes`
INNER JOIN `localidades` ON `localidades`.`idLocalidade`=`inscricoes`.`idLocalidade`
INNER JOIN `cidades` ON `cidades`.`idCidade`=`localidades`.`idCidade`
INNER JOIN `estados` ON `estados`.`idEstado`=`cidades`.`idEstado`', [], false)
 2 SYSTEMPATH\Model.php(286): CodeIgniter\Database\BaseBuilder->get()
 3 SYSTEMPATH\BaseModel.php(676): CodeIgniter\Model->doFindAll(0, 0)
 4 APPPATH\Controllers\InscricaoController.php(42): CodeIgniter\BaseModel->findAll()
 5 SYSTEMPATH\CodeIgniter.php(933): App\Controllers\InscricaoController->listar('1')
 6 SYSTEMPATH\CodeIgniter.php(509): CodeIgniter\CodeIgniter->runController(Object(App\Controllers\InscricaoController))
 7 SYSTEMPATH\CodeIgniter.php(355): CodeIgniter\CodeIgniter->handleRequest(null, Object(Config\Cache), false)
 8 SYSTEMPATH\Boot.php(325): CodeIgniter\CodeIgniter->run()
 9 SYSTEMPATH\Boot.php(67): CodeIgniter\Boot::runCodeIgniter(Object(CodeIgniter\CodeIgniter))
10 FCPATH\index.php(56): CodeIgniter\Boot::bootWeb(Object(Config\Paths))
11 SYSTEMPATH\rewrite.php(44): require_once('C:\\xampp\\htdocs\\vtornos\\public\\index.php')
CRITICAL - 2024-11-19 12:00:10 --> [Caused by] CodeIgniter\Database\Exceptions\DatabaseException: Unknown column 'inscricoes.idIscricao' in 'field list'
in SYSTEMPATH\Database\MySQLi\Connection.php on line 317.
 1 SYSTEMPATH\Database\BaseConnection.php(734): CodeIgniter\Database\MySQLi\Connection->execute('SELECT `cidades`.`nome` as `nomeCidade`, `estados`.`sigla` as `siglaEstado`, `localidades`.`idLocalidade`, `inscricoes`.`idIscricao`, `iscricoes`.`nome`
FROM `inscricoes`
INNER JOIN `localidades` ON `localidades`.`idLocalidade`=`inscricoes`.`idLocalidade`
INNER JOIN `cidades` ON `cidades`.`idCidade`=`localidades`.`idCidade`
INNER JOIN `estados` ON `estados`.`idEstado`=`cidades`.`idEstado`')
 2 SYSTEMPATH\Database\BaseConnection.php(648): CodeIgniter\Database\BaseConnection->simpleQuery('SELECT `cidades`.`nome` as `nomeCidade`, `estados`.`sigla` as `siglaEstado`, `localidades`.`idLocalidade`, `inscricoes`.`idIscricao`, `iscricoes`.`nome`
FROM `inscricoes`
INNER JOIN `localidades` ON `localidades`.`idLocalidade`=`inscricoes`.`idLocalidade`
INNER JOIN `cidades` ON `cidades`.`idCidade`=`localidades`.`idCidade`
INNER JOIN `estados` ON `estados`.`idEstado`=`cidades`.`idEstado`')
 3 SYSTEMPATH\Database\BaseBuilder.php(1644): CodeIgniter\Database\BaseConnection->query('SELECT `cidades`.`nome` as `nomeCidade`, `estados`.`sigla` as `siglaEstado`, `localidades`.`idLocalidade`, `inscricoes`.`idIscricao`, `iscricoes`.`nome`
FROM `inscricoes`
INNER JOIN `localidades` ON `localidades`.`idLocalidade`=`inscricoes`.`idLocalidade`
INNER JOIN `cidades` ON `cidades`.`idCidade`=`localidades`.`idCidade`
INNER JOIN `estados` ON `estados`.`idEstado`=`cidades`.`idEstado`', [], false)
 4 SYSTEMPATH\Model.php(286): CodeIgniter\Database\BaseBuilder->get()
 5 SYSTEMPATH\BaseModel.php(676): CodeIgniter\Model->doFindAll(0, 0)
 6 APPPATH\Controllers\InscricaoController.php(42): CodeIgniter\BaseModel->findAll()
 7 SYSTEMPATH\CodeIgniter.php(933): App\Controllers\InscricaoController->listar('1')
 8 SYSTEMPATH\CodeIgniter.php(509): CodeIgniter\CodeIgniter->runController(Object(App\Controllers\InscricaoController))
 9 SYSTEMPATH\CodeIgniter.php(355): CodeIgniter\CodeIgniter->handleRequest(null, Object(Config\Cache), false)
10 SYSTEMPATH\Boot.php(325): CodeIgniter\CodeIgniter->run()
11 SYSTEMPATH\Boot.php(67): CodeIgniter\Boot::runCodeIgniter(Object(CodeIgniter\CodeIgniter))
12 FCPATH\index.php(56): CodeIgniter\Boot::bootWeb(Object(Config\Paths))
13 SYSTEMPATH\rewrite.php(44): require_once('C:\\xampp\\htdocs\\vtornos\\public\\index.php')
CRITICAL - 2024-11-19 12:00:10 --> [Caused by] mysqli_sql_exception: Unknown column 'inscricoes.idIscricao' in 'field list'
in SYSTEMPATH\Database\MySQLi\Connection.php on line 312.
 1 SYSTEMPATH\Database\MySQLi\Connection.php(312): mysqli->query('SELECT `cidades`.`nome` as `nomeCidade`, `estados`.`sigla` as `siglaEstado`, `localidades`.`idLocalidade`, `inscricoes`.`idIscricao`, `iscricoes`.`nome`
FROM `inscricoes`
INNER JOIN `localidades` ON `localidades`.`idLocalidade`=`inscricoes`.`idLocalidade`
INNER JOIN `cidades` ON `cidades`.`idCidade`=`localidades`.`idCidade`
INNER JOIN `estados` ON `estados`.`idEstado`=`cidades`.`idEstado`', 0)
 2 SYSTEMPATH\Database\BaseConnection.php(734): CodeIgniter\Database\MySQLi\Connection->execute('SELECT `cidades`.`nome` as `nomeCidade`, `estados`.`sigla` as `siglaEstado`, `localidades`.`idLocalidade`, `inscricoes`.`idIscricao`, `iscricoes`.`nome`
FROM `inscricoes`
INNER JOIN `localidades` ON `localidades`.`idLocalidade`=`inscricoes`.`idLocalidade`
INNER JOIN `cidades` ON `cidades`.`idCidade`=`localidades`.`idCidade`
INNER JOIN `estados` ON `estados`.`idEstado`=`cidades`.`idEstado`')
 3 SYSTEMPATH\Database\BaseConnection.php(648): CodeIgniter\Database\BaseConnection->simpleQuery('SELECT `cidades`.`nome` as `nomeCidade`, `estados`.`sigla` as `siglaEstado`, `localidades`.`idLocalidade`, `inscricoes`.`idIscricao`, `iscricoes`.`nome`
FROM `inscricoes`
INNER JOIN `localidades` ON `localidades`.`idLocalidade`=`inscricoes`.`idLocalidade`
INNER JOIN `cidades` ON `cidades`.`idCidade`=`localidades`.`idCidade`
INNER JOIN `estados` ON `estados`.`idEstado`=`cidades`.`idEstado`')
 4 SYSTEMPATH\Database\BaseBuilder.php(1644): CodeIgniter\Database\BaseConnection->query('SELECT `cidades`.`nome` as `nomeCidade`, `estados`.`sigla` as `siglaEstado`, `localidades`.`idLocalidade`, `inscricoes`.`idIscricao`, `iscricoes`.`nome`
FROM `inscricoes`
INNER JOIN `localidades` ON `localidades`.`idLocalidade`=`inscricoes`.`idLocalidade`
INNER JOIN `cidades` ON `cidades`.`idCidade`=`localidades`.`idCidade`
INNER JOIN `estados` ON `estados`.`idEstado`=`cidades`.`idEstado`', [], false)
 5 SYSTEMPATH\Model.php(286): CodeIgniter\Database\BaseBuilder->get()
 6 SYSTEMPATH\BaseModel.php(676): CodeIgniter\Model->doFindAll(0, 0)
 7 APPPATH\Controllers\InscricaoController.php(42): CodeIgniter\BaseModel->findAll()
 8 SYSTEMPATH\CodeIgniter.php(933): App\Controllers\InscricaoController->listar('1')
 9 SYSTEMPATH\CodeIgniter.php(509): CodeIgniter\CodeIgniter->runController(Object(App\Controllers\InscricaoController))
10 SYSTEMPATH\CodeIgniter.php(355): CodeIgniter\CodeIgniter->handleRequest(null, Object(Config\Cache), false)
11 SYSTEMPATH\Boot.php(325): CodeIgniter\CodeIgniter->run()
12 SYSTEMPATH\Boot.php(67): CodeIgniter\Boot::runCodeIgniter(Object(CodeIgniter\CodeIgniter))
13 FCPATH\index.php(56): CodeIgniter\Boot::bootWeb(Object(Config\Paths))
14 SYSTEMPATH\rewrite.php(44): require_once('C:\\xampp\\htdocs\\vtornos\\public\\index.php')
INFO - 2024-11-19 12:00:31 --> Session: Class initialized using 'CodeIgniter\Session\Handlers\FileHandler' driver.
ERROR - 2024-11-19 12:00:31 --> mysqli_sql_exception: Unknown column 'inscricoes.idIscricao' in 'field list' in C:\xampp\htdocs\vtornos\system\Database\MySQLi\Connection.php:312
Stack trace:
#0 C:\xampp\htdocs\vtornos\system\Database\MySQLi\Connection.php(312): mysqli->query('SELECT `cidades...', 0)
#1 C:\xampp\htdocs\vtornos\system\Database\BaseConnection.php(734): CodeIgniter\Database\MySQLi\Connection->execute('SELECT `cidades...')
#2 C:\xampp\htdocs\vtornos\system\Database\BaseConnection.php(648): CodeIgniter\Database\BaseConnection->simpleQuery('SELECT `cidades...')
#3 C:\xampp\htdocs\vtornos\system\Database\BaseBuilder.php(1644): CodeIgniter\Database\BaseConnection->query('SELECT `cidades...', Array, false)
#4 C:\xampp\htdocs\vtornos\system\Model.php(286): CodeIgniter\Database\BaseBuilder->get()
#5 C:\xampp\htdocs\vtornos\system\BaseModel.php(676): CodeIgniter\Model->doFindAll(0, 0)
#6 C:\xampp\htdocs\vtornos\app\Controllers\InscricaoController.php(42): CodeIgniter\BaseModel->findAll()
#7 C:\xampp\htdocs\vtornos\system\CodeIgniter.php(933): App\Controllers\InscricaoController->listar('1')
#8 C:\xampp\htdocs\vtornos\system\CodeIgniter.php(509): CodeIgniter\CodeIgniter->runController(Object(App\Controllers\InscricaoController))
#9 C:\xampp\htdocs\vtornos\system\CodeIgniter.php(355): CodeIgniter\CodeIgniter->handleRequest(NULL, Object(Config\Cache), false)
#10 C:\xampp\htdocs\vtornos\system\Boot.php(325): CodeIgniter\CodeIgniter->run()
#11 C:\xampp\htdocs\vtornos\system\Boot.php(67): CodeIgniter\Boot::runCodeIgniter(Object(CodeIgniter\CodeIgniter))
#12 C:\xampp\htdocs\vtornos\public\index.php(56): CodeIgniter\Boot::bootWeb(Object(Config\Paths))
#13 C:\xampp\htdocs\vtornos\system\rewrite.php(44): require_once('C:\\xampp\\htdocs...')
#14 {main}
CRITICAL - 2024-11-19 12:00:31 --> CodeIgniter\Database\Exceptions\DatabaseException: Unknown column 'inscricoes.idIscricao' in 'field list'
[Method: GET, Route: inscricao-cliente/listar/1]
in SYSTEMPATH\Database\BaseConnection.php on line 688.
 1 SYSTEMPATH\Database\BaseBuilder.php(1644): CodeIgniter\Database\BaseConnection->query('SELECT `cidades`.`nome` as `nomeCidade`, `estados`.`sigla` as `siglaEstado`, `localidades`.`idLocalidade`, `inscricoes`.`idIscricao`, `idIscricoes`.`nome`
FROM `inscricoes`
INNER JOIN `localidades` ON `localidades`.`idLocalidade`=`inscricoes`.`idLocalidade`
INNER JOIN `cidades` ON `cidades`.`idCidade`=`localidades`.`idCidade`
INNER JOIN `estados` ON `estados`.`idEstado`=`cidades`.`idEstado`', [], false)
 2 SYSTEMPATH\Model.php(286): CodeIgniter\Database\BaseBuilder->get()
 3 SYSTEMPATH\BaseModel.php(676): CodeIgniter\Model->doFindAll(0, 0)
 4 APPPATH\Controllers\InscricaoController.php(42): CodeIgniter\BaseModel->findAll()
 5 SYSTEMPATH\CodeIgniter.php(933): App\Controllers\InscricaoController->listar('1')
 6 SYSTEMPATH\CodeIgniter.php(509): CodeIgniter\CodeIgniter->runController(Object(App\Controllers\InscricaoController))
 7 SYSTEMPATH\CodeIgniter.php(355): CodeIgniter\CodeIgniter->handleRequest(null, Object(Config\Cache), false)
 8 SYSTEMPATH\Boot.php(325): CodeIgniter\CodeIgniter->run()
 9 SYSTEMPATH\Boot.php(67): CodeIgniter\Boot::runCodeIgniter(Object(CodeIgniter\CodeIgniter))
10 FCPATH\index.php(56): CodeIgniter\Boot::bootWeb(Object(Config\Paths))
11 SYSTEMPATH\rewrite.php(44): require_once('C:\\xampp\\htdocs\\vtornos\\public\\index.php')
CRITICAL - 2024-11-19 12:00:31 --> [Caused by] CodeIgniter\Database\Exceptions\DatabaseException: Unknown column 'inscricoes.idIscricao' in 'field list'
in SYSTEMPATH\Database\MySQLi\Connection.php on line 317.
 1 SYSTEMPATH\Database\BaseConnection.php(734): CodeIgniter\Database\MySQLi\Connection->execute('SELECT `cidades`.`nome` as `nomeCidade`, `estados`.`sigla` as `siglaEstado`, `localidades`.`idLocalidade`, `inscricoes`.`idIscricao`, `idIscricoes`.`nome`
FROM `inscricoes`
INNER JOIN `localidades` ON `localidades`.`idLocalidade`=`inscricoes`.`idLocalidade`
INNER JOIN `cidades` ON `cidades`.`idCidade`=`localidades`.`idCidade`
INNER JOIN `estados` ON `estados`.`idEstado`=`cidades`.`idEstado`')
 2 SYSTEMPATH\Database\BaseConnection.php(648): CodeIgniter\Database\BaseConnection->simpleQuery('SELECT `cidades`.`nome` as `nomeCidade`, `estados`.`sigla` as `siglaEstado`, `localidades`.`idLocalidade`, `inscricoes`.`idIscricao`, `idIscricoes`.`nome`
FROM `inscricoes`
INNER JOIN `localidades` ON `localidades`.`idLocalidade`=`inscricoes`.`idLocalidade`
INNER JOIN `cidades` ON `cidades`.`idCidade`=`localidades`.`idCidade`
INNER JOIN `estados` ON `estados`.`idEstado`=`cidades`.`idEstado`')
 3 SYSTEMPATH\Database\BaseBuilder.php(1644): CodeIgniter\Database\BaseConnection->query('SELECT `cidades`.`nome` as `nomeCidade`, `estados`.`sigla` as `siglaEstado`, `localidades`.`idLocalidade`, `inscricoes`.`idIscricao`, `idIscricoes`.`nome`
FROM `inscricoes`
INNER JOIN `localidades` ON `localidades`.`idLocalidade`=`inscricoes`.`idLocalidade`
INNER JOIN `cidades` ON `cidades`.`idCidade`=`localidades`.`idCidade`
INNER JOIN `estados` ON `estados`.`idEstado`=`cidades`.`idEstado`', [], false)
 4 SYSTEMPATH\Model.php(286): CodeIgniter\Database\BaseBuilder->get()
 5 SYSTEMPATH\BaseModel.php(676): CodeIgniter\Model->doFindAll(0, 0)
 6 APPPATH\Controllers\InscricaoController.php(42): CodeIgniter\BaseModel->findAll()
 7 SYSTEMPATH\CodeIgniter.php(933): App\Controllers\InscricaoController->listar('1')
 8 SYSTEMPATH\CodeIgniter.php(509): CodeIgniter\CodeIgniter->runController(Object(App\Controllers\InscricaoController))
 9 SYSTEMPATH\CodeIgniter.php(355): CodeIgniter\CodeIgniter->handleRequest(null, Object(Config\Cache), false)
10 SYSTEMPATH\Boot.php(325): CodeIgniter\CodeIgniter->run()
11 SYSTEMPATH\Boot.php(67): CodeIgniter\Boot::runCodeIgniter(Object(CodeIgniter\CodeIgniter))
12 FCPATH\index.php(56): CodeIgniter\Boot::bootWeb(Object(Config\Paths))
13 SYSTEMPATH\rewrite.php(44): require_once('C:\\xampp\\htdocs\\vtornos\\public\\index.php')
CRITICAL - 2024-11-19 12:00:31 --> [Caused by] mysqli_sql_exception: Unknown column 'inscricoes.idIscricao' in 'field list'
in SYSTEMPATH\Database\MySQLi\Connection.php on line 312.
 1 SYSTEMPATH\Database\MySQLi\Connection.php(312): mysqli->query('SELECT `cidades`.`nome` as `nomeCidade`, `estados`.`sigla` as `siglaEstado`, `localidades`.`idLocalidade`, `inscricoes`.`idIscricao`, `idIscricoes`.`nome`
FROM `inscricoes`
INNER JOIN `localidades` ON `localidades`.`idLocalidade`=`inscricoes`.`idLocalidade`
INNER JOIN `cidades` ON `cidades`.`idCidade`=`localidades`.`idCidade`
INNER JOIN `estados` ON `estados`.`idEstado`=`cidades`.`idEstado`', 0)
 2 SYSTEMPATH\Database\BaseConnection.php(734): CodeIgniter\Database\MySQLi\Connection->execute('SELECT `cidades`.`nome` as `nomeCidade`, `estados`.`sigla` as `siglaEstado`, `localidades`.`idLocalidade`, `inscricoes`.`idIscricao`, `idIscricoes`.`nome`
FROM `inscricoes`
INNER JOIN `localidades` ON `localidades`.`idLocalidade`=`inscricoes`.`idLocalidade`
INNER JOIN `cidades` ON `cidades`.`idCidade`=`localidades`.`idCidade`
INNER JOIN `estados` ON `estados`.`idEstado`=`cidades`.`idEstado`')
 3 SYSTEMPATH\Database\BaseConnection.php(648): CodeIgniter\Database\BaseConnection->simpleQuery('SELECT `cidades`.`nome` as `nomeCidade`, `estados`.`sigla` as `siglaEstado`, `localidades`.`idLocalidade`, `inscricoes`.`idIscricao`, `idIscricoes`.`nome`
FROM `inscricoes`
INNER JOIN `localidades` ON `localidades`.`idLocalidade`=`inscricoes`.`idLocalidade`
INNER JOIN `cidades` ON `cidades`.`idCidade`=`localidades`.`idCidade`
INNER JOIN `estados` ON `estados`.`idEstado`=`cidades`.`idEstado`')
 4 SYSTEMPATH\Database\BaseBuilder.php(1644): CodeIgniter\Database\BaseConnection->query('SELECT `cidades`.`nome` as `nomeCidade`, `estados`.`sigla` as `siglaEstado`, `localidades`.`idLocalidade`, `inscricoes`.`idIscricao`, `idIscricoes`.`nome`
FROM `inscricoes`
INNER JOIN `localidades` ON `localidades`.`idLocalidade`=`inscricoes`.`idLocalidade`
INNER JOIN `cidades` ON `cidades`.`idCidade`=`localidades`.`idCidade`
INNER JOIN `estados` ON `estados`.`idEstado`=`cidades`.`idEstado`', [], false)
 5 SYSTEMPATH\Model.php(286): CodeIgniter\Database\BaseBuilder->get()
 6 SYSTEMPATH\BaseModel.php(676): CodeIgniter\Model->doFindAll(0, 0)
 7 APPPATH\Controllers\InscricaoController.php(42): CodeIgniter\BaseModel->findAll()
 8 SYSTEMPATH\CodeIgniter.php(933): App\Controllers\InscricaoController->listar('1')
 9 SYSTEMPATH\CodeIgniter.php(509): CodeIgniter\CodeIgniter->runController(Object(App\Controllers\InscricaoController))
10 SYSTEMPATH\CodeIgniter.php(355): CodeIgniter\CodeIgniter->handleRequest(null, Object(Config\Cache), false)
11 SYSTEMPATH\Boot.php(325): CodeIgniter\CodeIgniter->run()
12 SYSTEMPATH\Boot.php(67): CodeIgniter\Boot::runCodeIgniter(Object(CodeIgniter\CodeIgniter))
13 FCPATH\index.php(56): CodeIgniter\Boot::bootWeb(Object(Config\Paths))
14 SYSTEMPATH\rewrite.php(44): require_once('C:\\xampp\\htdocs\\vtornos\\public\\index.php')
INFO - 2024-11-19 12:01:00 --> Session: Class initialized using 'CodeIgniter\Session\Handlers\FileHandler' driver.
ERROR - 2024-11-19 12:01:00 --> mysqli_sql_exception: Unknown column 'inscricoes.idIscricao' in 'field list' in C:\xampp\htdocs\vtornos\system\Database\MySQLi\Connection.php:312
Stack trace:
#0 C:\xampp\htdocs\vtornos\system\Database\MySQLi\Connection.php(312): mysqli->query('SELECT `cidades...', 0)
#1 C:\xampp\htdocs\vtornos\system\Database\BaseConnection.php(734): CodeIgniter\Database\MySQLi\Connection->execute('SELECT `cidades...')
#2 C:\xampp\htdocs\vtornos\system\Database\BaseConnection.php(648): CodeIgniter\Database\BaseConnection->simpleQuery('SELECT `cidades...')
#3 C:\xampp\htdocs\vtornos\system\Database\BaseBuilder.php(1644): CodeIgniter\Database\BaseConnection->query('SELECT `cidades...', Array, false)
#4 C:\xampp\htdocs\vtornos\system\Model.php(286): CodeIgniter\Database\BaseBuilder->get()
#5 C:\xampp\htdocs\vtornos\system\BaseModel.php(676): CodeIgniter\Model->doFindAll(0, 0)
#6 C:\xampp\htdocs\vtornos\app\Controllers\InscricaoController.php(42): CodeIgniter\BaseModel->findAll()
#7 C:\xampp\htdocs\vtornos\system\CodeIgniter.php(933): App\Controllers\InscricaoController->listar('1')
#8 C:\xampp\htdocs\vtornos\system\CodeIgniter.php(509): CodeIgniter\CodeIgniter->runController(Object(App\Controllers\InscricaoController))
#9 C:\xampp\htdocs\vtornos\system\CodeIgniter.php(355): CodeIgniter\CodeIgniter->handleRequest(NULL, Object(Config\Cache), false)
#10 C:\xampp\htdocs\vtornos\system\Boot.php(325): CodeIgniter\CodeIgniter->run()
#11 C:\xampp\htdocs\vtornos\system\Boot.php(67): CodeIgniter\Boot::runCodeIgniter(Object(CodeIgniter\CodeIgniter))
#12 C:\xampp\htdocs\vtornos\public\index.php(56): CodeIgniter\Boot::bootWeb(Object(Config\Paths))
#13 C:\xampp\htdocs\vtornos\system\rewrite.php(44): require_once('C:\\xampp\\htdocs...')
#14 {main}
CRITICAL - 2024-11-19 12:01:00 --> CodeIgniter\Database\Exceptions\DatabaseException: Unknown column 'inscricoes.idIscricao' in 'field list'
[Method: GET, Route: inscricao-cliente/listar/1]
in SYSTEMPATH\Database\BaseConnection.php on line 688.
 1 SYSTEMPATH\Database\BaseBuilder.php(1644): CodeIgniter\Database\BaseConnection->query('SELECT `cidades`.`nome` as `nomeCidade`, `estados`.`sigla` as `siglaEstado`, `localidades`.`idLocalidade`, `inscricoes`.`idIscricao`, `inscricoes`.`nome`
FROM `inscricoes`
INNER JOIN `localidades` ON `localidades`.`idLocalidade`=`inscricoes`.`idLocalidade`
INNER JOIN `cidades` ON `cidades`.`idCidade`=`localidades`.`idCidade`
INNER JOIN `estados` ON `estados`.`idEstado`=`cidades`.`idEstado`', [], false)
 2 SYSTEMPATH\Model.php(286): CodeIgniter\Database\BaseBuilder->get()
 3 SYSTEMPATH\BaseModel.php(676): CodeIgniter\Model->doFindAll(0, 0)
 4 APPPATH\Controllers\InscricaoController.php(42): CodeIgniter\BaseModel->findAll()
 5 SYSTEMPATH\CodeIgniter.php(933): App\Controllers\InscricaoController->listar('1')
 6 SYSTEMPATH\CodeIgniter.php(509): CodeIgniter\CodeIgniter->runController(Object(App\Controllers\InscricaoController))
 7 SYSTEMPATH\CodeIgniter.php(355): CodeIgniter\CodeIgniter->handleRequest(null, Object(Config\Cache), false)
 8 SYSTEMPATH\Boot.php(325): CodeIgniter\CodeIgniter->run()
 9 SYSTEMPATH\Boot.php(67): CodeIgniter\Boot::runCodeIgniter(Object(CodeIgniter\CodeIgniter))
10 FCPATH\index.php(56): CodeIgniter\Boot::bootWeb(Object(Config\Paths))
11 SYSTEMPATH\rewrite.php(44): require_once('C:\\xampp\\htdocs\\vtornos\\public\\index.php')
CRITICAL - 2024-11-19 12:01:00 --> [Caused by] CodeIgniter\Database\Exceptions\DatabaseException: Unknown column 'inscricoes.idIscricao' in 'field list'
in SYSTEMPATH\Database\MySQLi\Connection.php on line 317.
 1 SYSTEMPATH\Database\BaseConnection.php(734): CodeIgniter\Database\MySQLi\Connection->execute('SELECT `cidades`.`nome` as `nomeCidade`, `estados`.`sigla` as `siglaEstado`, `localidades`.`idLocalidade`, `inscricoes`.`idIscricao`, `inscricoes`.`nome`
FROM `inscricoes`
INNER JOIN `localidades` ON `localidades`.`idLocalidade`=`inscricoes`.`idLocalidade`
INNER JOIN `cidades` ON `cidades`.`idCidade`=`localidades`.`idCidade`
INNER JOIN `estados` ON `estados`.`idEstado`=`cidades`.`idEstado`')
 2 SYSTEMPATH\Database\BaseConnection.php(648): CodeIgniter\Database\BaseConnection->simpleQuery('SELECT `cidades`.`nome` as `nomeCidade`, `estados`.`sigla` as `siglaEstado`, `localidades`.`idLocalidade`, `inscricoes`.`idIscricao`, `inscricoes`.`nome`
FROM `inscricoes`
INNER JOIN `localidades` ON `localidades`.`idLocalidade`=`inscricoes`.`idLocalidade`
INNER JOIN `cidades` ON `cidades`.`idCidade`=`localidades`.`idCidade`
INNER JOIN `estados` ON `estados`.`idEstado`=`cidades`.`idEstado`')
 3 SYSTEMPATH\Database\BaseBuilder.php(1644): CodeIgniter\Database\BaseConnection->query('SELECT `cidades`.`nome` as `nomeCidade`, `estados`.`sigla` as `siglaEstado`, `localidades`.`idLocalidade`, `inscricoes`.`idIscricao`, `inscricoes`.`nome`
FROM `inscricoes`
INNER JOIN `localidades` ON `localidades`.`idLocalidade`=`inscricoes`.`idLocalidade`
INNER JOIN `cidades` ON `cidades`.`idCidade`=`localidades`.`idCidade`
INNER JOIN `estados` ON `estados`.`idEstado`=`cidades`.`idEstado`', [], false)
 4 SYSTEMPATH\Model.php(286): CodeIgniter\Database\BaseBuilder->get()
 5 SYSTEMPATH\BaseModel.php(676): CodeIgniter\Model->doFindAll(0, 0)
 6 APPPATH\Controllers\InscricaoController.php(42): CodeIgniter\BaseModel->findAll()
 7 SYSTEMPATH\CodeIgniter.php(933): App\Controllers\InscricaoController->listar('1')
 8 SYSTEMPATH\CodeIgniter.php(509): CodeIgniter\CodeIgniter->runController(Object(App\Controllers\InscricaoController))
 9 SYSTEMPATH\CodeIgniter.php(355): CodeIgniter\CodeIgniter->handleRequest(null, Object(Config\Cache), false)
10 SYSTEMPATH\Boot.php(325): CodeIgniter\CodeIgniter->run()
11 SYSTEMPATH\Boot.php(67): CodeIgniter\Boot::runCodeIgniter(Object(CodeIgniter\CodeIgniter))
12 FCPATH\index.php(56): CodeIgniter\Boot::bootWeb(Object(Config\Paths))
13 SYSTEMPATH\rewrite.php(44): require_once('C:\\xampp\\htdocs\\vtornos\\public\\index.php')
CRITICAL - 2024-11-19 12:01:00 --> [Caused by] mysqli_sql_exception: Unknown column 'inscricoes.idIscricao' in 'field list'
in SYSTEMPATH\Database\MySQLi\Connection.php on line 312.
 1 SYSTEMPATH\Database\MySQLi\Connection.php(312): mysqli->query('SELECT `cidades`.`nome` as `nomeCidade`, `estados`.`sigla` as `siglaEstado`, `localidades`.`idLocalidade`, `inscricoes`.`idIscricao`, `inscricoes`.`nome`
FROM `inscricoes`
INNER JOIN `localidades` ON `localidades`.`idLocalidade`=`inscricoes`.`idLocalidade`
INNER JOIN `cidades` ON `cidades`.`idCidade`=`localidades`.`idCidade`
INNER JOIN `estados` ON `estados`.`idEstado`=`cidades`.`idEstado`', 0)
 2 SYSTEMPATH\Database\BaseConnection.php(734): CodeIgniter\Database\MySQLi\Connection->execute('SELECT `cidades`.`nome` as `nomeCidade`, `estados`.`sigla` as `siglaEstado`, `localidades`.`idLocalidade`, `inscricoes`.`idIscricao`, `inscricoes`.`nome`
FROM `inscricoes`
INNER JOIN `localidades` ON `localidades`.`idLocalidade`=`inscricoes`.`idLocalidade`
INNER JOIN `cidades` ON `cidades`.`idCidade`=`localidades`.`idCidade`
INNER JOIN `estados` ON `estados`.`idEstado`=`cidades`.`idEstado`')
 3 SYSTEMPATH\Database\BaseConnection.php(648): CodeIgniter\Database\BaseConnection->simpleQuery('SELECT `cidades`.`nome` as `nomeCidade`, `estados`.`sigla` as `siglaEstado`, `localidades`.`idLocalidade`, `inscricoes`.`idIscricao`, `inscricoes`.`nome`
FROM `inscricoes`
INNER JOIN `localidades` ON `localidades`.`idLocalidade`=`inscricoes`.`idLocalidade`
INNER JOIN `cidades` ON `cidades`.`idCidade`=`localidades`.`idCidade`
INNER JOIN `estados` ON `estados`.`idEstado`=`cidades`.`idEstado`')
 4 SYSTEMPATH\Database\BaseBuilder.php(1644): CodeIgniter\Database\BaseConnection->query('SELECT `cidades`.`nome` as `nomeCidade`, `estados`.`sigla` as `siglaEstado`, `localidades`.`idLocalidade`, `inscricoes`.`idIscricao`, `inscricoes`.`nome`
FROM `inscricoes`
INNER JOIN `localidades` ON `localidades`.`idLocalidade`=`inscricoes`.`idLocalidade`
INNER JOIN `cidades` ON `cidades`.`idCidade`=`localidades`.`idCidade`
INNER JOIN `estados` ON `estados`.`idEstado`=`cidades`.`idEstado`', [], false)
 5 SYSTEMPATH\Model.php(286): CodeIgniter\Database\BaseBuilder->get()
 6 SYSTEMPATH\BaseModel.php(676): CodeIgniter\Model->doFindAll(0, 0)
 7 APPPATH\Controllers\InscricaoController.php(42): CodeIgniter\BaseModel->findAll()
 8 SYSTEMPATH\CodeIgniter.php(933): App\Controllers\InscricaoController->listar('1')
 9 SYSTEMPATH\CodeIgniter.php(509): CodeIgniter\CodeIgniter->runController(Object(App\Controllers\InscricaoController))
10 SYSTEMPATH\CodeIgniter.php(355): CodeIgniter\CodeIgniter->handleRequest(null, Object(Config\Cache), false)
11 SYSTEMPATH\Boot.php(325): CodeIgniter\CodeIgniter->run()
12 SYSTEMPATH\Boot.php(67): CodeIgniter\Boot::runCodeIgniter(Object(CodeIgniter\CodeIgniter))
13 FCPATH\index.php(56): CodeIgniter\Boot::bootWeb(Object(Config\Paths))
14 SYSTEMPATH\rewrite.php(44): require_once('C:\\xampp\\htdocs\\vtornos\\public\\index.php')
INFO - 2024-11-19 12:01:02 --> Session: Class initialized using 'CodeIgniter\Session\Handlers\FileHandler' driver.
ERROR - 2024-11-19 12:01:02 --> mysqli_sql_exception: Unknown column 'inscricoes.idIscricao' in 'field list' in C:\xampp\htdocs\vtornos\system\Database\MySQLi\Connection.php:312
Stack trace:
#0 C:\xampp\htdocs\vtornos\system\Database\MySQLi\Connection.php(312): mysqli->query('SELECT `cidades...', 0)
#1 C:\xampp\htdocs\vtornos\system\Database\BaseConnection.php(734): CodeIgniter\Database\MySQLi\Connection->execute('SELECT `cidades...')
#2 C:\xampp\htdocs\vtornos\system\Database\BaseConnection.php(648): CodeIgniter\Database\BaseConnection->simpleQuery('SELECT `cidades...')
#3 C:\xampp\htdocs\vtornos\system\Database\BaseBuilder.php(1644): CodeIgniter\Database\BaseConnection->query('SELECT `cidades...', Array, false)
#4 C:\xampp\htdocs\vtornos\system\Model.php(286): CodeIgniter\Database\BaseBuilder->get()
#5 C:\xampp\htdocs\vtornos\system\BaseModel.php(676): CodeIgniter\Model->doFindAll(0, 0)
#6 C:\xampp\htdocs\vtornos\app\Controllers\InscricaoController.php(42): CodeIgniter\BaseModel->findAll()
#7 C:\xampp\htdocs\vtornos\system\CodeIgniter.php(933): App\Controllers\InscricaoController->listar('1')
#8 C:\xampp\htdocs\vtornos\system\CodeIgniter.php(509): CodeIgniter\CodeIgniter->runController(Object(App\Controllers\InscricaoController))
#9 C:\xampp\htdocs\vtornos\system\CodeIgniter.php(355): CodeIgniter\CodeIgniter->handleRequest(NULL, Object(Config\Cache), false)
#10 C:\xampp\htdocs\vtornos\system\Boot.php(325): CodeIgniter\CodeIgniter->run()
#11 C:\xampp\htdocs\vtornos\system\Boot.php(67): CodeIgniter\Boot::runCodeIgniter(Object(CodeIgniter\CodeIgniter))
#12 C:\xampp\htdocs\vtornos\public\index.php(56): CodeIgniter\Boot::bootWeb(Object(Config\Paths))
#13 C:\xampp\htdocs\vtornos\system\rewrite.php(44): require_once('C:\\xampp\\htdocs...')
#14 {main}
CRITICAL - 2024-11-19 12:01:02 --> CodeIgniter\Database\Exceptions\DatabaseException: Unknown column 'inscricoes.idIscricao' in 'field list'
[Method: GET, Route: inscricao-cliente/listar/1]
in SYSTEMPATH\Database\BaseConnection.php on line 688.
 1 SYSTEMPATH\Database\BaseBuilder.php(1644): CodeIgniter\Database\BaseConnection->query('SELECT `cidades`.`nome` as `nomeCidade`, `estados`.`sigla` as `siglaEstado`, `localidades`.`idLocalidade`, `inscricoes`.`idIscricao`, `inscricoes`.`nome`
FROM `inscricoes`
INNER JOIN `localidades` ON `localidades`.`idLocalidade`=`inscricoes`.`idLocalidade`
INNER JOIN `cidades` ON `cidades`.`idCidade`=`localidades`.`idCidade`
INNER JOIN `estados` ON `estados`.`idEstado`=`cidades`.`idEstado`', [], false)
 2 SYSTEMPATH\Model.php(286): CodeIgniter\Database\BaseBuilder->get()
 3 SYSTEMPATH\BaseModel.php(676): CodeIgniter\Model->doFindAll(0, 0)
 4 APPPATH\Controllers\InscricaoController.php(42): CodeIgniter\BaseModel->findAll()
 5 SYSTEMPATH\CodeIgniter.php(933): App\Controllers\InscricaoController->listar('1')
 6 SYSTEMPATH\CodeIgniter.php(509): CodeIgniter\CodeIgniter->runController(Object(App\Controllers\InscricaoController))
 7 SYSTEMPATH\CodeIgniter.php(355): CodeIgniter\CodeIgniter->handleRequest(null, Object(Config\Cache), false)
 8 SYSTEMPATH\Boot.php(325): CodeIgniter\CodeIgniter->run()
 9 SYSTEMPATH\Boot.php(67): CodeIgniter\Boot::runCodeIgniter(Object(CodeIgniter\CodeIgniter))
10 FCPATH\index.php(56): CodeIgniter\Boot::bootWeb(Object(Config\Paths))
11 SYSTEMPATH\rewrite.php(44): require_once('C:\\xampp\\htdocs\\vtornos\\public\\index.php')
CRITICAL - 2024-11-19 12:01:02 --> [Caused by] CodeIgniter\Database\Exceptions\DatabaseException: Unknown column 'inscricoes.idIscricao' in 'field list'
in SYSTEMPATH\Database\MySQLi\Connection.php on line 317.
 1 SYSTEMPATH\Database\BaseConnection.php(734): CodeIgniter\Database\MySQLi\Connection->execute('SELECT `cidades`.`nome` as `nomeCidade`, `estados`.`sigla` as `siglaEstado`, `localidades`.`idLocalidade`, `inscricoes`.`idIscricao`, `inscricoes`.`nome`
FROM `inscricoes`
INNER JOIN `localidades` ON `localidades`.`idLocalidade`=`inscricoes`.`idLocalidade`
INNER JOIN `cidades` ON `cidades`.`idCidade`=`localidades`.`idCidade`
INNER JOIN `estados` ON `estados`.`idEstado`=`cidades`.`idEstado`')
 2 SYSTEMPATH\Database\BaseConnection.php(648): CodeIgniter\Database\BaseConnection->simpleQuery('SELECT `cidades`.`nome` as `nomeCidade`, `estados`.`sigla` as `siglaEstado`, `localidades`.`idLocalidade`, `inscricoes`.`idIscricao`, `inscricoes`.`nome`
FROM `inscricoes`
INNER JOIN `localidades` ON `localidades`.`idLocalidade`=`inscricoes`.`idLocalidade`
INNER JOIN `cidades` ON `cidades`.`idCidade`=`localidades`.`idCidade`
INNER JOIN `estados` ON `estados`.`idEstado`=`cidades`.`idEstado`')
 3 SYSTEMPATH\Database\BaseBuilder.php(1644): CodeIgniter\Database\BaseConnection->query('SELECT `cidades`.`nome` as `nomeCidade`, `estados`.`sigla` as `siglaEstado`, `localidades`.`idLocalidade`, `inscricoes`.`idIscricao`, `inscricoes`.`nome`
FROM `inscricoes`
INNER JOIN `localidades` ON `localidades`.`idLocalidade`=`inscricoes`.`idLocalidade`
INNER JOIN `cidades` ON `cidades`.`idCidade`=`localidades`.`idCidade`
INNER JOIN `estados` ON `estados`.`idEstado`=`cidades`.`idEstado`', [], false)
 4 SYSTEMPATH\Model.php(286): CodeIgniter\Database\BaseBuilder->get()
 5 SYSTEMPATH\BaseModel.php(676): CodeIgniter\Model->doFindAll(0, 0)
 6 APPPATH\Controllers\InscricaoController.php(42): CodeIgniter\BaseModel->findAll()
 7 SYSTEMPATH\CodeIgniter.php(933): App\Controllers\InscricaoController->listar('1')
 8 SYSTEMPATH\CodeIgniter.php(509): CodeIgniter\CodeIgniter->runController(Object(App\Controllers\InscricaoController))
 9 SYSTEMPATH\CodeIgniter.php(355): CodeIgniter\CodeIgniter->handleRequest(null, Object(Config\Cache), false)
10 SYSTEMPATH\Boot.php(325): CodeIgniter\CodeIgniter->run()
11 SYSTEMPATH\Boot.php(67): CodeIgniter\Boot::runCodeIgniter(Object(CodeIgniter\CodeIgniter))
12 FCPATH\index.php(56): CodeIgniter\Boot::bootWeb(Object(Config\Paths))
13 SYSTEMPATH\rewrite.php(44): require_once('C:\\xampp\\htdocs\\vtornos\\public\\index.php')
CRITICAL - 2024-11-19 12:01:02 --> [Caused by] mysqli_sql_exception: Unknown column 'inscricoes.idIscricao' in 'field list'
in SYSTEMPATH\Database\MySQLi\Connection.php on line 312.
 1 SYSTEMPATH\Database\MySQLi\Connection.php(312): mysqli->query('SELECT `cidades`.`nome` as `nomeCidade`, `estados`.`sigla` as `siglaEstado`, `localidades`.`idLocalidade`, `inscricoes`.`idIscricao`, `inscricoes`.`nome`
FROM `inscricoes`
INNER JOIN `localidades` ON `localidades`.`idLocalidade`=`inscricoes`.`idLocalidade`
INNER JOIN `cidades` ON `cidades`.`idCidade`=`localidades`.`idCidade`
INNER JOIN `estados` ON `estados`.`idEstado`=`cidades`.`idEstado`', 0)
 2 SYSTEMPATH\Database\BaseConnection.php(734): CodeIgniter\Database\MySQLi\Connection->execute('SELECT `cidades`.`nome` as `nomeCidade`, `estados`.`sigla` as `siglaEstado`, `localidades`.`idLocalidade`, `inscricoes`.`idIscricao`, `inscricoes`.`nome`
FROM `inscricoes`
INNER JOIN `localidades` ON `localidades`.`idLocalidade`=`inscricoes`.`idLocalidade`
INNER JOIN `cidades` ON `cidades`.`idCidade`=`localidades`.`idCidade`
INNER JOIN `estados` ON `estados`.`idEstado`=`cidades`.`idEstado`')
 3 SYSTEMPATH\Database\BaseConnection.php(648): CodeIgniter\Database\BaseConnection->simpleQuery('SELECT `cidades`.`nome` as `nomeCidade`, `estados`.`sigla` as `siglaEstado`, `localidades`.`idLocalidade`, `inscricoes`.`idIscricao`, `inscricoes`.`nome`
FROM `inscricoes`
INNER JOIN `localidades` ON `localidades`.`idLocalidade`=`inscricoes`.`idLocalidade`
INNER JOIN `cidades` ON `cidades`.`idCidade`=`localidades`.`idCidade`
INNER JOIN `estados` ON `estados`.`idEstado`=`cidades`.`idEstado`')
 4 SYSTEMPATH\Database\BaseBuilder.php(1644): CodeIgniter\Database\BaseConnection->query('SELECT `cidades`.`nome` as `nomeCidade`, `estados`.`sigla` as `siglaEstado`, `localidades`.`idLocalidade`, `inscricoes`.`idIscricao`, `inscricoes`.`nome`
FROM `inscricoes`
INNER JOIN `localidades` ON `localidades`.`idLocalidade`=`inscricoes`.`idLocalidade`
INNER JOIN `cidades` ON `cidades`.`idCidade`=`localidades`.`idCidade`
INNER JOIN `estados` ON `estados`.`idEstado`=`cidades`.`idEstado`', [], false)
 5 SYSTEMPATH\Model.php(286): CodeIgniter\Database\BaseBuilder->get()
 6 SYSTEMPATH\BaseModel.php(676): CodeIgniter\Model->doFindAll(0, 0)
 7 APPPATH\Controllers\InscricaoController.php(42): CodeIgniter\BaseModel->findAll()
 8 SYSTEMPATH\CodeIgniter.php(933): App\Controllers\InscricaoController->listar('1')
 9 SYSTEMPATH\CodeIgniter.php(509): CodeIgniter\CodeIgniter->runController(Object(App\Controllers\InscricaoController))
10 SYSTEMPATH\CodeIgniter.php(355): CodeIgniter\CodeIgniter->handleRequest(null, Object(Config\Cache), false)
11 SYSTEMPATH\Boot.php(325): CodeIgniter\CodeIgniter->run()
12 SYSTEMPATH\Boot.php(67): CodeIgniter\Boot::runCodeIgniter(Object(CodeIgniter\CodeIgniter))
13 FCPATH\index.php(56): CodeIgniter\Boot::bootWeb(Object(Config\Paths))
14 SYSTEMPATH\rewrite.php(44): require_once('C:\\xampp\\htdocs\\vtornos\\public\\index.php')
INFO - 2024-11-19 12:01:43 --> Session: Class initialized using 'CodeIgniter\Session\Handlers\FileHandler' driver.
INFO - 2024-11-19 13:37:55 --> Session: Class initialized using 'CodeIgniter\Session\Handlers\FileHandler' driver.
INFO - 2024-11-19 13:38:20 --> Session: Class initialized using 'CodeIgniter\Session\Handlers\FileHandler' driver.
CRITICAL - 2024-11-19 13:38:20 --> ErrorException: Undefined variable $cliente
[Method: GET, Route: inscricao-cliente/listar/1]
in APPPATH\Views\inscricao\listar.php on line 26.
 1 APPPATH\Views\inscricao\listar.php(26): CodeIgniter\Debug\Exceptions->errorHandler(2, 'Undefined variable $cliente', 'C:\\xampp\\htdocs\\vtornos\\app\\Views\\inscricao\\listar.php', 26)
 2 SYSTEMPATH\View\View.php(234): include('C:\\xampp\\htdocs\\vtornos\\app\\Views\\inscricao\\listar.php')
 3 SYSTEMPATH\View\View.php(237): CodeIgniter\View\View->CodeIgniter\View\{closure}()
 4 SYSTEMPATH\Common.php(1171): CodeIgniter\View\View->render('inscricao/listar', [], true)
 5 APPPATH\Controllers\InscricaoController.php(45): view('inscricao/listar', [...])
 6 SYSTEMPATH\CodeIgniter.php(933): App\Controllers\InscricaoController->listar('1')
 7 SYSTEMPATH\CodeIgniter.php(509): CodeIgniter\CodeIgniter->runController(Object(App\Controllers\InscricaoController))
 8 SYSTEMPATH\CodeIgniter.php(355): CodeIgniter\CodeIgniter->handleRequest(null, Object(Config\Cache), false)
 9 SYSTEMPATH\Boot.php(325): CodeIgniter\CodeIgniter->run()
10 SYSTEMPATH\Boot.php(67): CodeIgniter\Boot::runCodeIgniter(Object(CodeIgniter\CodeIgniter))
11 FCPATH\index.php(56): CodeIgniter\Boot::bootWeb(Object(Config\Paths))
12 SYSTEMPATH\rewrite.php(44): require_once('C:\\xampp\\htdocs\\vtornos\\public\\index.php')
INFO - 2024-11-19 13:39:41 --> Session: Class initialized using 'CodeIgniter\Session\Handlers\FileHandler' driver.
CRITICAL - 2024-11-19 13:39:41 --> ErrorException: Undefined property: stdClass::$nomeCliente
[Method: GET, Route: inscricao-cliente/listar/1]
in APPPATH\Views\inscricao\listar.php on line 33.
 1 APPPATH\Views\inscricao\listar.php(33): CodeIgniter\Debug\Exceptions->errorHandler(2, 'Undefined property: stdClass::$nomeCliente', 'C:\\xampp\\htdocs\\vtornos\\app\\Views\\inscricao\\listar.php', 33)
 2 SYSTEMPATH\View\View.php(234): include('C:\\xampp\\htdocs\\vtornos\\app\\Views\\inscricao\\listar.php')
 3 SYSTEMPATH\View\View.php(237): CodeIgniter\View\View->CodeIgniter\View\{closure}()
 4 SYSTEMPATH\Common.php(1171): CodeIgniter\View\View->render('inscricao/listar', [], true)
 5 APPPATH\Controllers\InscricaoController.php(46): view('inscricao/listar', [...])
 6 SYSTEMPATH\CodeIgniter.php(933): App\Controllers\InscricaoController->listar(1)
 7 SYSTEMPATH\CodeIgniter.php(509): CodeIgniter\CodeIgniter->runController(Object(App\Controllers\InscricaoController))
 8 SYSTEMPATH\CodeIgniter.php(355): CodeIgniter\CodeIgniter->handleRequest(null, Object(Config\Cache), false)
 9 SYSTEMPATH\Boot.php(325): CodeIgniter\CodeIgniter->run()
10 SYSTEMPATH\Boot.php(67): CodeIgniter\Boot::runCodeIgniter(Object(CodeIgniter\CodeIgniter))
11 FCPATH\index.php(56): CodeIgniter\Boot::bootWeb(Object(Config\Paths))
12 SYSTEMPATH\rewrite.php(44): require_once('C:\\xampp\\htdocs\\vtornos\\public\\index.php')
INFO - 2024-11-19 13:40:55 --> Session: Class initialized using 'CodeIgniter\Session\Handlers\FileHandler' driver.
CRITICAL - 2024-11-19 13:40:55 --> ErrorException: Undefined property: stdClass::$categoriaCliente
[Method: GET, Route: inscricao-cliente/listar/1]
in APPPATH\Views\inscricao\listar.php on line 38.
 1 APPPATH\Views\inscricao\listar.php(38): CodeIgniter\Debug\Exceptions->errorHandler(2, 'Undefined property: stdClass::$categoriaCliente', 'C:\\xampp\\htdocs\\vtornos\\app\\Views\\inscricao\\listar.php', 38)
 2 SYSTEMPATH\View\View.php(234): include('C:\\xampp\\htdocs\\vtornos\\app\\Views\\inscricao\\listar.php')
 3 SYSTEMPATH\View\View.php(237): CodeIgniter\View\View->CodeIgniter\View\{closure}()
 4 SYSTEMPATH\Common.php(1171): CodeIgniter\View\View->render('inscricao/listar', [], true)
 5 APPPATH\Controllers\InscricaoController.php(48): view('inscricao/listar', [...])
 6 SYSTEMPATH\CodeIgniter.php(933): App\Controllers\InscricaoController->listar(1)
 7 SYSTEMPATH\CodeIgniter.php(509): CodeIgniter\CodeIgniter->runController(Object(App\Controllers\InscricaoController))
 8 SYSTEMPATH\CodeIgniter.php(355): CodeIgniter\CodeIgniter->handleRequest(null, Object(Config\Cache), false)
 9 SYSTEMPATH\Boot.php(325): CodeIgniter\CodeIgniter->run()
10 SYSTEMPATH\Boot.php(67): CodeIgniter\Boot::runCodeIgniter(Object(CodeIgniter\CodeIgniter))
11 FCPATH\index.php(56): CodeIgniter\Boot::bootWeb(Object(Config\Paths))
12 SYSTEMPATH\rewrite.php(44): require_once('C:\\xampp\\htdocs\\vtornos\\public\\index.php')
INFO - 2024-11-19 13:41:21 --> Session: Class initialized using 'CodeIgniter\Session\Handlers\FileHandler' driver.
CRITICAL - 2024-11-19 13:41:21 --> ErrorException: Undefined property: stdClass::$cpfCnpjCliente
[Method: GET, Route: inscricao-cliente/listar/1]
in APPPATH\Views\inscricao\listar.php on line 42.
 1 APPPATH\Views\inscricao\listar.php(42): CodeIgniter\Debug\Exceptions->errorHandler(2, 'Undefined property: stdClass::$cpfCnpjCliente', 'C:\\xampp\\htdocs\\vtornos\\app\\Views\\inscricao\\listar.php', 42)
 2 SYSTEMPATH\View\View.php(234): include('C:\\xampp\\htdocs\\vtornos\\app\\Views\\inscricao\\listar.php')
 3 SYSTEMPATH\View\View.php(237): CodeIgniter\View\View->CodeIgniter\View\{closure}()
 4 SYSTEMPATH\Common.php(1171): CodeIgniter\View\View->render('inscricao/listar', [], true)
 5 APPPATH\Controllers\InscricaoController.php(48): view('inscricao/listar', [...])
 6 SYSTEMPATH\CodeIgniter.php(933): App\Controllers\InscricaoController->listar(1)
 7 SYSTEMPATH\CodeIgniter.php(509): CodeIgniter\CodeIgniter->runController(Object(App\Controllers\InscricaoController))
 8 SYSTEMPATH\CodeIgniter.php(355): CodeIgniter\CodeIgniter->handleRequest(null, Object(Config\Cache), false)
 9 SYSTEMPATH\Boot.php(325): CodeIgniter\CodeIgniter->run()
10 SYSTEMPATH\Boot.php(67): CodeIgniter\Boot::runCodeIgniter(Object(CodeIgniter\CodeIgniter))
11 FCPATH\index.php(56): CodeIgniter\Boot::bootWeb(Object(Config\Paths))
12 SYSTEMPATH\rewrite.php(44): require_once('C:\\xampp\\htdocs\\vtornos\\public\\index.php')
INFO - 2024-11-19 13:42:03 --> Session: Class initialized using 'CodeIgniter\Session\Handlers\FileHandler' driver.
INFO - 2024-11-19 13:54:40 --> Session: Class initialized using 'CodeIgniter\Session\Handlers\FileHandler' driver.
INFO - 2024-11-19 13:55:36 --> Session: Class initialized using 'CodeIgniter\Session\Handlers\FileHandler' driver.
INFO - 2024-11-19 13:55:54 --> Session: Class initialized using 'CodeIgniter\Session\Handlers\FileHandler' driver.
INFO - 2024-11-19 13:55:57 --> Session: Class initialized using 'CodeIgniter\Session\Handlers\FileHandler' driver.
INFO - 2024-11-19 14:00:22 --> Session: Class initialized using 'CodeIgniter\Session\Handlers\FileHandler' driver.
INFO - 2024-11-19 14:00:27 --> Session: Class initialized using 'CodeIgniter\Session\Handlers\FileHandler' driver.
INFO - 2024-11-19 14:01:18 --> Session: Class initialized using 'CodeIgniter\Session\Handlers\FileHandler' driver.
INFO - 2024-11-19 14:01:18 --> Session: Class initialized using 'CodeIgniter\Session\Handlers\FileHandler' driver.
INFO - 2024-11-19 14:37:31 --> Session: Class initialized using 'CodeIgniter\Session\Handlers\FileHandler' driver.
INFO - 2024-11-19 14:37:36 --> Session: Class initialized using 'CodeIgniter\Session\Handlers\FileHandler' driver.
INFO - 2024-11-19 14:38:07 --> Session: Class initialized using 'CodeIgniter\Session\Handlers\FileHandler' driver.
INFO - 2024-11-19 14:38:52 --> Session: Class initialized using 'CodeIgniter\Session\Handlers\FileHandler' driver.
INFO - 2024-11-19 14:40:05 --> Session: Class initialized using 'CodeIgniter\Session\Handlers\FileHandler' driver.
INFO - 2024-11-19 14:40:13 --> Session: Class initialized using 'CodeIgniter\Session\Handlers\FileHandler' driver.
INFO - 2024-11-19 14:40:19 --> Session: Class initialized using 'CodeIgniter\Session\Handlers\FileHandler' driver.
INFO - 2024-11-19 14:40:55 --> Session: Class initialized using 'CodeIgniter\Session\Handlers\FileHandler' driver.
INFO - 2024-11-19 14:41:39 --> Session: Class initialized using 'CodeIgniter\Session\Handlers\FileHandler' driver.
CRITICAL - 2024-11-19 14:41:39 --> ErrorException: Undefined variable $incricoes
[Method: GET, Route: inscricao-cliente/listar/1]
in APPPATH\Views\inscricao\listar.php on line 61.
 1 APPPATH\Views\inscricao\listar.php(61): CodeIgniter\Debug\Exceptions->errorHandler(2, 'Undefined variable $incricoes', 'C:\\xampp\\htdocs\\vtornos\\app\\Views\\inscricao\\listar.php', 61)
 2 SYSTEMPATH\View\View.php(234): include('C:\\xampp\\htdocs\\vtornos\\app\\Views\\inscricao\\listar.php')
 3 SYSTEMPATH\View\View.php(237): CodeIgniter\View\View->CodeIgniter\View\{closure}()
 4 SYSTEMPATH\Common.php(1171): CodeIgniter\View\View->render('inscricao/listar', [], true)
 5 APPPATH\Controllers\InscricaoController.php(49): view('inscricao/listar', [...])
 6 SYSTEMPATH\CodeIgniter.php(933): App\Controllers\InscricaoController->listar(1)
 7 SYSTEMPATH\CodeIgniter.php(509): CodeIgniter\CodeIgniter->runController(Object(App\Controllers\InscricaoController))
 8 SYSTEMPATH\CodeIgniter.php(355): CodeIgniter\CodeIgniter->handleRequest(null, Object(Config\Cache), false)
 9 SYSTEMPATH\Boot.php(325): CodeIgniter\CodeIgniter->run()
10 SYSTEMPATH\Boot.php(67): CodeIgniter\Boot::runCodeIgniter(Object(CodeIgniter\CodeIgniter))
11 FCPATH\index.php(56): CodeIgniter\Boot::bootWeb(Object(Config\Paths))
12 SYSTEMPATH\rewrite.php(44): require_once('C:\\xampp\\htdocs\\vtornos\\public\\index.php')
INFO - 2024-11-19 14:42:29 --> Session: Class initialized using 'CodeIgniter\Session\Handlers\FileHandler' driver.
CRITICAL - 2024-11-19 14:42:29 --> ErrorException: Undefined variable $incricao
[Method: GET, Route: inscricao-cliente/listar/1]
in APPPATH\Views\inscricao\listar.php on line 64.
 1 APPPATH\Views\inscricao\listar.php(64): CodeIgniter\Debug\Exceptions->errorHandler(2, 'Undefined variable $incricao', 'C:\\xampp\\htdocs\\vtornos\\app\\Views\\inscricao\\listar.php', 64)
 2 SYSTEMPATH\View\View.php(234): include('C:\\xampp\\htdocs\\vtornos\\app\\Views\\inscricao\\listar.php')
 3 SYSTEMPATH\View\View.php(237): CodeIgniter\View\View->CodeIgniter\View\{closure}()
 4 SYSTEMPATH\Common.php(1171): CodeIgniter\View\View->render('inscricao/listar', [], true)
 5 APPPATH\Controllers\InscricaoController.php(49): view('inscricao/listar', [...])
 6 SYSTEMPATH\CodeIgniter.php(933): App\Controllers\InscricaoController->listar(1)
 7 SYSTEMPATH\CodeIgniter.php(509): CodeIgniter\CodeIgniter->runController(Object(App\Controllers\InscricaoController))
 8 SYSTEMPATH\CodeIgniter.php(355): CodeIgniter\CodeIgniter->handleRequest(null, Object(Config\Cache), false)
 9 SYSTEMPATH\Boot.php(325): CodeIgniter\CodeIgniter->run()
10 SYSTEMPATH\Boot.php(67): CodeIgniter\Boot::runCodeIgniter(Object(CodeIgniter\CodeIgniter))
11 FCPATH\index.php(56): CodeIgniter\Boot::bootWeb(Object(Config\Paths))
12 SYSTEMPATH\rewrite.php(44): require_once('C:\\xampp\\htdocs\\vtornos\\public\\index.php')
INFO - 2024-11-19 14:42:59 --> Session: Class initialized using 'CodeIgniter\Session\Handlers\FileHandler' driver.
CRITICAL - 2024-11-19 14:42:59 --> ErrorException: Undefined property: stdClass::$nomeInscricao
[Method: GET, Route: inscricao-cliente/listar/1]
in APPPATH\Views\inscricao\listar.php on line 64.
 1 APPPATH\Views\inscricao\listar.php(64): CodeIgniter\Debug\Exceptions->errorHandler(2, 'Undefined property: stdClass::$nomeInscricao', 'C:\\xampp\\htdocs\\vtornos\\app\\Views\\inscricao\\listar.php', 64)
 2 SYSTEMPATH\View\View.php(234): include('C:\\xampp\\htdocs\\vtornos\\app\\Views\\inscricao\\listar.php')
 3 SYSTEMPATH\View\View.php(237): CodeIgniter\View\View->CodeIgniter\View\{closure}()
 4 SYSTEMPATH\Common.php(1171): CodeIgniter\View\View->render('inscricao/listar', [], true)
 5 APPPATH\Controllers\InscricaoController.php(49): view('inscricao/listar', [...])
 6 SYSTEMPATH\CodeIgniter.php(933): App\Controllers\InscricaoController->listar(1)
 7 SYSTEMPATH\CodeIgniter.php(509): CodeIgniter\CodeIgniter->runController(Object(App\Controllers\InscricaoController))
 8 SYSTEMPATH\CodeIgniter.php(355): CodeIgniter\CodeIgniter->handleRequest(null, Object(Config\Cache), false)
 9 SYSTEMPATH\Boot.php(325): CodeIgniter\CodeIgniter->run()
10 SYSTEMPATH\Boot.php(67): CodeIgniter\Boot::runCodeIgniter(Object(CodeIgniter\CodeIgniter))
11 FCPATH\index.php(56): CodeIgniter\Boot::bootWeb(Object(Config\Paths))
12 SYSTEMPATH\rewrite.php(44): require_once('C:\\xampp\\htdocs\\vtornos\\public\\index.php')
INFO - 2024-11-19 14:44:05 --> Session: Class initialized using 'CodeIgniter\Session\Handlers\FileHandler' driver.
ERROR - 2024-11-19 14:44:05 --> mysqli_sql_exception: Unknown column 'inscricoes.nome' in 'field list' in C:\xampp\htdocs\vtornos\system\Database\MySQLi\Connection.php:312
Stack trace:
#0 C:\xampp\htdocs\vtornos\system\Database\MySQLi\Connection.php(312): mysqli->query('SELECT `cliente...', 0)
#1 C:\xampp\htdocs\vtornos\system\Database\BaseConnection.php(734): CodeIgniter\Database\MySQLi\Connection->execute('SELECT `cliente...')
#2 C:\xampp\htdocs\vtornos\system\Database\BaseConnection.php(648): CodeIgniter\Database\BaseConnection->simpleQuery('SELECT `cliente...')
#3 C:\xampp\htdocs\vtornos\system\Database\BaseBuilder.php(1644): CodeIgniter\Database\BaseConnection->query('SELECT `cliente...', Array, false)
#4 C:\xampp\htdocs\vtornos\system\Model.php(210): CodeIgniter\Database\BaseBuilder->get()
#5 C:\xampp\htdocs\vtornos\system\BaseModel.php(610): CodeIgniter\Model->doFind(true, 1)
#6 C:\xampp\htdocs\vtornos\app\Controllers\InscricaoController.php(29): CodeIgniter\BaseModel->find(1)
#7 C:\xampp\htdocs\vtornos\system\CodeIgniter.php(933): App\Controllers\InscricaoController->listar(1)
#8 C:\xampp\htdocs\vtornos\system\CodeIgniter.php(509): CodeIgniter\CodeIgniter->runController(Object(App\Controllers\InscricaoController))
#9 C:\xampp\htdocs\vtornos\system\CodeIgniter.php(355): CodeIgniter\CodeIgniter->handleRequest(NULL, Object(Config\Cache), false)
#10 C:\xampp\htdocs\vtornos\system\Boot.php(325): CodeIgniter\CodeIgniter->run()
#11 C:\xampp\htdocs\vtornos\system\Boot.php(67): CodeIgniter\Boot::runCodeIgniter(Object(CodeIgniter\CodeIgniter))
#12 C:\xampp\htdocs\vtornos\public\index.php(56): CodeIgniter\Boot::bootWeb(Object(Config\Paths))
#13 C:\xampp\htdocs\vtornos\system\rewrite.php(44): require_once('C:\\xampp\\htdocs...')
#14 {main}
CRITICAL - 2024-11-19 14:44:05 --> CodeIgniter\Database\Exceptions\DatabaseException: Unknown column 'inscricoes.nome' in 'field list'
[Method: GET, Route: inscricao-cliente/listar/1]
in SYSTEMPATH\Database\BaseConnection.php on line 688.
 1 SYSTEMPATH\Database\BaseBuilder.php(1644): CodeIgniter\Database\BaseConnection->query('SELECT `clientes`.`idCliente`, `clientes`.`nome` as `nomeCliente`, `clientes`.`categoria` as `categoriaCliente`, `clientes`.`cpfCnpj` as `cpfCnpjCliente`, `inscricoes`.`nome` as `nomeInscricao`
FROM `clientes`
WHERE `clientes`.`idCliente` = :clientes.idCliente:', [...], false)
 2 SYSTEMPATH\Model.php(210): CodeIgniter\Database\BaseBuilder->get()
 3 SYSTEMPATH\BaseModel.php(610): CodeIgniter\Model->doFind(true, 1)
 4 APPPATH\Controllers\InscricaoController.php(29): CodeIgniter\BaseModel->find(1)
 5 SYSTEMPATH\CodeIgniter.php(933): App\Controllers\InscricaoController->listar(1)
 6 SYSTEMPATH\CodeIgniter.php(509): CodeIgniter\CodeIgniter->runController(Object(App\Controllers\InscricaoController))
 7 SYSTEMPATH\CodeIgniter.php(355): CodeIgniter\CodeIgniter->handleRequest(null, Object(Config\Cache), false)
 8 SYSTEMPATH\Boot.php(325): CodeIgniter\CodeIgniter->run()
 9 SYSTEMPATH\Boot.php(67): CodeIgniter\Boot::runCodeIgniter(Object(CodeIgniter\CodeIgniter))
10 FCPATH\index.php(56): CodeIgniter\Boot::bootWeb(Object(Config\Paths))
11 SYSTEMPATH\rewrite.php(44): require_once('C:\\xampp\\htdocs\\vtornos\\public\\index.php')
CRITICAL - 2024-11-19 14:44:05 --> [Caused by] CodeIgniter\Database\Exceptions\DatabaseException: Unknown column 'inscricoes.nome' in 'field list'
in SYSTEMPATH\Database\MySQLi\Connection.php on line 317.
 1 SYSTEMPATH\Database\BaseConnection.php(734): CodeIgniter\Database\MySQLi\Connection->execute('SELECT `clientes`.`idCliente`, `clientes`.`nome` as `nomeCliente`, `clientes`.`categoria` as `categoriaCliente`, `clientes`.`cpfCnpj` as `cpfCnpjCliente`, `inscricoes`.`nome` as `nomeInscricao`
FROM `clientes`
WHERE `clientes`.`idCliente` = 1')
 2 SYSTEMPATH\Database\BaseConnection.php(648): CodeIgniter\Database\BaseConnection->simpleQuery('SELECT `clientes`.`idCliente`, `clientes`.`nome` as `nomeCliente`, `clientes`.`categoria` as `categoriaCliente`, `clientes`.`cpfCnpj` as `cpfCnpjCliente`, `inscricoes`.`nome` as `nomeInscricao`
FROM `clientes`
WHERE `clientes`.`idCliente` = 1')
 3 SYSTEMPATH\Database\BaseBuilder.php(1644): CodeIgniter\Database\BaseConnection->query('SELECT `clientes`.`idCliente`, `clientes`.`nome` as `nomeCliente`, `clientes`.`categoria` as `categoriaCliente`, `clientes`.`cpfCnpj` as `cpfCnpjCliente`, `inscricoes`.`nome` as `nomeInscricao`
FROM `clientes`
WHERE `clientes`.`idCliente` = :clientes.idCliente:', [...], false)
 4 SYSTEMPATH\Model.php(210): CodeIgniter\Database\BaseBuilder->get()
 5 SYSTEMPATH\BaseModel.php(610): CodeIgniter\Model->doFind(true, 1)
 6 APPPATH\Controllers\InscricaoController.php(29): CodeIgniter\BaseModel->find(1)
 7 SYSTEMPATH\CodeIgniter.php(933): App\Controllers\InscricaoController->listar(1)
 8 SYSTEMPATH\CodeIgniter.php(509): CodeIgniter\CodeIgniter->runController(Object(App\Controllers\InscricaoController))
 9 SYSTEMPATH\CodeIgniter.php(355): CodeIgniter\CodeIgniter->handleRequest(null, Object(Config\Cache), false)
10 SYSTEMPATH\Boot.php(325): CodeIgniter\CodeIgniter->run()
11 SYSTEMPATH\Boot.php(67): CodeIgniter\Boot::runCodeIgniter(Object(CodeIgniter\CodeIgniter))
12 FCPATH\index.php(56): CodeIgniter\Boot::bootWeb(Object(Config\Paths))
13 SYSTEMPATH\rewrite.php(44): require_once('C:\\xampp\\htdocs\\vtornos\\public\\index.php')
CRITICAL - 2024-11-19 14:44:05 --> [Caused by] mysqli_sql_exception: Unknown column 'inscricoes.nome' in 'field list'
in SYSTEMPATH\Database\MySQLi\Connection.php on line 312.
 1 SYSTEMPATH\Database\MySQLi\Connection.php(312): mysqli->query('SELECT `clientes`.`idCliente`, `clientes`.`nome` as `nomeCliente`, `clientes`.`categoria` as `categoriaCliente`, `clientes`.`cpfCnpj` as `cpfCnpjCliente`, `inscricoes`.`nome` as `nomeInscricao`
FROM `clientes`
WHERE `clientes`.`idCliente` = 1', 0)
 2 SYSTEMPATH\Database\BaseConnection.php(734): CodeIgniter\Database\MySQLi\Connection->execute('SELECT `clientes`.`idCliente`, `clientes`.`nome` as `nomeCliente`, `clientes`.`categoria` as `categoriaCliente`, `clientes`.`cpfCnpj` as `cpfCnpjCliente`, `inscricoes`.`nome` as `nomeInscricao`
FROM `clientes`
WHERE `clientes`.`idCliente` = 1')
 3 SYSTEMPATH\Database\BaseConnection.php(648): CodeIgniter\Database\BaseConnection->simpleQuery('SELECT `clientes`.`idCliente`, `clientes`.`nome` as `nomeCliente`, `clientes`.`categoria` as `categoriaCliente`, `clientes`.`cpfCnpj` as `cpfCnpjCliente`, `inscricoes`.`nome` as `nomeInscricao`
FROM `clientes`
WHERE `clientes`.`idCliente` = 1')
 4 SYSTEMPATH\Database\BaseBuilder.php(1644): CodeIgniter\Database\BaseConnection->query('SELECT `clientes`.`idCliente`, `clientes`.`nome` as `nomeCliente`, `clientes`.`categoria` as `categoriaCliente`, `clientes`.`cpfCnpj` as `cpfCnpjCliente`, `inscricoes`.`nome` as `nomeInscricao`
FROM `clientes`
WHERE `clientes`.`idCliente` = :clientes.idCliente:', [...], false)
 5 SYSTEMPATH\Model.php(210): CodeIgniter\Database\BaseBuilder->get()
 6 SYSTEMPATH\BaseModel.php(610): CodeIgniter\Model->doFind(true, 1)
 7 APPPATH\Controllers\InscricaoController.php(29): CodeIgniter\BaseModel->find(1)
 8 SYSTEMPATH\CodeIgniter.php(933): App\Controllers\InscricaoController->listar(1)
 9 SYSTEMPATH\CodeIgniter.php(509): CodeIgniter\CodeIgniter->runController(Object(App\Controllers\InscricaoController))
10 SYSTEMPATH\CodeIgniter.php(355): CodeIgniter\CodeIgniter->handleRequest(null, Object(Config\Cache), false)
11 SYSTEMPATH\Boot.php(325): CodeIgniter\CodeIgniter->run()
12 SYSTEMPATH\Boot.php(67): CodeIgniter\Boot::runCodeIgniter(Object(CodeIgniter\CodeIgniter))
13 FCPATH\index.php(56): CodeIgniter\Boot::bootWeb(Object(Config\Paths))
14 SYSTEMPATH\rewrite.php(44): require_once('C:\\xampp\\htdocs\\vtornos\\public\\index.php')
INFO - 2024-11-19 14:45:45 --> Session: Class initialized using 'CodeIgniter\Session\Handlers\FileHandler' driver.
ERROR - 2024-11-19 14:45:45 --> mysqli_sql_exception: Unknown column 'inscricoes.idInscricao' in 'field list' in C:\xampp\htdocs\vtornos\system\Database\MySQLi\Connection.php:312
Stack trace:
#0 C:\xampp\htdocs\vtornos\system\Database\MySQLi\Connection.php(312): mysqli->query('SELECT `cliente...', 0)
#1 C:\xampp\htdocs\vtornos\system\Database\BaseConnection.php(734): CodeIgniter\Database\MySQLi\Connection->execute('SELECT `cliente...')
#2 C:\xampp\htdocs\vtornos\system\Database\BaseConnection.php(648): CodeIgniter\Database\BaseConnection->simpleQuery('SELECT `cliente...')
#3 C:\xampp\htdocs\vtornos\system\Database\BaseBuilder.php(1644): CodeIgniter\Database\BaseConnection->query('SELECT `cliente...', Array, false)
#4 C:\xampp\htdocs\vtornos\system\Model.php(210): CodeIgniter\Database\BaseBuilder->get()
#5 C:\xampp\htdocs\vtornos\system\BaseModel.php(610): CodeIgniter\Model->doFind(true, 1)
#6 C:\xampp\htdocs\vtornos\app\Controllers\InscricaoController.php(29): CodeIgniter\BaseModel->find(1)
#7 C:\xampp\htdocs\vtornos\system\CodeIgniter.php(933): App\Controllers\InscricaoController->listar(1)
#8 C:\xampp\htdocs\vtornos\system\CodeIgniter.php(509): CodeIgniter\CodeIgniter->runController(Object(App\Controllers\InscricaoController))
#9 C:\xampp\htdocs\vtornos\system\CodeIgniter.php(355): CodeIgniter\CodeIgniter->handleRequest(NULL, Object(Config\Cache), false)
#10 C:\xampp\htdocs\vtornos\system\Boot.php(325): CodeIgniter\CodeIgniter->run()
#11 C:\xampp\htdocs\vtornos\system\Boot.php(67): CodeIgniter\Boot::runCodeIgniter(Object(CodeIgniter\CodeIgniter))
#12 C:\xampp\htdocs\vtornos\public\index.php(56): CodeIgniter\Boot::bootWeb(Object(Config\Paths))
#13 C:\xampp\htdocs\vtornos\system\rewrite.php(44): require_once('C:\\xampp\\htdocs...')
#14 {main}
CRITICAL - 2024-11-19 14:45:45 --> CodeIgniter\Database\Exceptions\DatabaseException: Unknown column 'inscricoes.idInscricao' in 'field list'
[Method: GET, Route: inscricao-cliente/listar/1]
in SYSTEMPATH\Database\BaseConnection.php on line 688.
 1 SYSTEMPATH\Database\BaseBuilder.php(1644): CodeIgniter\Database\BaseConnection->query('SELECT `clientes`.`idCliente`, `clientes`.`nome` as `nomeCliente`, `clientes`.`categoria` as `categoriaCliente`, `clientes`.`cpfCnpj` as `cpfCnpjCliente`, `inscricoes`.`idInscricao`, `inscricoes`.`nome` as `nomeInscricao`
FROM `clientes`
WHERE `clientes`.`idCliente` = :clientes.idCliente:', [...], false)
 2 SYSTEMPATH\Model.php(210): CodeIgniter\Database\BaseBuilder->get()
 3 SYSTEMPATH\BaseModel.php(610): CodeIgniter\Model->doFind(true, 1)
 4 APPPATH\Controllers\InscricaoController.php(29): CodeIgniter\BaseModel->find(1)
 5 SYSTEMPATH\CodeIgniter.php(933): App\Controllers\InscricaoController->listar(1)
 6 SYSTEMPATH\CodeIgniter.php(509): CodeIgniter\CodeIgniter->runController(Object(App\Controllers\InscricaoController))
 7 SYSTEMPATH\CodeIgniter.php(355): CodeIgniter\CodeIgniter->handleRequest(null, Object(Config\Cache), false)
 8 SYSTEMPATH\Boot.php(325): CodeIgniter\CodeIgniter->run()
 9 SYSTEMPATH\Boot.php(67): CodeIgniter\Boot::runCodeIgniter(Object(CodeIgniter\CodeIgniter))
10 FCPATH\index.php(56): CodeIgniter\Boot::bootWeb(Object(Config\Paths))
11 SYSTEMPATH\rewrite.php(44): require_once('C:\\xampp\\htdocs\\vtornos\\public\\index.php')
CRITICAL - 2024-11-19 14:45:45 --> [Caused by] CodeIgniter\Database\Exceptions\DatabaseException: Unknown column 'inscricoes.idInscricao' in 'field list'
in SYSTEMPATH\Database\MySQLi\Connection.php on line 317.
 1 SYSTEMPATH\Database\BaseConnection.php(734): CodeIgniter\Database\MySQLi\Connection->execute('SELECT `clientes`.`idCliente`, `clientes`.`nome` as `nomeCliente`, `clientes`.`categoria` as `categoriaCliente`, `clientes`.`cpfCnpj` as `cpfCnpjCliente`, `inscricoes`.`idInscricao`, `inscricoes`.`nome` as `nomeInscricao`
FROM `clientes`
WHERE `clientes`.`idCliente` = 1')
 2 SYSTEMPATH\Database\BaseConnection.php(648): CodeIgniter\Database\BaseConnection->simpleQuery('SELECT `clientes`.`idCliente`, `clientes`.`nome` as `nomeCliente`, `clientes`.`categoria` as `categoriaCliente`, `clientes`.`cpfCnpj` as `cpfCnpjCliente`, `inscricoes`.`idInscricao`, `inscricoes`.`nome` as `nomeInscricao`
FROM `clientes`
WHERE `clientes`.`idCliente` = 1')
 3 SYSTEMPATH\Database\BaseBuilder.php(1644): CodeIgniter\Database\BaseConnection->query('SELECT `clientes`.`idCliente`, `clientes`.`nome` as `nomeCliente`, `clientes`.`categoria` as `categoriaCliente`, `clientes`.`cpfCnpj` as `cpfCnpjCliente`, `inscricoes`.`idInscricao`, `inscricoes`.`nome` as `nomeInscricao`
FROM `clientes`
WHERE `clientes`.`idCliente` = :clientes.idCliente:', [...], false)
 4 SYSTEMPATH\Model.php(210): CodeIgniter\Database\BaseBuilder->get()
 5 SYSTEMPATH\BaseModel.php(610): CodeIgniter\Model->doFind(true, 1)
 6 APPPATH\Controllers\InscricaoController.php(29): CodeIgniter\BaseModel->find(1)
 7 SYSTEMPATH\CodeIgniter.php(933): App\Controllers\InscricaoController->listar(1)
 8 SYSTEMPATH\CodeIgniter.php(509): CodeIgniter\CodeIgniter->runController(Object(App\Controllers\InscricaoController))
 9 SYSTEMPATH\CodeIgniter.php(355): CodeIgniter\CodeIgniter->handleRequest(null, Object(Config\Cache), false)
10 SYSTEMPATH\Boot.php(325): CodeIgniter\CodeIgniter->run()
11 SYSTEMPATH\Boot.php(67): CodeIgniter\Boot::runCodeIgniter(Object(CodeIgniter\CodeIgniter))
12 FCPATH\index.php(56): CodeIgniter\Boot::bootWeb(Object(Config\Paths))
13 SYSTEMPATH\rewrite.php(44): require_once('C:\\xampp\\htdocs\\vtornos\\public\\index.php')
CRITICAL - 2024-11-19 14:45:45 --> [Caused by] mysqli_sql_exception: Unknown column 'inscricoes.idInscricao' in 'field list'
in SYSTEMPATH\Database\MySQLi\Connection.php on line 312.
 1 SYSTEMPATH\Database\MySQLi\Connection.php(312): mysqli->query('SELECT `clientes`.`idCliente`, `clientes`.`nome` as `nomeCliente`, `clientes`.`categoria` as `categoriaCliente`, `clientes`.`cpfCnpj` as `cpfCnpjCliente`, `inscricoes`.`idInscricao`, `inscricoes`.`nome` as `nomeInscricao`
FROM `clientes`
WHERE `clientes`.`idCliente` = 1', 0)
 2 SYSTEMPATH\Database\BaseConnection.php(734): CodeIgniter\Database\MySQLi\Connection->execute('SELECT `clientes`.`idCliente`, `clientes`.`nome` as `nomeCliente`, `clientes`.`categoria` as `categoriaCliente`, `clientes`.`cpfCnpj` as `cpfCnpjCliente`, `inscricoes`.`idInscricao`, `inscricoes`.`nome` as `nomeInscricao`
FROM `clientes`
WHERE `clientes`.`idCliente` = 1')
 3 SYSTEMPATH\Database\BaseConnection.php(648): CodeIgniter\Database\BaseConnection->simpleQuery('SELECT `clientes`.`idCliente`, `clientes`.`nome` as `nomeCliente`, `clientes`.`categoria` as `categoriaCliente`, `clientes`.`cpfCnpj` as `cpfCnpjCliente`, `inscricoes`.`idInscricao`, `inscricoes`.`nome` as `nomeInscricao`
FROM `clientes`
WHERE `clientes`.`idCliente` = 1')
 4 SYSTEMPATH\Database\BaseBuilder.php(1644): CodeIgniter\Database\BaseConnection->query('SELECT `clientes`.`idCliente`, `clientes`.`nome` as `nomeCliente`, `clientes`.`categoria` as `categoriaCliente`, `clientes`.`cpfCnpj` as `cpfCnpjCliente`, `inscricoes`.`idInscricao`, `inscricoes`.`nome` as `nomeInscricao`
FROM `clientes`
WHERE `clientes`.`idCliente` = :clientes.idCliente:', [...], false)
 5 SYSTEMPATH\Model.php(210): CodeIgniter\Database\BaseBuilder->get()
 6 SYSTEMPATH\BaseModel.php(610): CodeIgniter\Model->doFind(true, 1)
 7 APPPATH\Controllers\InscricaoController.php(29): CodeIgniter\BaseModel->find(1)
 8 SYSTEMPATH\CodeIgniter.php(933): App\Controllers\InscricaoController->listar(1)
 9 SYSTEMPATH\CodeIgniter.php(509): CodeIgniter\CodeIgniter->runController(Object(App\Controllers\InscricaoController))
10 SYSTEMPATH\CodeIgniter.php(355): CodeIgniter\CodeIgniter->handleRequest(null, Object(Config\Cache), false)
11 SYSTEMPATH\Boot.php(325): CodeIgniter\CodeIgniter->run()
12 SYSTEMPATH\Boot.php(67): CodeIgniter\Boot::runCodeIgniter(Object(CodeIgniter\CodeIgniter))
13 FCPATH\index.php(56): CodeIgniter\Boot::bootWeb(Object(Config\Paths))
14 SYSTEMPATH\rewrite.php(44): require_once('C:\\xampp\\htdocs\\vtornos\\public\\index.php')
INFO - 2024-11-19 14:47:53 --> Session: Class initialized using 'CodeIgniter\Session\Handlers\FileHandler' driver.
ERROR - 2024-11-19 14:47:53 --> mysqli_sql_exception: Unknown column 'clientes.idCliente' in 'field list' in C:\xampp\htdocs\vtornos\system\Database\MySQLi\Connection.php:312
Stack trace:
#0 C:\xampp\htdocs\vtornos\system\Database\MySQLi\Connection.php(312): mysqli->query('SELECT `cliente...', 0)
#1 C:\xampp\htdocs\vtornos\system\Database\BaseConnection.php(734): CodeIgniter\Database\MySQLi\Connection->execute('SELECT `cliente...')
#2 C:\xampp\htdocs\vtornos\system\Database\BaseConnection.php(648): CodeIgniter\Database\BaseConnection->simpleQuery('SELECT `cliente...')
#3 C:\xampp\htdocs\vtornos\system\Database\BaseBuilder.php(1644): CodeIgniter\Database\BaseConnection->query('SELECT `cliente...', Array, false)
#4 C:\xampp\htdocs\vtornos\system\Model.php(210): CodeIgniter\Database\BaseBuilder->get()
#5 C:\xampp\htdocs\vtornos\system\BaseModel.php(610): CodeIgniter\Model->doFind(true, 1)
#6 C:\xampp\htdocs\vtornos\app\Controllers\InscricaoController.php(30): CodeIgniter\BaseModel->find(1)
#7 C:\xampp\htdocs\vtornos\system\CodeIgniter.php(933): App\Controllers\InscricaoController->listar(1)
#8 C:\xampp\htdocs\vtornos\system\CodeIgniter.php(509): CodeIgniter\CodeIgniter->runController(Object(App\Controllers\InscricaoController))
#9 C:\xampp\htdocs\vtornos\system\CodeIgniter.php(355): CodeIgniter\CodeIgniter->handleRequest(NULL, Object(Config\Cache), false)
#10 C:\xampp\htdocs\vtornos\system\Boot.php(325): CodeIgniter\CodeIgniter->run()
#11 C:\xampp\htdocs\vtornos\system\Boot.php(67): CodeIgniter\Boot::runCodeIgniter(Object(CodeIgniter\CodeIgniter))
#12 C:\xampp\htdocs\vtornos\public\index.php(56): CodeIgniter\Boot::bootWeb(Object(Config\Paths))
#13 C:\xampp\htdocs\vtornos\system\rewrite.php(44): require_once('C:\\xampp\\htdocs...')
#14 {main}
CRITICAL - 2024-11-19 14:47:53 --> CodeIgniter\Database\Exceptions\DatabaseException: Unknown column 'clientes.idCliente' in 'field list'
[Method: GET, Route: inscricao-cliente/listar/1]
in SYSTEMPATH\Database\BaseConnection.php on line 688.
 1 SYSTEMPATH\Database\BaseBuilder.php(1644): CodeIgniter\Database\BaseConnection->query('SELECT `clientes`.`idCliente`, `clientes`.`nome` as `nomeCliente`, `clientes`.`categoria` as `categoriaCliente`, `clientes`.`cpfCnpj` as `cpfCnpjCliente`, `inscricoes`.`idInscricao`, `inscricoes`.`nome` as `nomeInscricao`
FROM `inscricoes`
WHERE `inscricoes`.`idInscricao` = :inscricoes.idInscricao:', [...], false)
 2 SYSTEMPATH\Model.php(210): CodeIgniter\Database\BaseBuilder->get()
 3 SYSTEMPATH\BaseModel.php(610): CodeIgniter\Model->doFind(true, 1)
 4 APPPATH\Controllers\InscricaoController.php(30): CodeIgniter\BaseModel->find(1)
 5 SYSTEMPATH\CodeIgniter.php(933): App\Controllers\InscricaoController->listar(1)
 6 SYSTEMPATH\CodeIgniter.php(509): CodeIgniter\CodeIgniter->runController(Object(App\Controllers\InscricaoController))
 7 SYSTEMPATH\CodeIgniter.php(355): CodeIgniter\CodeIgniter->handleRequest(null, Object(Config\Cache), false)
 8 SYSTEMPATH\Boot.php(325): CodeIgniter\CodeIgniter->run()
 9 SYSTEMPATH\Boot.php(67): CodeIgniter\Boot::runCodeIgniter(Object(CodeIgniter\CodeIgniter))
10 FCPATH\index.php(56): CodeIgniter\Boot::bootWeb(Object(Config\Paths))
11 SYSTEMPATH\rewrite.php(44): require_once('C:\\xampp\\htdocs\\vtornos\\public\\index.php')
CRITICAL - 2024-11-19 14:47:53 --> [Caused by] CodeIgniter\Database\Exceptions\DatabaseException: Unknown column 'clientes.idCliente' in 'field list'
in SYSTEMPATH\Database\MySQLi\Connection.php on line 317.
 1 SYSTEMPATH\Database\BaseConnection.php(734): CodeIgniter\Database\MySQLi\Connection->execute('SELECT `clientes`.`idCliente`, `clientes`.`nome` as `nomeCliente`, `clientes`.`categoria` as `categoriaCliente`, `clientes`.`cpfCnpj` as `cpfCnpjCliente`, `inscricoes`.`idInscricao`, `inscricoes`.`nome` as `nomeInscricao`
FROM `inscricoes`
WHERE `inscricoes`.`idInscricao` = 1')
 2 SYSTEMPATH\Database\BaseConnection.php(648): CodeIgniter\Database\BaseConnection->simpleQuery('SELECT `clientes`.`idCliente`, `clientes`.`nome` as `nomeCliente`, `clientes`.`categoria` as `categoriaCliente`, `clientes`.`cpfCnpj` as `cpfCnpjCliente`, `inscricoes`.`idInscricao`, `inscricoes`.`nome` as `nomeInscricao`
FROM `inscricoes`
WHERE `inscricoes`.`idInscricao` = 1')
 3 SYSTEMPATH\Database\BaseBuilder.php(1644): CodeIgniter\Database\BaseConnection->query('SELECT `clientes`.`idCliente`, `clientes`.`nome` as `nomeCliente`, `clientes`.`categoria` as `categoriaCliente`, `clientes`.`cpfCnpj` as `cpfCnpjCliente`, `inscricoes`.`idInscricao`, `inscricoes`.`nome` as `nomeInscricao`
FROM `inscricoes`
WHERE `inscricoes`.`idInscricao` = :inscricoes.idInscricao:', [...], false)
 4 SYSTEMPATH\Model.php(210): CodeIgniter\Database\BaseBuilder->get()
 5 SYSTEMPATH\BaseModel.php(610): CodeIgniter\Model->doFind(true, 1)
 6 APPPATH\Controllers\InscricaoController.php(30): CodeIgniter\BaseModel->find(1)
 7 SYSTEMPATH\CodeIgniter.php(933): App\Controllers\InscricaoController->listar(1)
 8 SYSTEMPATH\CodeIgniter.php(509): CodeIgniter\CodeIgniter->runController(Object(App\Controllers\InscricaoController))
 9 SYSTEMPATH\CodeIgniter.php(355): CodeIgniter\CodeIgniter->handleRequest(null, Object(Config\Cache), false)
10 SYSTEMPATH\Boot.php(325): CodeIgniter\CodeIgniter->run()
11 SYSTEMPATH\Boot.php(67): CodeIgniter\Boot::runCodeIgniter(Object(CodeIgniter\CodeIgniter))
12 FCPATH\index.php(56): CodeIgniter\Boot::bootWeb(Object(Config\Paths))
13 SYSTEMPATH\rewrite.php(44): require_once('C:\\xampp\\htdocs\\vtornos\\public\\index.php')
CRITICAL - 2024-11-19 14:47:53 --> [Caused by] mysqli_sql_exception: Unknown column 'clientes.idCliente' in 'field list'
in SYSTEMPATH\Database\MySQLi\Connection.php on line 312.
 1 SYSTEMPATH\Database\MySQLi\Connection.php(312): mysqli->query('SELECT `clientes`.`idCliente`, `clientes`.`nome` as `nomeCliente`, `clientes`.`categoria` as `categoriaCliente`, `clientes`.`cpfCnpj` as `cpfCnpjCliente`, `inscricoes`.`idInscricao`, `inscricoes`.`nome` as `nomeInscricao`
FROM `inscricoes`
WHERE `inscricoes`.`idInscricao` = 1', 0)
 2 SYSTEMPATH\Database\BaseConnection.php(734): CodeIgniter\Database\MySQLi\Connection->execute('SELECT `clientes`.`idCliente`, `clientes`.`nome` as `nomeCliente`, `clientes`.`categoria` as `categoriaCliente`, `clientes`.`cpfCnpj` as `cpfCnpjCliente`, `inscricoes`.`idInscricao`, `inscricoes`.`nome` as `nomeInscricao`
FROM `inscricoes`
WHERE `inscricoes`.`idInscricao` = 1')
 3 SYSTEMPATH\Database\BaseConnection.php(648): CodeIgniter\Database\BaseConnection->simpleQuery('SELECT `clientes`.`idCliente`, `clientes`.`nome` as `nomeCliente`, `clientes`.`categoria` as `categoriaCliente`, `clientes`.`cpfCnpj` as `cpfCnpjCliente`, `inscricoes`.`idInscricao`, `inscricoes`.`nome` as `nomeInscricao`
FROM `inscricoes`
WHERE `inscricoes`.`idInscricao` = 1')
 4 SYSTEMPATH\Database\BaseBuilder.php(1644): CodeIgniter\Database\BaseConnection->query('SELECT `clientes`.`idCliente`, `clientes`.`nome` as `nomeCliente`, `clientes`.`categoria` as `categoriaCliente`, `clientes`.`cpfCnpj` as `cpfCnpjCliente`, `inscricoes`.`idInscricao`, `inscricoes`.`nome` as `nomeInscricao`
FROM `inscricoes`
WHERE `inscricoes`.`idInscricao` = :inscricoes.idInscricao:', [...], false)
 5 SYSTEMPATH\Model.php(210): CodeIgniter\Database\BaseBuilder->get()
 6 SYSTEMPATH\BaseModel.php(610): CodeIgniter\Model->doFind(true, 1)
 7 APPPATH\Controllers\InscricaoController.php(30): CodeIgniter\BaseModel->find(1)
 8 SYSTEMPATH\CodeIgniter.php(933): App\Controllers\InscricaoController->listar(1)
 9 SYSTEMPATH\CodeIgniter.php(509): CodeIgniter\CodeIgniter->runController(Object(App\Controllers\InscricaoController))
10 SYSTEMPATH\CodeIgniter.php(355): CodeIgniter\CodeIgniter->handleRequest(null, Object(Config\Cache), false)
11 SYSTEMPATH\Boot.php(325): CodeIgniter\CodeIgniter->run()
12 SYSTEMPATH\Boot.php(67): CodeIgniter\Boot::runCodeIgniter(Object(CodeIgniter\CodeIgniter))
13 FCPATH\index.php(56): CodeIgniter\Boot::bootWeb(Object(Config\Paths))
14 SYSTEMPATH\rewrite.php(44): require_once('C:\\xampp\\htdocs\\vtornos\\public\\index.php')
INFO - 2024-11-19 14:49:09 --> Session: Class initialized using 'CodeIgniter\Session\Handlers\FileHandler' driver.
CRITICAL - 2024-11-19 14:49:09 --> ErrorException: Undefined property: stdClass::$nomeCliente
[Method: GET, Route: inscricao-cliente/listar/1]
in APPPATH\Views\inscricao\listar.php on line 33.
 1 APPPATH\Views\inscricao\listar.php(33): CodeIgniter\Debug\Exceptions->errorHandler(2, 'Undefined property: stdClass::$nomeCliente', 'C:\\xampp\\htdocs\\vtornos\\app\\Views\\inscricao\\listar.php', 33)
 2 SYSTEMPATH\View\View.php(234): include('C:\\xampp\\htdocs\\vtornos\\app\\Views\\inscricao\\listar.php')
 3 SYSTEMPATH\View\View.php(237): CodeIgniter\View\View->CodeIgniter\View\{closure}()
 4 SYSTEMPATH\Common.php(1171): CodeIgniter\View\View->render('inscricao/listar', [], true)
 5 APPPATH\Controllers\InscricaoController.php(29): view('inscricao/listar', [...])
 6 SYSTEMPATH\CodeIgniter.php(933): App\Controllers\InscricaoController->listar(1)
 7 SYSTEMPATH\CodeIgniter.php(509): CodeIgniter\CodeIgniter->runController(Object(App\Controllers\InscricaoController))
 8 SYSTEMPATH\CodeIgniter.php(355): CodeIgniter\CodeIgniter->handleRequest(null, Object(Config\Cache), false)
 9 SYSTEMPATH\Boot.php(325): CodeIgniter\CodeIgniter->run()
10 SYSTEMPATH\Boot.php(67): CodeIgniter\Boot::runCodeIgniter(Object(CodeIgniter\CodeIgniter))
11 FCPATH\index.php(56): CodeIgniter\Boot::bootWeb(Object(Config\Paths))
12 SYSTEMPATH\rewrite.php(44): require_once('C:\\xampp\\htdocs\\vtornos\\public\\index.php')
INFO - 2024-11-19 14:49:29 --> Session: Class initialized using 'CodeIgniter\Session\Handlers\FileHandler' driver.
INFO - 2024-11-19 14:49:54 --> Session: Class initialized using 'CodeIgniter\Session\Handlers\FileHandler' driver.
INFO - 2024-11-19 14:51:30 --> Session: Class initialized using 'CodeIgniter\Session\Handlers\FileHandler' driver.
INFO - 2024-11-19 14:51:47 --> Session: Class initialized using 'CodeIgniter\Session\Handlers\FileHandler' driver.
CRITICAL - 2024-11-19 14:51:47 --> ErrorException: Undefined property: stdClass::$nomeCliente
[Method: GET, Route: inscricao-cliente/listar/1]
in APPPATH\Views\inscricao\listar.php on line 33.
 1 APPPATH\Views\inscricao\listar.php(33): CodeIgniter\Debug\Exceptions->errorHandler(2, 'Undefined property: stdClass::$nomeCliente', 'C:\\xampp\\htdocs\\vtornos\\app\\Views\\inscricao\\listar.php', 33)
 2 SYSTEMPATH\View\View.php(234): include('C:\\xampp\\htdocs\\vtornos\\app\\Views\\inscricao\\listar.php')
 3 SYSTEMPATH\View\View.php(237): CodeIgniter\View\View->CodeIgniter\View\{closure}()
 4 SYSTEMPATH\Common.php(1171): CodeIgniter\View\View->render('inscricao/listar', [], true)
 5 APPPATH\Controllers\InscricaoController.php(29): view('inscricao/listar', [...])
 6 SYSTEMPATH\CodeIgniter.php(933): App\Controllers\InscricaoController->listar(1)
 7 SYSTEMPATH\CodeIgniter.php(509): CodeIgniter\CodeIgniter->runController(Object(App\Controllers\InscricaoController))
 8 SYSTEMPATH\CodeIgniter.php(355): CodeIgniter\CodeIgniter->handleRequest(null, Object(Config\Cache), false)
 9 SYSTEMPATH\Boot.php(325): CodeIgniter\CodeIgniter->run()
10 SYSTEMPATH\Boot.php(67): CodeIgniter\Boot::runCodeIgniter(Object(CodeIgniter\CodeIgniter))
11 FCPATH\index.php(56): CodeIgniter\Boot::bootWeb(Object(Config\Paths))
12 SYSTEMPATH\rewrite.php(44): require_once('C:\\xampp\\htdocs\\vtornos\\public\\index.php')
INFO - 2024-11-19 14:52:33 --> Session: Class initialized using 'CodeIgniter\Session\Handlers\FileHandler' driver.
INFO - 2024-11-19 15:09:06 --> Session: Class initialized using 'CodeIgniter\Session\Handlers\FileHandler' driver.
ERROR - 2024-11-19 15:09:06 --> mysqli_sql_exception: Unknown column 'localidades.nome' in 'field list' in C:\xampp\htdocs\vtornos\system\Database\MySQLi\Connection.php:312
Stack trace:
#0 C:\xampp\htdocs\vtornos\system\Database\MySQLi\Connection.php(312): mysqli->query('SELECT `inscric...', 0)
#1 C:\xampp\htdocs\vtornos\system\Database\BaseConnection.php(734): CodeIgniter\Database\MySQLi\Connection->execute('SELECT `inscric...')
#2 C:\xampp\htdocs\vtornos\system\Database\BaseConnection.php(648): CodeIgniter\Database\BaseConnection->simpleQuery('SELECT `inscric...')
#3 C:\xampp\htdocs\vtornos\system\Database\BaseBuilder.php(1644): CodeIgniter\Database\BaseConnection->query('SELECT `inscric...', Array, false)
#4 C:\xampp\htdocs\vtornos\system\Model.php(286): CodeIgniter\Database\BaseBuilder->get()
#5 C:\xampp\htdocs\vtornos\system\BaseModel.php(676): CodeIgniter\Model->doFindAll(10, 0)
#6 C:\xampp\htdocs\vtornos\system\BaseModel.php(1288): CodeIgniter\BaseModel->findAll(10, 0)
#7 C:\xampp\htdocs\vtornos\app\Controllers\InscricaoController.php(29): CodeIgniter\BaseModel->paginate(10)
#8 C:\xampp\htdocs\vtornos\system\CodeIgniter.php(933): App\Controllers\InscricaoController->listar(1)
#9 C:\xampp\htdocs\vtornos\system\CodeIgniter.php(509): CodeIgniter\CodeIgniter->runController(Object(App\Controllers\InscricaoController))
#10 C:\xampp\htdocs\vtornos\system\CodeIgniter.php(355): CodeIgniter\CodeIgniter->handleRequest(NULL, Object(Config\Cache), false)
#11 C:\xampp\htdocs\vtornos\system\Boot.php(325): CodeIgniter\CodeIgniter->run()
#12 C:\xampp\htdocs\vtornos\system\Boot.php(67): CodeIgniter\Boot::runCodeIgniter(Object(CodeIgniter\CodeIgniter))
#13 C:\xampp\htdocs\vtornos\public\index.php(56): CodeIgniter\Boot::bootWeb(Object(Config\Paths))
#14 C:\xampp\htdocs\vtornos\system\rewrite.php(44): require_once('C:\\xampp\\htdocs...')
#15 {main}
CRITICAL - 2024-11-19 15:09:06 --> CodeIgniter\Database\Exceptions\DatabaseException: Unknown column 'localidades.nome' in 'field list'
[Method: GET, Route: inscricao-cliente/listar/1]
in SYSTEMPATH\Database\BaseConnection.php on line 688.
 1 SYSTEMPATH\Database\BaseBuilder.php(1644): CodeIgniter\Database\BaseConnection->query('SELECT `inscricoes`.`idInscricao`, `inscricoes`.`nome` as `nomeLocalidade`, `localidades`.`nome` as `nomeLocalidade`, `cidades`.`nome` as `nomeCidade`, `estados`.`nome`
FROM `inscricoes`
WHERE `idCliente` = :idCliente:
 LIMIT 10', [...], false)
 2 SYSTEMPATH\Model.php(286): CodeIgniter\Database\BaseBuilder->get()
 3 SYSTEMPATH\BaseModel.php(676): CodeIgniter\Model->doFindAll(10, 0)
 4 SYSTEMPATH\BaseModel.php(1288): CodeIgniter\BaseModel->findAll(10, 0)
 5 APPPATH\Controllers\InscricaoController.php(29): CodeIgniter\BaseModel->paginate(10)
 6 SYSTEMPATH\CodeIgniter.php(933): App\Controllers\InscricaoController->listar(1)
 7 SYSTEMPATH\CodeIgniter.php(509): CodeIgniter\CodeIgniter->runController(Object(App\Controllers\InscricaoController))
 8 SYSTEMPATH\CodeIgniter.php(355): CodeIgniter\CodeIgniter->handleRequest(null, Object(Config\Cache), false)
 9 SYSTEMPATH\Boot.php(325): CodeIgniter\CodeIgniter->run()
10 SYSTEMPATH\Boot.php(67): CodeIgniter\Boot::runCodeIgniter(Object(CodeIgniter\CodeIgniter))
11 FCPATH\index.php(56): CodeIgniter\Boot::bootWeb(Object(Config\Paths))
12 SYSTEMPATH\rewrite.php(44): require_once('C:\\xampp\\htdocs\\vtornos\\public\\index.php')
CRITICAL - 2024-11-19 15:09:06 --> [Caused by] CodeIgniter\Database\Exceptions\DatabaseException: Unknown column 'localidades.nome' in 'field list'
in SYSTEMPATH\Database\MySQLi\Connection.php on line 317.
 1 SYSTEMPATH\Database\BaseConnection.php(734): CodeIgniter\Database\MySQLi\Connection->execute('SELECT `inscricoes`.`idInscricao`, `inscricoes`.`nome` as `nomeLocalidade`, `localidades`.`nome` as `nomeLocalidade`, `cidades`.`nome` as `nomeCidade`, `estados`.`nome`
FROM `inscricoes`
WHERE `idCliente` = 1
 LIMIT 10')
 2 SYSTEMPATH\Database\BaseConnection.php(648): CodeIgniter\Database\BaseConnection->simpleQuery('SELECT `inscricoes`.`idInscricao`, `inscricoes`.`nome` as `nomeLocalidade`, `localidades`.`nome` as `nomeLocalidade`, `cidades`.`nome` as `nomeCidade`, `estados`.`nome`
FROM `inscricoes`
WHERE `idCliente` = 1
 LIMIT 10')
 3 SYSTEMPATH\Database\BaseBuilder.php(1644): CodeIgniter\Database\BaseConnection->query('SELECT `inscricoes`.`idInscricao`, `inscricoes`.`nome` as `nomeLocalidade`, `localidades`.`nome` as `nomeLocalidade`, `cidades`.`nome` as `nomeCidade`, `estados`.`nome`
FROM `inscricoes`
WHERE `idCliente` = :idCliente:
 LIMIT 10', [...], false)
 4 SYSTEMPATH\Model.php(286): CodeIgniter\Database\BaseBuilder->get()
 5 SYSTEMPATH\BaseModel.php(676): CodeIgniter\Model->doFindAll(10, 0)
 6 SYSTEMPATH\BaseModel.php(1288): CodeIgniter\BaseModel->findAll(10, 0)
 7 APPPATH\Controllers\InscricaoController.php(29): CodeIgniter\BaseModel->paginate(10)
 8 SYSTEMPATH\CodeIgniter.php(933): App\Controllers\InscricaoController->listar(1)
 9 SYSTEMPATH\CodeIgniter.php(509): CodeIgniter\CodeIgniter->runController(Object(App\Controllers\InscricaoController))
10 SYSTEMPATH\CodeIgniter.php(355): CodeIgniter\CodeIgniter->handleRequest(null, Object(Config\Cache), false)
11 SYSTEMPATH\Boot.php(325): CodeIgniter\CodeIgniter->run()
12 SYSTEMPATH\Boot.php(67): CodeIgniter\Boot::runCodeIgniter(Object(CodeIgniter\CodeIgniter))
13 FCPATH\index.php(56): CodeIgniter\Boot::bootWeb(Object(Config\Paths))
14 SYSTEMPATH\rewrite.php(44): require_once('C:\\xampp\\htdocs\\vtornos\\public\\index.php')
CRITICAL - 2024-11-19 15:09:06 --> [Caused by] mysqli_sql_exception: Unknown column 'localidades.nome' in 'field list'
in SYSTEMPATH\Database\MySQLi\Connection.php on line 312.
 1 SYSTEMPATH\Database\MySQLi\Connection.php(312): mysqli->query('SELECT `inscricoes`.`idInscricao`, `inscricoes`.`nome` as `nomeLocalidade`, `localidades`.`nome` as `nomeLocalidade`, `cidades`.`nome` as `nomeCidade`, `estados`.`nome`
FROM `inscricoes`
WHERE `idCliente` = 1
 LIMIT 10', 0)
 2 SYSTEMPATH\Database\BaseConnection.php(734): CodeIgniter\Database\MySQLi\Connection->execute('SELECT `inscricoes`.`idInscricao`, `inscricoes`.`nome` as `nomeLocalidade`, `localidades`.`nome` as `nomeLocalidade`, `cidades`.`nome` as `nomeCidade`, `estados`.`nome`
FROM `inscricoes`
WHERE `idCliente` = 1
 LIMIT 10')
 3 SYSTEMPATH\Database\BaseConnection.php(648): CodeIgniter\Database\BaseConnection->simpleQuery('SELECT `inscricoes`.`idInscricao`, `inscricoes`.`nome` as `nomeLocalidade`, `localidades`.`nome` as `nomeLocalidade`, `cidades`.`nome` as `nomeCidade`, `estados`.`nome`
FROM `inscricoes`
WHERE `idCliente` = 1
 LIMIT 10')
 4 SYSTEMPATH\Database\BaseBuilder.php(1644): CodeIgniter\Database\BaseConnection->query('SELECT `inscricoes`.`idInscricao`, `inscricoes`.`nome` as `nomeLocalidade`, `localidades`.`nome` as `nomeLocalidade`, `cidades`.`nome` as `nomeCidade`, `estados`.`nome`
FROM `inscricoes`
WHERE `idCliente` = :idCliente:
 LIMIT 10', [...], false)
 5 SYSTEMPATH\Model.php(286): CodeIgniter\Database\BaseBuilder->get()
 6 SYSTEMPATH\BaseModel.php(676): CodeIgniter\Model->doFindAll(10, 0)
 7 SYSTEMPATH\BaseModel.php(1288): CodeIgniter\BaseModel->findAll(10, 0)
 8 APPPATH\Controllers\InscricaoController.php(29): CodeIgniter\BaseModel->paginate(10)
 9 SYSTEMPATH\CodeIgniter.php(933): App\Controllers\InscricaoController->listar(1)
10 SYSTEMPATH\CodeIgniter.php(509): CodeIgniter\CodeIgniter->runController(Object(App\Controllers\InscricaoController))
11 SYSTEMPATH\CodeIgniter.php(355): CodeIgniter\CodeIgniter->handleRequest(null, Object(Config\Cache), false)
12 SYSTEMPATH\Boot.php(325): CodeIgniter\CodeIgniter->run()
13 SYSTEMPATH\Boot.php(67): CodeIgniter\Boot::runCodeIgniter(Object(CodeIgniter\CodeIgniter))
14 FCPATH\index.php(56): CodeIgniter\Boot::bootWeb(Object(Config\Paths))
15 SYSTEMPATH\rewrite.php(44): require_once('C:\\xampp\\htdocs\\vtornos\\public\\index.php')
INFO - 2024-11-19 15:13:55 --> Session: Class initialized using 'CodeIgniter\Session\Handlers\FileHandler' driver.
CRITICAL - 2024-11-19 15:13:55 --> ErrorException: Undefined property: stdClass::$nomeInscricao
[Method: GET, Route: inscricao-cliente/listar/1]
in APPPATH\Views\inscricao\listar.php on line 64.
 1 APPPATH\Views\inscricao\listar.php(64): CodeIgniter\Debug\Exceptions->errorHandler(2, 'Undefined property: stdClass::$nomeInscricao', 'C:\\xampp\\htdocs\\vtornos\\app\\Views\\inscricao\\listar.php', 64)
 2 SYSTEMPATH\View\View.php(234): include('C:\\xampp\\htdocs\\vtornos\\app\\Views\\inscricao\\listar.php')
 3 SYSTEMPATH\View\View.php(237): CodeIgniter\View\View->CodeIgniter\View\{closure}()
 4 SYSTEMPATH\Common.php(1171): CodeIgniter\View\View->render('inscricao/listar', [], true)
 5 APPPATH\Controllers\InscricaoController.php(44): view('inscricao/listar', [...])
 6 SYSTEMPATH\CodeIgniter.php(933): App\Controllers\InscricaoController->listar(1)
 7 SYSTEMPATH\CodeIgniter.php(509): CodeIgniter\CodeIgniter->runController(Object(App\Controllers\InscricaoController))
 8 SYSTEMPATH\CodeIgniter.php(355): CodeIgniter\CodeIgniter->handleRequest(null, Object(Config\Cache), false)
 9 SYSTEMPATH\Boot.php(325): CodeIgniter\CodeIgniter->run()
10 SYSTEMPATH\Boot.php(67): CodeIgniter\Boot::runCodeIgniter(Object(CodeIgniter\CodeIgniter))
11 FCPATH\index.php(56): CodeIgniter\Boot::bootWeb(Object(Config\Paths))
12 SYSTEMPATH\rewrite.php(44): require_once('C:\\xampp\\htdocs\\vtornos\\public\\index.php')
INFO - 2024-11-19 15:14:47 --> Session: Class initialized using 'CodeIgniter\Session\Handlers\FileHandler' driver.
INFO - 2024-11-19 15:18:59 --> Session: Class initialized using 'CodeIgniter\Session\Handlers\FileHandler' driver.
INFO - 2024-11-19 15:24:38 --> Session: Class initialized using 'CodeIgniter\Session\Handlers\FileHandler' driver.
