INFO - 2024-12-02 20:23:56 --> Session: Class initialized using 'CodeIgniter\Session\Handlers\FileHandler' driver.
INFO - 2024-12-02 20:23:56 --> Session: Class initialized using 'CodeIgniter\Session\Handlers\FileHandler' driver.
INFO - 2024-12-02 20:24:05 --> Session: Class initialized using 'CodeIgniter\Session\Handlers\FileHandler' driver.
INFO - 2024-12-02 20:24:05 --> Session: Class initialized using 'CodeIgniter\Session\Handlers\FileHandler' driver.
INFO - 2024-12-02 20:24:11 --> Session: Class initialized using 'CodeIgniter\Session\Handlers\FileHandler' driver.
INFO - 2024-12-02 20:24:14 --> Session: Class initialized using 'CodeIgniter\Session\Handlers\FileHandler' driver.
INFO - 2024-12-02 20:24:16 --> Session: Class initialized using 'CodeIgniter\Session\Handlers\FileHandler' driver.
INFO - 2024-12-02 20:24:22 --> Session: Class initialized using 'CodeIgniter\Session\Handlers\FileHandler' driver.
INFO - 2024-12-02 20:24:23 --> Session: Class initialized using 'CodeIgniter\Session\Handlers\FileHandler' driver.
INFO - 2024-12-02 20:24:25 --> Session: Class initialized using 'CodeIgniter\Session\Handlers\FileHandler' driver.
INFO - 2024-12-02 20:24:30 --> Session: Class initialized using 'CodeIgniter\Session\Handlers\FileHandler' driver.
INFO - 2024-12-02 20:24:30 --> Session: Class initialized using 'CodeIgniter\Session\Handlers\FileHandler' driver.
INFO - 2024-12-02 20:24:33 --> Session: Class initialized using 'CodeIgniter\Session\Handlers\FileHandler' driver.
INFO - 2024-12-02 20:24:40 --> Session: Class initialized using 'CodeIgniter\Session\Handlers\FileHandler' driver.
INFO - 2024-12-02 20:24:40 --> Session: Class initialized using 'CodeIgniter\Session\Handlers\FileHandler' driver.
INFO - 2024-12-02 20:25:03 --> Session: Class initialized using 'CodeIgniter\Session\Handlers\FileHandler' driver.
INFO - 2024-12-02 20:25:05 --> Session: Class initialized using 'CodeIgniter\Session\Handlers\FileHandler' driver.
INFO - 2024-12-02 20:25:25 --> Session: Class initialized using 'CodeIgniter\Session\Handlers\FileHandler' driver.
INFO - 2024-12-02 20:25:25 --> Session: Class initialized using 'CodeIgniter\Session\Handlers\FileHandler' driver.
INFO - 2024-12-02 20:25:27 --> Session: Class initialized using 'CodeIgniter\Session\Handlers\FileHandler' driver.
INFO - 2024-12-02 20:25:41 --> Session: Class initialized using 'CodeIgniter\Session\Handlers\FileHandler' driver.
INFO - 2024-12-02 20:25:41 --> Session: Class initialized using 'CodeIgniter\Session\Handlers\FileHandler' driver.
INFO - 2024-12-02 20:26:11 --> Session: Class initialized using 'CodeIgniter\Session\Handlers\FileHandler' driver.
INFO - 2024-12-02 20:26:14 --> Session: Class initialized using 'CodeIgniter\Session\Handlers\FileHandler' driver.
INFO - 2024-12-02 20:26:41 --> Session: Class initialized using 'CodeIgniter\Session\Handlers\FileHandler' driver.
INFO - 2024-12-02 20:26:41 --> Session: Class initialized using 'CodeIgniter\Session\Handlers\FileHandler' driver.
INFO - 2024-12-02 20:26:57 --> Session: Class initialized using 'CodeIgniter\Session\Handlers\FileHandler' driver.
INFO - 2024-12-02 20:27:13 --> Session: Class initialized using 'CodeIgniter\Session\Handlers\FileHandler' driver.
INFO - 2024-12-02 20:27:13 --> Session: Class initialized using 'CodeIgniter\Session\Handlers\FileHandler' driver.
INFO - 2024-12-02 20:28:24 --> Session: Class initialized using 'CodeIgniter\Session\Handlers\FileHandler' driver.
INFO - 2024-12-02 20:28:25 --> Session: Class initialized using 'CodeIgniter\Session\Handlers\FileHandler' driver.
INFO - 2024-12-02 20:28:45 --> Session: Class initialized using 'CodeIgniter\Session\Handlers\FileHandler' driver.
INFO - 2024-12-02 20:28:45 --> Session: Class initialized using 'CodeIgniter\Session\Handlers\FileHandler' driver.
INFO - 2024-12-02 20:28:52 --> Session: Class initialized using 'CodeIgniter\Session\Handlers\FileHandler' driver.
INFO - 2024-12-02 20:28:55 --> Session: Class initialized using 'CodeIgniter\Session\Handlers\FileHandler' driver.
INFO - 2024-12-02 20:29:12 --> Session: Class initialized using 'CodeIgniter\Session\Handlers\FileHandler' driver.
INFO - 2024-12-02 20:29:12 --> Session: Class initialized using 'CodeIgniter\Session\Handlers\FileHandler' driver.
INFO - 2024-12-02 20:31:46 --> Session: Class initialized using 'CodeIgniter\Session\Handlers\FileHandler' driver.
INFO - 2024-12-02 20:31:56 --> Session: Class initialized using 'CodeIgniter\Session\Handlers\FileHandler' driver.
INFO - 2024-12-02 20:31:56 --> Session: Class initialized using 'CodeIgniter\Session\Handlers\FileHandler' driver.
INFO - 2024-12-02 20:32:22 --> Session: Class initialized using 'CodeIgniter\Session\Handlers\FileHandler' driver.
INFO - 2024-12-02 20:32:36 --> Session: Class initialized using 'CodeIgniter\Session\Handlers\FileHandler' driver.
INFO - 2024-12-02 20:32:37 --> Session: Class initialized using 'CodeIgniter\Session\Handlers\FileHandler' driver.
INFO - 2024-12-02 20:33:19 --> Session: Class initialized using 'CodeIgniter\Session\Handlers\FileHandler' driver.
INFO - 2024-12-02 20:33:30 --> Session: Class initialized using 'CodeIgniter\Session\Handlers\FileHandler' driver.
INFO - 2024-12-02 20:33:30 --> Session: Class initialized using 'CodeIgniter\Session\Handlers\FileHandler' driver.
INFO - 2024-12-02 20:35:31 --> Session: Class initialized using 'CodeIgniter\Session\Handlers\FileHandler' driver.
INFO - 2024-12-02 20:35:49 --> Session: Class initialized using 'CodeIgniter\Session\Handlers\FileHandler' driver.
INFO - 2024-12-02 20:35:49 --> Session: Class initialized using 'CodeIgniter\Session\Handlers\FileHandler' driver.
INFO - 2024-12-02 20:36:15 --> Session: Class initialized using 'CodeIgniter\Session\Handlers\FileHandler' driver.
INFO - 2024-12-02 20:36:29 --> Session: Class initialized using 'CodeIgniter\Session\Handlers\FileHandler' driver.
INFO - 2024-12-02 20:36:29 --> Session: Class initialized using 'CodeIgniter\Session\Handlers\FileHandler' driver.
INFO - 2024-12-02 20:37:07 --> Session: Class initialized using 'CodeIgniter\Session\Handlers\FileHandler' driver.
INFO - 2024-12-02 20:37:12 --> Session: Class initialized using 'CodeIgniter\Session\Handlers\FileHandler' driver.
INFO - 2024-12-02 20:40:27 --> Session: Class initialized using 'CodeIgniter\Session\Handlers\FileHandler' driver.
INFO - 2024-12-02 20:40:27 --> Session: Class initialized using 'CodeIgniter\Session\Handlers\FileHandler' driver.
INFO - 2024-12-02 20:40:45 --> Session: Class initialized using 'CodeIgniter\Session\Handlers\FileHandler' driver.
INFO - 2024-12-02 20:40:48 --> Session: Class initialized using 'CodeIgniter\Session\Handlers\FileHandler' driver.
INFO - 2024-12-02 20:40:59 --> Session: Class initialized using 'CodeIgniter\Session\Handlers\FileHandler' driver.
INFO - 2024-12-02 20:40:59 --> Session: Class initialized using 'CodeIgniter\Session\Handlers\FileHandler' driver.
INFO - 2024-12-02 20:41:05 --> Session: Class initialized using 'CodeIgniter\Session\Handlers\FileHandler' driver.
INFO - 2024-12-02 20:41:13 --> Session: Class initialized using 'CodeIgniter\Session\Handlers\FileHandler' driver.
INFO - 2024-12-02 20:41:14 --> Session: Class initialized using 'CodeIgniter\Session\Handlers\FileHandler' driver.
INFO - 2024-12-02 20:43:11 --> Session: Class initialized using 'CodeIgniter\Session\Handlers\FileHandler' driver.
INFO - 2024-12-02 20:43:52 --> Session: Class initialized using 'CodeIgniter\Session\Handlers\FileHandler' driver.
INFO - 2024-12-02 20:44:32 --> Session: Class initialized using 'CodeIgniter\Session\Handlers\FileHandler' driver.
INFO - 2024-12-02 20:45:08 --> Session: Class initialized using 'CodeIgniter\Session\Handlers\FileHandler' driver.
INFO - 2024-12-02 20:46:04 --> Session: Class initialized using 'CodeIgniter\Session\Handlers\FileHandler' driver.
INFO - 2024-12-02 20:47:41 --> Session: Class initialized using 'CodeIgniter\Session\Handlers\FileHandler' driver.
INFO - 2024-12-02 20:47:48 --> Session: Class initialized using 'CodeIgniter\Session\Handlers\FileHandler' driver.
INFO - 2024-12-02 20:48:20 --> Session: Class initialized using 'CodeIgniter\Session\Handlers\FileHandler' driver.
INFO - 2024-12-02 20:48:20 --> Session: Class initialized using 'CodeIgniter\Session\Handlers\FileHandler' driver.
INFO - 2024-12-02 20:48:35 --> Session: Class initialized using 'CodeIgniter\Session\Handlers\FileHandler' driver.
INFO - 2024-12-02 20:48:38 --> Session: Class initialized using 'CodeIgniter\Session\Handlers\FileHandler' driver.
INFO - 2024-12-02 20:48:46 --> Session: Class initialized using 'CodeIgniter\Session\Handlers\FileHandler' driver.
INFO - 2024-12-02 20:48:46 --> Session: Class initialized using 'CodeIgniter\Session\Handlers\FileHandler' driver.
INFO - 2024-12-02 20:49:04 --> Session: Class initialized using 'CodeIgniter\Session\Handlers\FileHandler' driver.
INFO - 2024-12-02 20:49:11 --> Session: Class initialized using 'CodeIgniter\Session\Handlers\FileHandler' driver.
INFO - 2024-12-02 20:49:11 --> Session: Class initialized using 'CodeIgniter\Session\Handlers\FileHandler' driver.
INFO - 2024-12-02 20:49:18 --> Session: Class initialized using 'CodeIgniter\Session\Handlers\FileHandler' driver.
INFO - 2024-12-02 20:49:29 --> Session: Class initialized using 'CodeIgniter\Session\Handlers\FileHandler' driver.
INFO - 2024-12-02 20:49:30 --> Session: Class initialized using 'CodeIgniter\Session\Handlers\FileHandler' driver.
INFO - 2024-12-02 20:50:04 --> Session: Class initialized using 'CodeIgniter\Session\Handlers\FileHandler' driver.
INFO - 2024-12-02 20:50:16 --> Session: Class initialized using 'CodeIgniter\Session\Handlers\FileHandler' driver.
INFO - 2024-12-02 20:50:23 --> Session: Class initialized using 'CodeIgniter\Session\Handlers\FileHandler' driver.
INFO - 2024-12-02 20:50:35 --> Session: Class initialized using 'CodeIgniter\Session\Handlers\FileHandler' driver.
INFO - 2024-12-02 20:50:35 --> Session: Class initialized using 'CodeIgniter\Session\Handlers\FileHandler' driver.
INFO - 2024-12-02 20:51:47 --> Session: Class initialized using 'CodeIgniter\Session\Handlers\FileHandler' driver.
INFO - 2024-12-02 20:51:50 --> Session: Class initialized using 'CodeIgniter\Session\Handlers\FileHandler' driver.
INFO - 2024-12-02 20:51:52 --> Session: Class initialized using 'CodeIgniter\Session\Handlers\FileHandler' driver.
INFO - 2024-12-02 20:51:53 --> Session: Class initialized using 'CodeIgniter\Session\Handlers\FileHandler' driver.
INFO - 2024-12-02 21:11:58 --> Session: Class initialized using 'CodeIgniter\Session\Handlers\FileHandler' driver.
INFO - 2024-12-02 21:12:00 --> Session: Class initialized using 'CodeIgniter\Session\Handlers\FileHandler' driver.
INFO - 2024-12-02 21:12:02 --> Session: Class initialized using 'CodeIgniter\Session\Handlers\FileHandler' driver.
INFO - 2024-12-02 21:12:11 --> Session: Class initialized using 'CodeIgniter\Session\Handlers\FileHandler' driver.
INFO - 2024-12-02 21:12:11 --> Session: Class initialized using 'CodeIgniter\Session\Handlers\FileHandler' driver.
INFO - 2024-12-02 21:12:14 --> Session: Class initialized using 'CodeIgniter\Session\Handlers\FileHandler' driver.
INFO - 2024-12-02 21:12:24 --> Session: Class initialized using 'CodeIgniter\Session\Handlers\FileHandler' driver.
INFO - 2024-12-02 21:12:24 --> Session: Class initialized using 'CodeIgniter\Session\Handlers\FileHandler' driver.
INFO - 2024-12-02 21:12:25 --> Session: Class initialized using 'CodeIgniter\Session\Handlers\FileHandler' driver.
INFO - 2024-12-02 21:12:33 --> Session: Class initialized using 'CodeIgniter\Session\Handlers\FileHandler' driver.
INFO - 2024-12-02 21:12:33 --> Session: Class initialized using 'CodeIgniter\Session\Handlers\FileHandler' driver.
INFO - 2024-12-02 21:12:38 --> Session: Class initialized using 'CodeIgniter\Session\Handlers\FileHandler' driver.
INFO - 2024-12-02 21:12:40 --> Session: Class initialized using 'CodeIgniter\Session\Handlers\FileHandler' driver.
INFO - 2024-12-02 21:12:46 --> Session: Class initialized using 'CodeIgniter\Session\Handlers\FileHandler' driver.
INFO - 2024-12-02 21:12:46 --> Session: Class initialized using 'CodeIgniter\Session\Handlers\FileHandler' driver.
INFO - 2024-12-02 21:12:48 --> Session: Class initialized using 'CodeIgniter\Session\Handlers\FileHandler' driver.
INFO - 2024-12-02 21:12:57 --> Session: Class initialized using 'CodeIgniter\Session\Handlers\FileHandler' driver.
INFO - 2024-12-02 21:12:57 --> Session: Class initialized using 'CodeIgniter\Session\Handlers\FileHandler' driver.
INFO - 2024-12-02 21:13:01 --> Session: Class initialized using 'CodeIgniter\Session\Handlers\FileHandler' driver.
INFO - 2024-12-02 21:13:09 --> Session: Class initialized using 'CodeIgniter\Session\Handlers\FileHandler' driver.
INFO - 2024-12-02 21:13:09 --> Session: Class initialized using 'CodeIgniter\Session\Handlers\FileHandler' driver.
INFO - 2024-12-02 21:14:34 --> Session: Class initialized using 'CodeIgniter\Session\Handlers\FileHandler' driver.
INFO - 2024-12-02 21:14:36 --> Session: Class initialized using 'CodeIgniter\Session\Handlers\FileHandler' driver.
INFO - 2024-12-02 21:14:37 --> Session: Class initialized using 'CodeIgniter\Session\Handlers\FileHandler' driver.
INFO - 2024-12-02 21:14:51 --> Session: Class initialized using 'CodeIgniter\Session\Handlers\FileHandler' driver.
INFO - 2024-12-02 21:14:52 --> Session: Class initialized using 'CodeIgniter\Session\Handlers\FileHandler' driver.
INFO - 2024-12-02 21:15:24 --> Session: Class initialized using 'CodeIgniter\Session\Handlers\FileHandler' driver.
INFO - 2024-12-02 21:15:24 --> Session: Class initialized using 'CodeIgniter\Session\Handlers\FileHandler' driver.
INFO - 2024-12-02 21:15:33 --> Session: Class initialized using 'CodeIgniter\Session\Handlers\FileHandler' driver.
INFO - 2024-12-02 21:15:56 --> Session: Class initialized using 'CodeIgniter\Session\Handlers\FileHandler' driver.
INFO - 2024-12-02 21:15:56 --> Session: Class initialized using 'CodeIgniter\Session\Handlers\FileHandler' driver.
INFO - 2024-12-02 21:16:10 --> Session: Class initialized using 'CodeIgniter\Session\Handlers\FileHandler' driver.
INFO - 2024-12-02 21:16:39 --> Session: Class initialized using 'CodeIgniter\Session\Handlers\FileHandler' driver.
INFO - 2024-12-02 21:16:40 --> Session: Class initialized using 'CodeIgniter\Session\Handlers\FileHandler' driver.
INFO - 2024-12-02 21:17:15 --> Session: Class initialized using 'CodeIgniter\Session\Handlers\FileHandler' driver.
INFO - 2024-12-02 21:17:31 --> Session: Class initialized using 'CodeIgniter\Session\Handlers\FileHandler' driver.
INFO - 2024-12-02 21:17:31 --> Session: Class initialized using 'CodeIgniter\Session\Handlers\FileHandler' driver.
INFO - 2024-12-02 21:17:44 --> Session: Class initialized using 'CodeIgniter\Session\Handlers\FileHandler' driver.
INFO - 2024-12-02 21:17:56 --> Session: Class initialized using 'CodeIgniter\Session\Handlers\FileHandler' driver.
INFO - 2024-12-02 21:17:56 --> Session: Class initialized using 'CodeIgniter\Session\Handlers\FileHandler' driver.
INFO - 2024-12-02 21:18:48 --> Session: Class initialized using 'CodeIgniter\Session\Handlers\FileHandler' driver.
INFO - 2024-12-02 21:22:23 --> Session: Class initialized using 'CodeIgniter\Session\Handlers\FileHandler' driver.
INFO - 2024-12-02 21:22:29 --> Session: Class initialized using 'CodeIgniter\Session\Handlers\FileHandler' driver.
INFO - 2024-12-02 21:22:33 --> Session: Class initialized using 'CodeIgniter\Session\Handlers\FileHandler' driver.
INFO - 2024-12-02 21:22:35 --> Session: Class initialized using 'CodeIgniter\Session\Handlers\FileHandler' driver.
INFO - 2024-12-02 21:22:40 --> Session: Class initialized using 'CodeIgniter\Session\Handlers\FileHandler' driver.
INFO - 2024-12-02 21:23:53 --> Session: Class initialized using 'CodeIgniter\Session\Handlers\FileHandler' driver.
INFO - 2024-12-02 21:23:54 --> Session: Class initialized using 'CodeIgniter\Session\Handlers\FileHandler' driver.
INFO - 2024-12-02 21:24:00 --> Session: Class initialized using 'CodeIgniter\Session\Handlers\FileHandler' driver.
INFO - 2024-12-02 21:24:07 --> Session: Class initialized using 'CodeIgniter\Session\Handlers\FileHandler' driver.
INFO - 2024-12-02 21:27:54 --> Session: Class initialized using 'CodeIgniter\Session\Handlers\FileHandler' driver.
INFO - 2024-12-02 21:27:54 --> Session: Class initialized using 'CodeIgniter\Session\Handlers\FileHandler' driver.
INFO - 2024-12-02 21:32:17 --> Session: Class initialized using 'CodeIgniter\Session\Handlers\FileHandler' driver.
INFO - 2024-12-02 21:36:56 --> Session: Class initialized using 'CodeIgniter\Session\Handlers\FileHandler' driver.
INFO - 2024-12-02 21:36:56 --> Session: Class initialized using 'CodeIgniter\Session\Handlers\FileHandler' driver.
INFO - 2024-12-02 21:38:18 --> Session: Class initialized using 'CodeIgniter\Session\Handlers\FileHandler' driver.
INFO - 2024-12-02 21:38:19 --> Session: Class initialized using 'CodeIgniter\Session\Handlers\FileHandler' driver.
INFO - 2024-12-02 21:39:03 --> Session: Class initialized using 'CodeIgniter\Session\Handlers\FileHandler' driver.
INFO - 2024-12-02 21:39:03 --> Session: Class initialized using 'CodeIgniter\Session\Handlers\FileHandler' driver.
INFO - 2024-12-02 21:42:27 --> Session: Class initialized using 'CodeIgniter\Session\Handlers\FileHandler' driver.
ERROR - 2024-12-02 21:42:27 --> mysqli_sql_exception: Unknown column 'estoques.valor as valorUnit pecas.nome' in 'field list' in C:\xampp\htdocs\vtornos\system\Database\MySQLi\Connection.php:312
Stack trace:
#0 C:\xampp\htdocs\vtornos\system\Database\MySQLi\Connection.php(312): mysqli->query('SELECT `estoque...', 0)
#1 C:\xampp\htdocs\vtornos\system\Database\BaseConnection.php(734): CodeIgniter\Database\MySQLi\Connection->execute('SELECT `estoque...')
#2 C:\xampp\htdocs\vtornos\system\Database\BaseConnection.php(648): CodeIgniter\Database\BaseConnection->simpleQuery('SELECT `estoque...')
#3 C:\xampp\htdocs\vtornos\system\Database\BaseBuilder.php(1644): CodeIgniter\Database\BaseConnection->query('SELECT `estoque...', Array, false)
#4 C:\xampp\htdocs\vtornos\system\Model.php(286): CodeIgniter\Database\BaseBuilder->get()
#5 C:\xampp\htdocs\vtornos\system\BaseModel.php(676): CodeIgniter\Model->doFindAll(10, 0)
#6 C:\xampp\htdocs\vtornos\system\BaseModel.php(1288): CodeIgniter\BaseModel->findAll(10, 0)
#7 C:\xampp\htdocs\vtornos\app\Controllers\EstoqueController.php(42): CodeIgniter\BaseModel->paginate(10)
#8 C:\xampp\htdocs\vtornos\system\CodeIgniter.php(933): App\Controllers\EstoqueController->listar()
#9 C:\xampp\htdocs\vtornos\system\CodeIgniter.php(509): CodeIgniter\CodeIgniter->runController(Object(App\Controllers\EstoqueController))
#10 C:\xampp\htdocs\vtornos\system\CodeIgniter.php(355): CodeIgniter\CodeIgniter->handleRequest(NULL, Object(Config\Cache), false)
#11 C:\xampp\htdocs\vtornos\system\Boot.php(325): CodeIgniter\CodeIgniter->run()
#12 C:\xampp\htdocs\vtornos\system\Boot.php(67): CodeIgniter\Boot::runCodeIgniter(Object(CodeIgniter\CodeIgniter))
#13 C:\xampp\htdocs\vtornos\public\index.php(56): CodeIgniter\Boot::bootWeb(Object(Config\Paths))
#14 C:\xampp\htdocs\vtornos\system\rewrite.php(44): require_once('C:\\xampp\\htdocs...')
#15 {main}
CRITICAL - 2024-12-02 21:42:27 --> CodeIgniter\Database\Exceptions\DatabaseException: Unknown column 'estoques.valor as valorUnit pecas.nome' in 'field list'
[Method: GET, Route: estoque-pecas/listar]
in SYSTEMPATH\Database\BaseConnection.php on line 688.
 1 SYSTEMPATH\Database\BaseBuilder.php(1644): CodeIgniter\Database\BaseConnection->query('SELECT `estoques`.`idEstoque` as `idEstoque`, `estoques`.`valor as valorUnit pecas`.`nome` as `nomePeca`, `especificacoes`.`dimensao` as `dimensaoEspec`, `marcas`.`nome` as `nomeMarca`
FROM `estoques`
INNER JOIN `especificacoes` ON `especificacoes`.`idEspecificacao`=`estoques`.`idEspecificacao`
INNER JOIN `marcas` ON `marcas`.`idMarca`=`estoques`.`idMarca`
JOIN `pecas` ON `pecas`.`idPeca`=`especificacoes`.`idPeca`
 LIMIT 10', [], false)
 2 SYSTEMPATH\Model.php(286): CodeIgniter\Database\BaseBuilder->get()
 3 SYSTEMPATH\BaseModel.php(676): CodeIgniter\Model->doFindAll(10, 0)
 4 SYSTEMPATH\BaseModel.php(1288): CodeIgniter\BaseModel->findAll(10, 0)
 5 APPPATH\Controllers\EstoqueController.php(42): CodeIgniter\BaseModel->paginate(10)
 6 SYSTEMPATH\CodeIgniter.php(933): App\Controllers\EstoqueController->listar()
 7 SYSTEMPATH\CodeIgniter.php(509): CodeIgniter\CodeIgniter->runController(Object(App\Controllers\EstoqueController))
 8 SYSTEMPATH\CodeIgniter.php(355): CodeIgniter\CodeIgniter->handleRequest(null, Object(Config\Cache), false)
 9 SYSTEMPATH\Boot.php(325): CodeIgniter\CodeIgniter->run()
10 SYSTEMPATH\Boot.php(67): CodeIgniter\Boot::runCodeIgniter(Object(CodeIgniter\CodeIgniter))
11 FCPATH\index.php(56): CodeIgniter\Boot::bootWeb(Object(Config\Paths))
12 SYSTEMPATH\rewrite.php(44): require_once('C:\\xampp\\htdocs\\vtornos\\public\\index.php')
CRITICAL - 2024-12-02 21:42:27 --> [Caused by] CodeIgniter\Database\Exceptions\DatabaseException: Unknown column 'estoques.valor as valorUnit pecas.nome' in 'field list'
in SYSTEMPATH\Database\MySQLi\Connection.php on line 317.
 1 SYSTEMPATH\Database\BaseConnection.php(734): CodeIgniter\Database\MySQLi\Connection->execute('SELECT `estoques`.`idEstoque` as `idEstoque`, `estoques`.`valor as valorUnit pecas`.`nome` as `nomePeca`, `especificacoes`.`dimensao` as `dimensaoEspec`, `marcas`.`nome` as `nomeMarca`
FROM `estoques`
INNER JOIN `especificacoes` ON `especificacoes`.`idEspecificacao`=`estoques`.`idEspecificacao`
INNER JOIN `marcas` ON `marcas`.`idMarca`=`estoques`.`idMarca`
JOIN `pecas` ON `pecas`.`idPeca`=`especificacoes`.`idPeca`
 LIMIT 10')
 2 SYSTEMPATH\Database\BaseConnection.php(648): CodeIgniter\Database\BaseConnection->simpleQuery('SELECT `estoques`.`idEstoque` as `idEstoque`, `estoques`.`valor as valorUnit pecas`.`nome` as `nomePeca`, `especificacoes`.`dimensao` as `dimensaoEspec`, `marcas`.`nome` as `nomeMarca`
FROM `estoques`
INNER JOIN `especificacoes` ON `especificacoes`.`idEspecificacao`=`estoques`.`idEspecificacao`
INNER JOIN `marcas` ON `marcas`.`idMarca`=`estoques`.`idMarca`
JOIN `pecas` ON `pecas`.`idPeca`=`especificacoes`.`idPeca`
 LIMIT 10')
 3 SYSTEMPATH\Database\BaseBuilder.php(1644): CodeIgniter\Database\BaseConnection->query('SELECT `estoques`.`idEstoque` as `idEstoque`, `estoques`.`valor as valorUnit pecas`.`nome` as `nomePeca`, `especificacoes`.`dimensao` as `dimensaoEspec`, `marcas`.`nome` as `nomeMarca`
FROM `estoques`
INNER JOIN `especificacoes` ON `especificacoes`.`idEspecificacao`=`estoques`.`idEspecificacao`
INNER JOIN `marcas` ON `marcas`.`idMarca`=`estoques`.`idMarca`
JOIN `pecas` ON `pecas`.`idPeca`=`especificacoes`.`idPeca`
 LIMIT 10', [], false)
 4 SYSTEMPATH\Model.php(286): CodeIgniter\Database\BaseBuilder->get()
 5 SYSTEMPATH\BaseModel.php(676): CodeIgniter\Model->doFindAll(10, 0)
 6 SYSTEMPATH\BaseModel.php(1288): CodeIgniter\BaseModel->findAll(10, 0)
 7 APPPATH\Controllers\EstoqueController.php(42): CodeIgniter\BaseModel->paginate(10)
 8 SYSTEMPATH\CodeIgniter.php(933): App\Controllers\EstoqueController->listar()
 9 SYSTEMPATH\CodeIgniter.php(509): CodeIgniter\CodeIgniter->runController(Object(App\Controllers\EstoqueController))
10 SYSTEMPATH\CodeIgniter.php(355): CodeIgniter\CodeIgniter->handleRequest(null, Object(Config\Cache), false)
11 SYSTEMPATH\Boot.php(325): CodeIgniter\CodeIgniter->run()
12 SYSTEMPATH\Boot.php(67): CodeIgniter\Boot::runCodeIgniter(Object(CodeIgniter\CodeIgniter))
13 FCPATH\index.php(56): CodeIgniter\Boot::bootWeb(Object(Config\Paths))
14 SYSTEMPATH\rewrite.php(44): require_once('C:\\xampp\\htdocs\\vtornos\\public\\index.php')
CRITICAL - 2024-12-02 21:42:27 --> [Caused by] mysqli_sql_exception: Unknown column 'estoques.valor as valorUnit pecas.nome' in 'field list'
in SYSTEMPATH\Database\MySQLi\Connection.php on line 312.
 1 SYSTEMPATH\Database\MySQLi\Connection.php(312): mysqli->query('SELECT `estoques`.`idEstoque` as `idEstoque`, `estoques`.`valor as valorUnit pecas`.`nome` as `nomePeca`, `especificacoes`.`dimensao` as `dimensaoEspec`, `marcas`.`nome` as `nomeMarca`
FROM `estoques`
INNER JOIN `especificacoes` ON `especificacoes`.`idEspecificacao`=`estoques`.`idEspecificacao`
INNER JOIN `marcas` ON `marcas`.`idMarca`=`estoques`.`idMarca`
JOIN `pecas` ON `pecas`.`idPeca`=`especificacoes`.`idPeca`
 LIMIT 10', 0)
 2 SYSTEMPATH\Database\BaseConnection.php(734): CodeIgniter\Database\MySQLi\Connection->execute('SELECT `estoques`.`idEstoque` as `idEstoque`, `estoques`.`valor as valorUnit pecas`.`nome` as `nomePeca`, `especificacoes`.`dimensao` as `dimensaoEspec`, `marcas`.`nome` as `nomeMarca`
FROM `estoques`
INNER JOIN `especificacoes` ON `especificacoes`.`idEspecificacao`=`estoques`.`idEspecificacao`
INNER JOIN `marcas` ON `marcas`.`idMarca`=`estoques`.`idMarca`
JOIN `pecas` ON `pecas`.`idPeca`=`especificacoes`.`idPeca`
 LIMIT 10')
 3 SYSTEMPATH\Database\BaseConnection.php(648): CodeIgniter\Database\BaseConnection->simpleQuery('SELECT `estoques`.`idEstoque` as `idEstoque`, `estoques`.`valor as valorUnit pecas`.`nome` as `nomePeca`, `especificacoes`.`dimensao` as `dimensaoEspec`, `marcas`.`nome` as `nomeMarca`
FROM `estoques`
INNER JOIN `especificacoes` ON `especificacoes`.`idEspecificacao`=`estoques`.`idEspecificacao`
INNER JOIN `marcas` ON `marcas`.`idMarca`=`estoques`.`idMarca`
JOIN `pecas` ON `pecas`.`idPeca`=`especificacoes`.`idPeca`
 LIMIT 10')
 4 SYSTEMPATH\Database\BaseBuilder.php(1644): CodeIgniter\Database\BaseConnection->query('SELECT `estoques`.`idEstoque` as `idEstoque`, `estoques`.`valor as valorUnit pecas`.`nome` as `nomePeca`, `especificacoes`.`dimensao` as `dimensaoEspec`, `marcas`.`nome` as `nomeMarca`
FROM `estoques`
INNER JOIN `especificacoes` ON `especificacoes`.`idEspecificacao`=`estoques`.`idEspecificacao`
INNER JOIN `marcas` ON `marcas`.`idMarca`=`estoques`.`idMarca`
JOIN `pecas` ON `pecas`.`idPeca`=`especificacoes`.`idPeca`
 LIMIT 10', [], false)
 5 SYSTEMPATH\Model.php(286): CodeIgniter\Database\BaseBuilder->get()
 6 SYSTEMPATH\BaseModel.php(676): CodeIgniter\Model->doFindAll(10, 0)
 7 SYSTEMPATH\BaseModel.php(1288): CodeIgniter\BaseModel->findAll(10, 0)
 8 APPPATH\Controllers\EstoqueController.php(42): CodeIgniter\BaseModel->paginate(10)
 9 SYSTEMPATH\CodeIgniter.php(933): App\Controllers\EstoqueController->listar()
10 SYSTEMPATH\CodeIgniter.php(509): CodeIgniter\CodeIgniter->runController(Object(App\Controllers\EstoqueController))
11 SYSTEMPATH\CodeIgniter.php(355): CodeIgniter\CodeIgniter->handleRequest(null, Object(Config\Cache), false)
12 SYSTEMPATH\Boot.php(325): CodeIgniter\CodeIgniter->run()
13 SYSTEMPATH\Boot.php(67): CodeIgniter\Boot::runCodeIgniter(Object(CodeIgniter\CodeIgniter))
14 FCPATH\index.php(56): CodeIgniter\Boot::bootWeb(Object(Config\Paths))
15 SYSTEMPATH\rewrite.php(44): require_once('C:\\xampp\\htdocs\\vtornos\\public\\index.php')
INFO - 2024-12-02 21:43:19 --> Session: Class initialized using 'CodeIgniter\Session\Handlers\FileHandler' driver.
ERROR - 2024-12-02 21:43:19 --> mysqli_sql_exception: Unknown column 'estoques.valor as valorUnit pecas.nome' in 'field list' in C:\xampp\htdocs\vtornos\system\Database\MySQLi\Connection.php:312
Stack trace:
#0 C:\xampp\htdocs\vtornos\system\Database\MySQLi\Connection.php(312): mysqli->query('SELECT `estoque...', 0)
#1 C:\xampp\htdocs\vtornos\system\Database\BaseConnection.php(734): CodeIgniter\Database\MySQLi\Connection->execute('SELECT `estoque...')
#2 C:\xampp\htdocs\vtornos\system\Database\BaseConnection.php(648): CodeIgniter\Database\BaseConnection->simpleQuery('SELECT `estoque...')
#3 C:\xampp\htdocs\vtornos\system\Database\BaseBuilder.php(1644): CodeIgniter\Database\BaseConnection->query('SELECT `estoque...', Array, false)
#4 C:\xampp\htdocs\vtornos\system\Model.php(286): CodeIgniter\Database\BaseBuilder->get()
#5 C:\xampp\htdocs\vtornos\system\BaseModel.php(676): CodeIgniter\Model->doFindAll(10, 0)
#6 C:\xampp\htdocs\vtornos\system\BaseModel.php(1288): CodeIgniter\BaseModel->findAll(10, 0)
#7 C:\xampp\htdocs\vtornos\app\Controllers\EstoqueController.php(42): CodeIgniter\BaseModel->paginate(10)
#8 C:\xampp\htdocs\vtornos\system\CodeIgniter.php(933): App\Controllers\EstoqueController->listar()
#9 C:\xampp\htdocs\vtornos\system\CodeIgniter.php(509): CodeIgniter\CodeIgniter->runController(Object(App\Controllers\EstoqueController))
#10 C:\xampp\htdocs\vtornos\system\CodeIgniter.php(355): CodeIgniter\CodeIgniter->handleRequest(NULL, Object(Config\Cache), false)
#11 C:\xampp\htdocs\vtornos\system\Boot.php(325): CodeIgniter\CodeIgniter->run()
#12 C:\xampp\htdocs\vtornos\system\Boot.php(67): CodeIgniter\Boot::runCodeIgniter(Object(CodeIgniter\CodeIgniter))
#13 C:\xampp\htdocs\vtornos\public\index.php(56): CodeIgniter\Boot::bootWeb(Object(Config\Paths))
#14 C:\xampp\htdocs\vtornos\system\rewrite.php(44): require_once('C:\\xampp\\htdocs...')
#15 {main}
CRITICAL - 2024-12-02 21:43:19 --> CodeIgniter\Database\Exceptions\DatabaseException: Unknown column 'estoques.valor as valorUnit pecas.nome' in 'field list'
[Method: GET, Route: estoque-pecas/listar]
in SYSTEMPATH\Database\BaseConnection.php on line 688.
 1 SYSTEMPATH\Database\BaseBuilder.php(1644): CodeIgniter\Database\BaseConnection->query('SELECT `estoques`.`idEstoque` as `idEstoque`, `estoques`.`valor as valorUnit pecas`.`nome` as `nomePeca`, `especificacoes`.`dimensao` as `dimensaoEspec`, `marcas`.`nome` as `nomeMarca`
FROM `estoques`
INNER JOIN `especificacoes` ON `especificacoes`.`idEspecificacao`=`estoques`.`idEspecificacao`
INNER JOIN `marcas` ON `marcas`.`idMarca`=`estoques`.`idMarca`
JOIN `pecas` ON `pecas`.`idPeca`=`especificacoes`.`idPeca`
 LIMIT 10', [], false)
 2 SYSTEMPATH\Model.php(286): CodeIgniter\Database\BaseBuilder->get()
 3 SYSTEMPATH\BaseModel.php(676): CodeIgniter\Model->doFindAll(10, 0)
 4 SYSTEMPATH\BaseModel.php(1288): CodeIgniter\BaseModel->findAll(10, 0)
 5 APPPATH\Controllers\EstoqueController.php(42): CodeIgniter\BaseModel->paginate(10)
 6 SYSTEMPATH\CodeIgniter.php(933): App\Controllers\EstoqueController->listar()
 7 SYSTEMPATH\CodeIgniter.php(509): CodeIgniter\CodeIgniter->runController(Object(App\Controllers\EstoqueController))
 8 SYSTEMPATH\CodeIgniter.php(355): CodeIgniter\CodeIgniter->handleRequest(null, Object(Config\Cache), false)
 9 SYSTEMPATH\Boot.php(325): CodeIgniter\CodeIgniter->run()
10 SYSTEMPATH\Boot.php(67): CodeIgniter\Boot::runCodeIgniter(Object(CodeIgniter\CodeIgniter))
11 FCPATH\index.php(56): CodeIgniter\Boot::bootWeb(Object(Config\Paths))
12 SYSTEMPATH\rewrite.php(44): require_once('C:\\xampp\\htdocs\\vtornos\\public\\index.php')
CRITICAL - 2024-12-02 21:43:19 --> [Caused by] CodeIgniter\Database\Exceptions\DatabaseException: Unknown column 'estoques.valor as valorUnit pecas.nome' in 'field list'
in SYSTEMPATH\Database\MySQLi\Connection.php on line 317.
 1 SYSTEMPATH\Database\BaseConnection.php(734): CodeIgniter\Database\MySQLi\Connection->execute('SELECT `estoques`.`idEstoque` as `idEstoque`, `estoques`.`valor as valorUnit pecas`.`nome` as `nomePeca`, `especificacoes`.`dimensao` as `dimensaoEspec`, `marcas`.`nome` as `nomeMarca`
FROM `estoques`
INNER JOIN `especificacoes` ON `especificacoes`.`idEspecificacao`=`estoques`.`idEspecificacao`
INNER JOIN `marcas` ON `marcas`.`idMarca`=`estoques`.`idMarca`
JOIN `pecas` ON `pecas`.`idPeca`=`especificacoes`.`idPeca`
 LIMIT 10')
 2 SYSTEMPATH\Database\BaseConnection.php(648): CodeIgniter\Database\BaseConnection->simpleQuery('SELECT `estoques`.`idEstoque` as `idEstoque`, `estoques`.`valor as valorUnit pecas`.`nome` as `nomePeca`, `especificacoes`.`dimensao` as `dimensaoEspec`, `marcas`.`nome` as `nomeMarca`
FROM `estoques`
INNER JOIN `especificacoes` ON `especificacoes`.`idEspecificacao`=`estoques`.`idEspecificacao`
INNER JOIN `marcas` ON `marcas`.`idMarca`=`estoques`.`idMarca`
JOIN `pecas` ON `pecas`.`idPeca`=`especificacoes`.`idPeca`
 LIMIT 10')
 3 SYSTEMPATH\Database\BaseBuilder.php(1644): CodeIgniter\Database\BaseConnection->query('SELECT `estoques`.`idEstoque` as `idEstoque`, `estoques`.`valor as valorUnit pecas`.`nome` as `nomePeca`, `especificacoes`.`dimensao` as `dimensaoEspec`, `marcas`.`nome` as `nomeMarca`
FROM `estoques`
INNER JOIN `especificacoes` ON `especificacoes`.`idEspecificacao`=`estoques`.`idEspecificacao`
INNER JOIN `marcas` ON `marcas`.`idMarca`=`estoques`.`idMarca`
JOIN `pecas` ON `pecas`.`idPeca`=`especificacoes`.`idPeca`
 LIMIT 10', [], false)
 4 SYSTEMPATH\Model.php(286): CodeIgniter\Database\BaseBuilder->get()
 5 SYSTEMPATH\BaseModel.php(676): CodeIgniter\Model->doFindAll(10, 0)
 6 SYSTEMPATH\BaseModel.php(1288): CodeIgniter\BaseModel->findAll(10, 0)
 7 APPPATH\Controllers\EstoqueController.php(42): CodeIgniter\BaseModel->paginate(10)
 8 SYSTEMPATH\CodeIgniter.php(933): App\Controllers\EstoqueController->listar()
 9 SYSTEMPATH\CodeIgniter.php(509): CodeIgniter\CodeIgniter->runController(Object(App\Controllers\EstoqueController))
10 SYSTEMPATH\CodeIgniter.php(355): CodeIgniter\CodeIgniter->handleRequest(null, Object(Config\Cache), false)
11 SYSTEMPATH\Boot.php(325): CodeIgniter\CodeIgniter->run()
12 SYSTEMPATH\Boot.php(67): CodeIgniter\Boot::runCodeIgniter(Object(CodeIgniter\CodeIgniter))
13 FCPATH\index.php(56): CodeIgniter\Boot::bootWeb(Object(Config\Paths))
14 SYSTEMPATH\rewrite.php(44): require_once('C:\\xampp\\htdocs\\vtornos\\public\\index.php')
CRITICAL - 2024-12-02 21:43:19 --> [Caused by] mysqli_sql_exception: Unknown column 'estoques.valor as valorUnit pecas.nome' in 'field list'
in SYSTEMPATH\Database\MySQLi\Connection.php on line 312.
 1 SYSTEMPATH\Database\MySQLi\Connection.php(312): mysqli->query('SELECT `estoques`.`idEstoque` as `idEstoque`, `estoques`.`valor as valorUnit pecas`.`nome` as `nomePeca`, `especificacoes`.`dimensao` as `dimensaoEspec`, `marcas`.`nome` as `nomeMarca`
FROM `estoques`
INNER JOIN `especificacoes` ON `especificacoes`.`idEspecificacao`=`estoques`.`idEspecificacao`
INNER JOIN `marcas` ON `marcas`.`idMarca`=`estoques`.`idMarca`
JOIN `pecas` ON `pecas`.`idPeca`=`especificacoes`.`idPeca`
 LIMIT 10', 0)
 2 SYSTEMPATH\Database\BaseConnection.php(734): CodeIgniter\Database\MySQLi\Connection->execute('SELECT `estoques`.`idEstoque` as `idEstoque`, `estoques`.`valor as valorUnit pecas`.`nome` as `nomePeca`, `especificacoes`.`dimensao` as `dimensaoEspec`, `marcas`.`nome` as `nomeMarca`
FROM `estoques`
INNER JOIN `especificacoes` ON `especificacoes`.`idEspecificacao`=`estoques`.`idEspecificacao`
INNER JOIN `marcas` ON `marcas`.`idMarca`=`estoques`.`idMarca`
JOIN `pecas` ON `pecas`.`idPeca`=`especificacoes`.`idPeca`
 LIMIT 10')
 3 SYSTEMPATH\Database\BaseConnection.php(648): CodeIgniter\Database\BaseConnection->simpleQuery('SELECT `estoques`.`idEstoque` as `idEstoque`, `estoques`.`valor as valorUnit pecas`.`nome` as `nomePeca`, `especificacoes`.`dimensao` as `dimensaoEspec`, `marcas`.`nome` as `nomeMarca`
FROM `estoques`
INNER JOIN `especificacoes` ON `especificacoes`.`idEspecificacao`=`estoques`.`idEspecificacao`
INNER JOIN `marcas` ON `marcas`.`idMarca`=`estoques`.`idMarca`
JOIN `pecas` ON `pecas`.`idPeca`=`especificacoes`.`idPeca`
 LIMIT 10')
 4 SYSTEMPATH\Database\BaseBuilder.php(1644): CodeIgniter\Database\BaseConnection->query('SELECT `estoques`.`idEstoque` as `idEstoque`, `estoques`.`valor as valorUnit pecas`.`nome` as `nomePeca`, `especificacoes`.`dimensao` as `dimensaoEspec`, `marcas`.`nome` as `nomeMarca`
FROM `estoques`
INNER JOIN `especificacoes` ON `especificacoes`.`idEspecificacao`=`estoques`.`idEspecificacao`
INNER JOIN `marcas` ON `marcas`.`idMarca`=`estoques`.`idMarca`
JOIN `pecas` ON `pecas`.`idPeca`=`especificacoes`.`idPeca`
 LIMIT 10', [], false)
 5 SYSTEMPATH\Model.php(286): CodeIgniter\Database\BaseBuilder->get()
 6 SYSTEMPATH\BaseModel.php(676): CodeIgniter\Model->doFindAll(10, 0)
 7 SYSTEMPATH\BaseModel.php(1288): CodeIgniter\BaseModel->findAll(10, 0)
 8 APPPATH\Controllers\EstoqueController.php(42): CodeIgniter\BaseModel->paginate(10)
 9 SYSTEMPATH\CodeIgniter.php(933): App\Controllers\EstoqueController->listar()
10 SYSTEMPATH\CodeIgniter.php(509): CodeIgniter\CodeIgniter->runController(Object(App\Controllers\EstoqueController))
11 SYSTEMPATH\CodeIgniter.php(355): CodeIgniter\CodeIgniter->handleRequest(null, Object(Config\Cache), false)
12 SYSTEMPATH\Boot.php(325): CodeIgniter\CodeIgniter->run()
13 SYSTEMPATH\Boot.php(67): CodeIgniter\Boot::runCodeIgniter(Object(CodeIgniter\CodeIgniter))
14 FCPATH\index.php(56): CodeIgniter\Boot::bootWeb(Object(Config\Paths))
15 SYSTEMPATH\rewrite.php(44): require_once('C:\\xampp\\htdocs\\vtornos\\public\\index.php')
INFO - 2024-12-02 21:43:55 --> Session: Class initialized using 'CodeIgniter\Session\Handlers\FileHandler' driver.
INFO - 2024-12-02 21:44:47 --> Session: Class initialized using 'CodeIgniter\Session\Handlers\FileHandler' driver.
INFO - 2024-12-02 21:45:30 --> Session: Class initialized using 'CodeIgniter\Session\Handlers\FileHandler' driver.
INFO - 2024-12-02 21:46:23 --> Session: Class initialized using 'CodeIgniter\Session\Handlers\FileHandler' driver.
INFO - 2024-12-02 21:46:23 --> Session: Class initialized using 'CodeIgniter\Session\Handlers\FileHandler' driver.
INFO - 2024-12-02 21:46:42 --> Session: Class initialized using 'CodeIgniter\Session\Handlers\FileHandler' driver.
INFO - 2024-12-02 21:47:18 --> Session: Class initialized using 'CodeIgniter\Session\Handlers\FileHandler' driver.
INFO - 2024-12-02 21:47:18 --> Session: Class initialized using 'CodeIgniter\Session\Handlers\FileHandler' driver.
INFO - 2024-12-02 21:48:24 --> Session: Class initialized using 'CodeIgniter\Session\Handlers\FileHandler' driver.
INFO - 2024-12-02 21:48:43 --> Session: Class initialized using 'CodeIgniter\Session\Handlers\FileHandler' driver.
INFO - 2024-12-02 21:51:01 --> Session: Class initialized using 'CodeIgniter\Session\Handlers\FileHandler' driver.
ERROR - 2024-12-02 21:51:01 --> mysqli_sql_exception: Unknown column 'especificacoes.especificacao as especEspec marcas.nome' in 'field list' in C:\xampp\htdocs\vtornos\system\Database\MySQLi\Connection.php:312
Stack trace:
#0 C:\xampp\htdocs\vtornos\system\Database\MySQLi\Connection.php(312): mysqli->query('SELECT `estoque...', 0)
#1 C:\xampp\htdocs\vtornos\system\Database\BaseConnection.php(734): CodeIgniter\Database\MySQLi\Connection->execute('SELECT `estoque...')
#2 C:\xampp\htdocs\vtornos\system\Database\BaseConnection.php(648): CodeIgniter\Database\BaseConnection->simpleQuery('SELECT `estoque...')
#3 C:\xampp\htdocs\vtornos\system\Database\BaseBuilder.php(1644): CodeIgniter\Database\BaseConnection->query('SELECT `estoque...', Array, false)
#4 C:\xampp\htdocs\vtornos\system\Model.php(286): CodeIgniter\Database\BaseBuilder->get()
#5 C:\xampp\htdocs\vtornos\system\BaseModel.php(676): CodeIgniter\Model->doFindAll(10, 0)
#6 C:\xampp\htdocs\vtornos\system\BaseModel.php(1288): CodeIgniter\BaseModel->findAll(10, 0)
#7 C:\xampp\htdocs\vtornos\app\Controllers\EstoqueController.php(42): CodeIgniter\BaseModel->paginate(10)
#8 C:\xampp\htdocs\vtornos\system\CodeIgniter.php(933): App\Controllers\EstoqueController->listar()
#9 C:\xampp\htdocs\vtornos\system\CodeIgniter.php(509): CodeIgniter\CodeIgniter->runController(Object(App\Controllers\EstoqueController))
#10 C:\xampp\htdocs\vtornos\system\CodeIgniter.php(355): CodeIgniter\CodeIgniter->handleRequest(NULL, Object(Config\Cache), false)
#11 C:\xampp\htdocs\vtornos\system\Boot.php(325): CodeIgniter\CodeIgniter->run()
#12 C:\xampp\htdocs\vtornos\system\Boot.php(67): CodeIgniter\Boot::runCodeIgniter(Object(CodeIgniter\CodeIgniter))
#13 C:\xampp\htdocs\vtornos\public\index.php(56): CodeIgniter\Boot::bootWeb(Object(Config\Paths))
#14 C:\xampp\htdocs\vtornos\system\rewrite.php(44): require_once('C:\\xampp\\htdocs...')
#15 {main}
CRITICAL - 2024-12-02 21:51:01 --> CodeIgniter\Database\Exceptions\DatabaseException: Unknown column 'especificacoes.especificacao as especEspec marcas.nome' in 'field list'
[Method: GET, Route: estoque-pecas/listar]
in SYSTEMPATH\Database\BaseConnection.php on line 688.
 1 SYSTEMPATH\Database\BaseBuilder.php(1644): CodeIgniter\Database\BaseConnection->query('SELECT `estoques`.`idEstoque` as `idEstoque`, `estoques`.`valor` as `valorUnit`, `pecas`.`nome` as `nomePeca`, `especificacoes`.`dimensao` as `dimensaoEspec`, `especificacoes`.`especificacao as especEspec marcas`.`nome` as `nomeMarca`
FROM `estoques`
INNER JOIN `especificacoes` ON `especificacoes`.`idEspecificacao`=`estoques`.`idEspecificacao`
INNER JOIN `marcas` ON `marcas`.`idMarca`=`estoques`.`idMarca`
JOIN `pecas` ON `pecas`.`idPeca`=`especificacoes`.`idPeca`
 LIMIT 10', [], false)
 2 SYSTEMPATH\Model.php(286): CodeIgniter\Database\BaseBuilder->get()
 3 SYSTEMPATH\BaseModel.php(676): CodeIgniter\Model->doFindAll(10, 0)
 4 SYSTEMPATH\BaseModel.php(1288): CodeIgniter\BaseModel->findAll(10, 0)
 5 APPPATH\Controllers\EstoqueController.php(42): CodeIgniter\BaseModel->paginate(10)
 6 SYSTEMPATH\CodeIgniter.php(933): App\Controllers\EstoqueController->listar()
 7 SYSTEMPATH\CodeIgniter.php(509): CodeIgniter\CodeIgniter->runController(Object(App\Controllers\EstoqueController))
 8 SYSTEMPATH\CodeIgniter.php(355): CodeIgniter\CodeIgniter->handleRequest(null, Object(Config\Cache), false)
 9 SYSTEMPATH\Boot.php(325): CodeIgniter\CodeIgniter->run()
10 SYSTEMPATH\Boot.php(67): CodeIgniter\Boot::runCodeIgniter(Object(CodeIgniter\CodeIgniter))
11 FCPATH\index.php(56): CodeIgniter\Boot::bootWeb(Object(Config\Paths))
12 SYSTEMPATH\rewrite.php(44): require_once('C:\\xampp\\htdocs\\vtornos\\public\\index.php')
CRITICAL - 2024-12-02 21:51:01 --> [Caused by] CodeIgniter\Database\Exceptions\DatabaseException: Unknown column 'especificacoes.especificacao as especEspec marcas.nome' in 'field list'
in SYSTEMPATH\Database\MySQLi\Connection.php on line 317.
 1 SYSTEMPATH\Database\BaseConnection.php(734): CodeIgniter\Database\MySQLi\Connection->execute('SELECT `estoques`.`idEstoque` as `idEstoque`, `estoques`.`valor` as `valorUnit`, `pecas`.`nome` as `nomePeca`, `especificacoes`.`dimensao` as `dimensaoEspec`, `especificacoes`.`especificacao as especEspec marcas`.`nome` as `nomeMarca`
FROM `estoques`
INNER JOIN `especificacoes` ON `especificacoes`.`idEspecificacao`=`estoques`.`idEspecificacao`
INNER JOIN `marcas` ON `marcas`.`idMarca`=`estoques`.`idMarca`
JOIN `pecas` ON `pecas`.`idPeca`=`especificacoes`.`idPeca`
 LIMIT 10')
 2 SYSTEMPATH\Database\BaseConnection.php(648): CodeIgniter\Database\BaseConnection->simpleQuery('SELECT `estoques`.`idEstoque` as `idEstoque`, `estoques`.`valor` as `valorUnit`, `pecas`.`nome` as `nomePeca`, `especificacoes`.`dimensao` as `dimensaoEspec`, `especificacoes`.`especificacao as especEspec marcas`.`nome` as `nomeMarca`
FROM `estoques`
INNER JOIN `especificacoes` ON `especificacoes`.`idEspecificacao`=`estoques`.`idEspecificacao`
INNER JOIN `marcas` ON `marcas`.`idMarca`=`estoques`.`idMarca`
JOIN `pecas` ON `pecas`.`idPeca`=`especificacoes`.`idPeca`
 LIMIT 10')
 3 SYSTEMPATH\Database\BaseBuilder.php(1644): CodeIgniter\Database\BaseConnection->query('SELECT `estoques`.`idEstoque` as `idEstoque`, `estoques`.`valor` as `valorUnit`, `pecas`.`nome` as `nomePeca`, `especificacoes`.`dimensao` as `dimensaoEspec`, `especificacoes`.`especificacao as especEspec marcas`.`nome` as `nomeMarca`
FROM `estoques`
INNER JOIN `especificacoes` ON `especificacoes`.`idEspecificacao`=`estoques`.`idEspecificacao`
INNER JOIN `marcas` ON `marcas`.`idMarca`=`estoques`.`idMarca`
JOIN `pecas` ON `pecas`.`idPeca`=`especificacoes`.`idPeca`
 LIMIT 10', [], false)
 4 SYSTEMPATH\Model.php(286): CodeIgniter\Database\BaseBuilder->get()
 5 SYSTEMPATH\BaseModel.php(676): CodeIgniter\Model->doFindAll(10, 0)
 6 SYSTEMPATH\BaseModel.php(1288): CodeIgniter\BaseModel->findAll(10, 0)
 7 APPPATH\Controllers\EstoqueController.php(42): CodeIgniter\BaseModel->paginate(10)
 8 SYSTEMPATH\CodeIgniter.php(933): App\Controllers\EstoqueController->listar()
 9 SYSTEMPATH\CodeIgniter.php(509): CodeIgniter\CodeIgniter->runController(Object(App\Controllers\EstoqueController))
10 SYSTEMPATH\CodeIgniter.php(355): CodeIgniter\CodeIgniter->handleRequest(null, Object(Config\Cache), false)
11 SYSTEMPATH\Boot.php(325): CodeIgniter\CodeIgniter->run()
12 SYSTEMPATH\Boot.php(67): CodeIgniter\Boot::runCodeIgniter(Object(CodeIgniter\CodeIgniter))
13 FCPATH\index.php(56): CodeIgniter\Boot::bootWeb(Object(Config\Paths))
14 SYSTEMPATH\rewrite.php(44): require_once('C:\\xampp\\htdocs\\vtornos\\public\\index.php')
CRITICAL - 2024-12-02 21:51:01 --> [Caused by] mysqli_sql_exception: Unknown column 'especificacoes.especificacao as especEspec marcas.nome' in 'field list'
in SYSTEMPATH\Database\MySQLi\Connection.php on line 312.
 1 SYSTEMPATH\Database\MySQLi\Connection.php(312): mysqli->query('SELECT `estoques`.`idEstoque` as `idEstoque`, `estoques`.`valor` as `valorUnit`, `pecas`.`nome` as `nomePeca`, `especificacoes`.`dimensao` as `dimensaoEspec`, `especificacoes`.`especificacao as especEspec marcas`.`nome` as `nomeMarca`
FROM `estoques`
INNER JOIN `especificacoes` ON `especificacoes`.`idEspecificacao`=`estoques`.`idEspecificacao`
INNER JOIN `marcas` ON `marcas`.`idMarca`=`estoques`.`idMarca`
JOIN `pecas` ON `pecas`.`idPeca`=`especificacoes`.`idPeca`
 LIMIT 10', 0)
 2 SYSTEMPATH\Database\BaseConnection.php(734): CodeIgniter\Database\MySQLi\Connection->execute('SELECT `estoques`.`idEstoque` as `idEstoque`, `estoques`.`valor` as `valorUnit`, `pecas`.`nome` as `nomePeca`, `especificacoes`.`dimensao` as `dimensaoEspec`, `especificacoes`.`especificacao as especEspec marcas`.`nome` as `nomeMarca`
FROM `estoques`
INNER JOIN `especificacoes` ON `especificacoes`.`idEspecificacao`=`estoques`.`idEspecificacao`
INNER JOIN `marcas` ON `marcas`.`idMarca`=`estoques`.`idMarca`
JOIN `pecas` ON `pecas`.`idPeca`=`especificacoes`.`idPeca`
 LIMIT 10')
 3 SYSTEMPATH\Database\BaseConnection.php(648): CodeIgniter\Database\BaseConnection->simpleQuery('SELECT `estoques`.`idEstoque` as `idEstoque`, `estoques`.`valor` as `valorUnit`, `pecas`.`nome` as `nomePeca`, `especificacoes`.`dimensao` as `dimensaoEspec`, `especificacoes`.`especificacao as especEspec marcas`.`nome` as `nomeMarca`
FROM `estoques`
INNER JOIN `especificacoes` ON `especificacoes`.`idEspecificacao`=`estoques`.`idEspecificacao`
INNER JOIN `marcas` ON `marcas`.`idMarca`=`estoques`.`idMarca`
JOIN `pecas` ON `pecas`.`idPeca`=`especificacoes`.`idPeca`
 LIMIT 10')
 4 SYSTEMPATH\Database\BaseBuilder.php(1644): CodeIgniter\Database\BaseConnection->query('SELECT `estoques`.`idEstoque` as `idEstoque`, `estoques`.`valor` as `valorUnit`, `pecas`.`nome` as `nomePeca`, `especificacoes`.`dimensao` as `dimensaoEspec`, `especificacoes`.`especificacao as especEspec marcas`.`nome` as `nomeMarca`
FROM `estoques`
INNER JOIN `especificacoes` ON `especificacoes`.`idEspecificacao`=`estoques`.`idEspecificacao`
INNER JOIN `marcas` ON `marcas`.`idMarca`=`estoques`.`idMarca`
JOIN `pecas` ON `pecas`.`idPeca`=`especificacoes`.`idPeca`
 LIMIT 10', [], false)
 5 SYSTEMPATH\Model.php(286): CodeIgniter\Database\BaseBuilder->get()
 6 SYSTEMPATH\BaseModel.php(676): CodeIgniter\Model->doFindAll(10, 0)
 7 SYSTEMPATH\BaseModel.php(1288): CodeIgniter\BaseModel->findAll(10, 0)
 8 APPPATH\Controllers\EstoqueController.php(42): CodeIgniter\BaseModel->paginate(10)
 9 SYSTEMPATH\CodeIgniter.php(933): App\Controllers\EstoqueController->listar()
10 SYSTEMPATH\CodeIgniter.php(509): CodeIgniter\CodeIgniter->runController(Object(App\Controllers\EstoqueController))
11 SYSTEMPATH\CodeIgniter.php(355): CodeIgniter\CodeIgniter->handleRequest(null, Object(Config\Cache), false)
12 SYSTEMPATH\Boot.php(325): CodeIgniter\CodeIgniter->run()
13 SYSTEMPATH\Boot.php(67): CodeIgniter\Boot::runCodeIgniter(Object(CodeIgniter\CodeIgniter))
14 FCPATH\index.php(56): CodeIgniter\Boot::bootWeb(Object(Config\Paths))
15 SYSTEMPATH\rewrite.php(44): require_once('C:\\xampp\\htdocs\\vtornos\\public\\index.php')
INFO - 2024-12-02 21:51:21 --> Session: Class initialized using 'CodeIgniter\Session\Handlers\FileHandler' driver.
INFO - 2024-12-02 21:58:25 --> Session: Class initialized using 'CodeIgniter\Session\Handlers\FileHandler' driver.
INFO - 2024-12-02 21:58:38 --> Session: Class initialized using 'CodeIgniter\Session\Handlers\FileHandler' driver.
INFO - 2024-12-02 21:59:08 --> Session: Class initialized using 'CodeIgniter\Session\Handlers\FileHandler' driver.
INFO - 2024-12-02 21:59:11 --> Session: Class initialized using 'CodeIgniter\Session\Handlers\FileHandler' driver.
INFO - 2024-12-02 21:59:13 --> Session: Class initialized using 'CodeIgniter\Session\Handlers\FileHandler' driver.
INFO - 2024-12-02 21:59:41 --> Session: Class initialized using 'CodeIgniter\Session\Handlers\FileHandler' driver.
INFO - 2024-12-02 21:59:55 --> Session: Class initialized using 'CodeIgniter\Session\Handlers\FileHandler' driver.
INFO - 2024-12-02 22:00:05 --> Session: Class initialized using 'CodeIgniter\Session\Handlers\FileHandler' driver.
INFO - 2024-12-02 22:00:05 --> Session: Class initialized using 'CodeIgniter\Session\Handlers\FileHandler' driver.
INFO - 2024-12-02 22:08:46 --> Session: Class initialized using 'CodeIgniter\Session\Handlers\FileHandler' driver.
INFO - 2024-12-02 22:09:10 --> Session: Class initialized using 'CodeIgniter\Session\Handlers\FileHandler' driver.
INFO - 2024-12-02 22:09:17 --> Session: Class initialized using 'CodeIgniter\Session\Handlers\FileHandler' driver.
INFO - 2024-12-02 22:09:26 --> Session: Class initialized using 'CodeIgniter\Session\Handlers\FileHandler' driver.
INFO - 2024-12-02 22:09:30 --> Session: Class initialized using 'CodeIgniter\Session\Handlers\FileHandler' driver.
INFO - 2024-12-02 22:11:00 --> Session: Class initialized using 'CodeIgniter\Session\Handlers\FileHandler' driver.
INFO - 2024-12-02 22:15:54 --> Session: Class initialized using 'CodeIgniter\Session\Handlers\FileHandler' driver.
INFO - 2024-12-02 22:17:17 --> Session: Class initialized using 'CodeIgniter\Session\Handlers\FileHandler' driver.
INFO - 2024-12-02 22:17:22 --> Session: Class initialized using 'CodeIgniter\Session\Handlers\FileHandler' driver.
INFO - 2024-12-02 22:17:24 --> Session: Class initialized using 'CodeIgniter\Session\Handlers\FileHandler' driver.
INFO - 2024-12-02 22:17:26 --> Session: Class initialized using 'CodeIgniter\Session\Handlers\FileHandler' driver.
INFO - 2024-12-02 22:17:29 --> Session: Class initialized using 'CodeIgniter\Session\Handlers\FileHandler' driver.
INFO - 2024-12-02 23:21:58 --> Session: Class initialized using 'CodeIgniter\Session\Handlers\FileHandler' driver.
INFO - 2024-12-02 23:36:56 --> Session: Class initialized using 'CodeIgniter\Session\Handlers\FileHandler' driver.
INFO - 2024-12-02 23:36:58 --> Session: Class initialized using 'CodeIgniter\Session\Handlers\FileHandler' driver.
INFO - 2024-12-02 23:37:02 --> Session: Class initialized using 'CodeIgniter\Session\Handlers\FileHandler' driver.
INFO - 2024-12-02 23:37:04 --> Session: Class initialized using 'CodeIgniter\Session\Handlers\FileHandler' driver.
ERROR - 2024-12-02 23:37:04 --> mysqli_sql_exception: Unknown column 'series.nome' in 'field list' in C:\xampp\htdocs\vtornos\system\Database\MySQLi\Connection.php:312
Stack trace:
#0 C:\xampp\htdocs\vtornos\system\Database\MySQLi\Connection.php(312): mysqli->query('SELECT `maquina...', 0)
#1 C:\xampp\htdocs\vtornos\system\Database\BaseConnection.php(734): CodeIgniter\Database\MySQLi\Connection->execute('SELECT `maquina...')
#2 C:\xampp\htdocs\vtornos\system\Database\BaseConnection.php(648): CodeIgniter\Database\BaseConnection->simpleQuery('SELECT `maquina...')
#3 C:\xampp\htdocs\vtornos\system\Database\BaseBuilder.php(1644): CodeIgniter\Database\BaseConnection->query('SELECT `maquina...', Array, false)
#4 C:\xampp\htdocs\vtornos\system\Model.php(286): CodeIgniter\Database\BaseBuilder->get()
#5 C:\xampp\htdocs\vtornos\system\BaseModel.php(676): CodeIgniter\Model->doFindAll(0, 0)
#6 C:\xampp\htdocs\vtornos\app\Controllers\OrcamentoController.php(59): CodeIgniter\BaseModel->findAll()
#7 C:\xampp\htdocs\vtornos\system\CodeIgniter.php(933): App\Controllers\OrcamentoController->inserir(1)
#8 C:\xampp\htdocs\vtornos\system\CodeIgniter.php(509): CodeIgniter\CodeIgniter->runController(Object(App\Controllers\OrcamentoController))
#9 C:\xampp\htdocs\vtornos\system\CodeIgniter.php(355): CodeIgniter\CodeIgniter->handleRequest(NULL, Object(Config\Cache), false)
#10 C:\xampp\htdocs\vtornos\system\Boot.php(325): CodeIgniter\CodeIgniter->run()
#11 C:\xampp\htdocs\vtornos\system\Boot.php(67): CodeIgniter\Boot::runCodeIgniter(Object(CodeIgniter\CodeIgniter))
#12 C:\xampp\htdocs\vtornos\public\index.php(56): CodeIgniter\Boot::bootWeb(Object(Config\Paths))
#13 C:\xampp\htdocs\vtornos\system\rewrite.php(44): require_once('C:\\xampp\\htdocs...')
#14 {main}
CRITICAL - 2024-12-02 23:37:04 --> CodeIgniter\Database\Exceptions\DatabaseException: Unknown column 'series.nome' in 'field list'
[Method: GET, Route: orcamento/inserir/1]
in SYSTEMPATH\Database\BaseConnection.php on line 688.
 1 SYSTEMPATH\Database\BaseBuilder.php(1644): CodeIgniter\Database\BaseConnection->query('SELECT `maquinarios`.`nome` as `nomeMaquinario`, `marcas`.`nome` as `nomeMarca`, `modelos`.`nome` as `nomeModelo`, `series`.`idSerie`, `series`.`nome` as `nomeSerie`
FROM `series`
INNER JOIN `modelos` ON `modelos`.`idModelo`=`series`.`idModelo`
INNER JOIN `maquinarios` ON `maquinarios`.`idMaquinario`=`modelos`.`idMaquinario`
INNER JOIN `marcas` ON `marcas`.`idMarca`=`modelos`.`idMarca`', [], false)
 2 SYSTEMPATH\Model.php(286): CodeIgniter\Database\BaseBuilder->get()
 3 SYSTEMPATH\BaseModel.php(676): CodeIgniter\Model->doFindAll(0, 0)
 4 APPPATH\Controllers\OrcamentoController.php(59): CodeIgniter\BaseModel->findAll()
 5 SYSTEMPATH\CodeIgniter.php(933): App\Controllers\OrcamentoController->inserir(1)
 6 SYSTEMPATH\CodeIgniter.php(509): CodeIgniter\CodeIgniter->runController(Object(App\Controllers\OrcamentoController))
 7 SYSTEMPATH\CodeIgniter.php(355): CodeIgniter\CodeIgniter->handleRequest(null, Object(Config\Cache), false)
 8 SYSTEMPATH\Boot.php(325): CodeIgniter\CodeIgniter->run()
 9 SYSTEMPATH\Boot.php(67): CodeIgniter\Boot::runCodeIgniter(Object(CodeIgniter\CodeIgniter))
10 FCPATH\index.php(56): CodeIgniter\Boot::bootWeb(Object(Config\Paths))
11 SYSTEMPATH\rewrite.php(44): require_once('C:\\xampp\\htdocs\\vtornos\\public\\index.php')
CRITICAL - 2024-12-02 23:37:04 --> [Caused by] CodeIgniter\Database\Exceptions\DatabaseException: Unknown column 'series.nome' in 'field list'
in SYSTEMPATH\Database\MySQLi\Connection.php on line 317.
 1 SYSTEMPATH\Database\BaseConnection.php(734): CodeIgniter\Database\MySQLi\Connection->execute('SELECT `maquinarios`.`nome` as `nomeMaquinario`, `marcas`.`nome` as `nomeMarca`, `modelos`.`nome` as `nomeModelo`, `series`.`idSerie`, `series`.`nome` as `nomeSerie`
FROM `series`
INNER JOIN `modelos` ON `modelos`.`idModelo`=`series`.`idModelo`
INNER JOIN `maquinarios` ON `maquinarios`.`idMaquinario`=`modelos`.`idMaquinario`
INNER JOIN `marcas` ON `marcas`.`idMarca`=`modelos`.`idMarca`')
 2 SYSTEMPATH\Database\BaseConnection.php(648): CodeIgniter\Database\BaseConnection->simpleQuery('SELECT `maquinarios`.`nome` as `nomeMaquinario`, `marcas`.`nome` as `nomeMarca`, `modelos`.`nome` as `nomeModelo`, `series`.`idSerie`, `series`.`nome` as `nomeSerie`
FROM `series`
INNER JOIN `modelos` ON `modelos`.`idModelo`=`series`.`idModelo`
INNER JOIN `maquinarios` ON `maquinarios`.`idMaquinario`=`modelos`.`idMaquinario`
INNER JOIN `marcas` ON `marcas`.`idMarca`=`modelos`.`idMarca`')
 3 SYSTEMPATH\Database\BaseBuilder.php(1644): CodeIgniter\Database\BaseConnection->query('SELECT `maquinarios`.`nome` as `nomeMaquinario`, `marcas`.`nome` as `nomeMarca`, `modelos`.`nome` as `nomeModelo`, `series`.`idSerie`, `series`.`nome` as `nomeSerie`
FROM `series`
INNER JOIN `modelos` ON `modelos`.`idModelo`=`series`.`idModelo`
INNER JOIN `maquinarios` ON `maquinarios`.`idMaquinario`=`modelos`.`idMaquinario`
INNER JOIN `marcas` ON `marcas`.`idMarca`=`modelos`.`idMarca`', [], false)
 4 SYSTEMPATH\Model.php(286): CodeIgniter\Database\BaseBuilder->get()
 5 SYSTEMPATH\BaseModel.php(676): CodeIgniter\Model->doFindAll(0, 0)
 6 APPPATH\Controllers\OrcamentoController.php(59): CodeIgniter\BaseModel->findAll()
 7 SYSTEMPATH\CodeIgniter.php(933): App\Controllers\OrcamentoController->inserir(1)
 8 SYSTEMPATH\CodeIgniter.php(509): CodeIgniter\CodeIgniter->runController(Object(App\Controllers\OrcamentoController))
 9 SYSTEMPATH\CodeIgniter.php(355): CodeIgniter\CodeIgniter->handleRequest(null, Object(Config\Cache), false)
10 SYSTEMPATH\Boot.php(325): CodeIgniter\CodeIgniter->run()
11 SYSTEMPATH\Boot.php(67): CodeIgniter\Boot::runCodeIgniter(Object(CodeIgniter\CodeIgniter))
12 FCPATH\index.php(56): CodeIgniter\Boot::bootWeb(Object(Config\Paths))
13 SYSTEMPATH\rewrite.php(44): require_once('C:\\xampp\\htdocs\\vtornos\\public\\index.php')
CRITICAL - 2024-12-02 23:37:04 --> [Caused by] mysqli_sql_exception: Unknown column 'series.nome' in 'field list'
in SYSTEMPATH\Database\MySQLi\Connection.php on line 312.
 1 SYSTEMPATH\Database\MySQLi\Connection.php(312): mysqli->query('SELECT `maquinarios`.`nome` as `nomeMaquinario`, `marcas`.`nome` as `nomeMarca`, `modelos`.`nome` as `nomeModelo`, `series`.`idSerie`, `series`.`nome` as `nomeSerie`
FROM `series`
INNER JOIN `modelos` ON `modelos`.`idModelo`=`series`.`idModelo`
INNER JOIN `maquinarios` ON `maquinarios`.`idMaquinario`=`modelos`.`idMaquinario`
INNER JOIN `marcas` ON `marcas`.`idMarca`=`modelos`.`idMarca`', 0)
 2 SYSTEMPATH\Database\BaseConnection.php(734): CodeIgniter\Database\MySQLi\Connection->execute('SELECT `maquinarios`.`nome` as `nomeMaquinario`, `marcas`.`nome` as `nomeMarca`, `modelos`.`nome` as `nomeModelo`, `series`.`idSerie`, `series`.`nome` as `nomeSerie`
FROM `series`
INNER JOIN `modelos` ON `modelos`.`idModelo`=`series`.`idModelo`
INNER JOIN `maquinarios` ON `maquinarios`.`idMaquinario`=`modelos`.`idMaquinario`
INNER JOIN `marcas` ON `marcas`.`idMarca`=`modelos`.`idMarca`')
 3 SYSTEMPATH\Database\BaseConnection.php(648): CodeIgniter\Database\BaseConnection->simpleQuery('SELECT `maquinarios`.`nome` as `nomeMaquinario`, `marcas`.`nome` as `nomeMarca`, `modelos`.`nome` as `nomeModelo`, `series`.`idSerie`, `series`.`nome` as `nomeSerie`
FROM `series`
INNER JOIN `modelos` ON `modelos`.`idModelo`=`series`.`idModelo`
INNER JOIN `maquinarios` ON `maquinarios`.`idMaquinario`=`modelos`.`idMaquinario`
INNER JOIN `marcas` ON `marcas`.`idMarca`=`modelos`.`idMarca`')
 4 SYSTEMPATH\Database\BaseBuilder.php(1644): CodeIgniter\Database\BaseConnection->query('SELECT `maquinarios`.`nome` as `nomeMaquinario`, `marcas`.`nome` as `nomeMarca`, `modelos`.`nome` as `nomeModelo`, `series`.`idSerie`, `series`.`nome` as `nomeSerie`
FROM `series`
INNER JOIN `modelos` ON `modelos`.`idModelo`=`series`.`idModelo`
INNER JOIN `maquinarios` ON `maquinarios`.`idMaquinario`=`modelos`.`idMaquinario`
INNER JOIN `marcas` ON `marcas`.`idMarca`=`modelos`.`idMarca`', [], false)
 5 SYSTEMPATH\Model.php(286): CodeIgniter\Database\BaseBuilder->get()
 6 SYSTEMPATH\BaseModel.php(676): CodeIgniter\Model->doFindAll(0, 0)
 7 APPPATH\Controllers\OrcamentoController.php(59): CodeIgniter\BaseModel->findAll()
 8 SYSTEMPATH\CodeIgniter.php(933): App\Controllers\OrcamentoController->inserir(1)
 9 SYSTEMPATH\CodeIgniter.php(509): CodeIgniter\CodeIgniter->runController(Object(App\Controllers\OrcamentoController))
10 SYSTEMPATH\CodeIgniter.php(355): CodeIgniter\CodeIgniter->handleRequest(null, Object(Config\Cache), false)
11 SYSTEMPATH\Boot.php(325): CodeIgniter\CodeIgniter->run()
12 SYSTEMPATH\Boot.php(67): CodeIgniter\Boot::runCodeIgniter(Object(CodeIgniter\CodeIgniter))
13 FCPATH\index.php(56): CodeIgniter\Boot::bootWeb(Object(Config\Paths))
14 SYSTEMPATH\rewrite.php(44): require_once('C:\\xampp\\htdocs\\vtornos\\public\\index.php')
INFO - 2024-12-02 23:38:07 --> Session: Class initialized using 'CodeIgniter\Session\Handlers\FileHandler' driver.
ERROR - 2024-12-02 23:38:07 --> mysqli_sql_exception: Unknown column 'series.nome' in 'field list' in C:\xampp\htdocs\vtornos\system\Database\MySQLi\Connection.php:312
Stack trace:
#0 C:\xampp\htdocs\vtornos\system\Database\MySQLi\Connection.php(312): mysqli->query('SELECT `maquina...', 0)
#1 C:\xampp\htdocs\vtornos\system\Database\BaseConnection.php(734): CodeIgniter\Database\MySQLi\Connection->execute('SELECT `maquina...')
#2 C:\xampp\htdocs\vtornos\system\Database\BaseConnection.php(648): CodeIgniter\Database\BaseConnection->simpleQuery('SELECT `maquina...')
#3 C:\xampp\htdocs\vtornos\system\Database\BaseBuilder.php(1644): CodeIgniter\Database\BaseConnection->query('SELECT `maquina...', Array, false)
#4 C:\xampp\htdocs\vtornos\system\Model.php(286): CodeIgniter\Database\BaseBuilder->get()
#5 C:\xampp\htdocs\vtornos\system\BaseModel.php(676): CodeIgniter\Model->doFindAll(0, 0)
#6 C:\xampp\htdocs\vtornos\app\Controllers\OrcamentoController.php(59): CodeIgniter\BaseModel->findAll()
#7 C:\xampp\htdocs\vtornos\system\CodeIgniter.php(933): App\Controllers\OrcamentoController->inserir(1)
#8 C:\xampp\htdocs\vtornos\system\CodeIgniter.php(509): CodeIgniter\CodeIgniter->runController(Object(App\Controllers\OrcamentoController))
#9 C:\xampp\htdocs\vtornos\system\CodeIgniter.php(355): CodeIgniter\CodeIgniter->handleRequest(NULL, Object(Config\Cache), false)
#10 C:\xampp\htdocs\vtornos\system\Boot.php(325): CodeIgniter\CodeIgniter->run()
#11 C:\xampp\htdocs\vtornos\system\Boot.php(67): CodeIgniter\Boot::runCodeIgniter(Object(CodeIgniter\CodeIgniter))
#12 C:\xampp\htdocs\vtornos\public\index.php(56): CodeIgniter\Boot::bootWeb(Object(Config\Paths))
#13 C:\xampp\htdocs\vtornos\system\rewrite.php(44): require_once('C:\\xampp\\htdocs...')
#14 {main}
CRITICAL - 2024-12-02 23:38:07 --> CodeIgniter\Database\Exceptions\DatabaseException: Unknown column 'series.nome' in 'field list'
[Method: GET, Route: orcamento/inserir/1]
in SYSTEMPATH\Database\BaseConnection.php on line 688.
 1 SYSTEMPATH\Database\BaseBuilder.php(1644): CodeIgniter\Database\BaseConnection->query('SELECT `maquinarios`.`nome` as `nomeMaquinario`, `marcas`.`nome` as `nomeMarca`, `modelos`.`nome` as `nomeModelo`, `series`.`idSerie`, `series`.`nome` as `nomeSerie`
FROM `series`
INNER JOIN `modelos` ON `modelos`.`idModelo`=`series`.`idModelo`
INNER JOIN `maquinarios` ON `maquinarios`.`idMaquinario`=`modelos`.`idMaquinario`
INNER JOIN `marcas` ON `marcas`.`idMarca`=`modelos`.`idMarca`', [], false)
 2 SYSTEMPATH\Model.php(286): CodeIgniter\Database\BaseBuilder->get()
 3 SYSTEMPATH\BaseModel.php(676): CodeIgniter\Model->doFindAll(0, 0)
 4 APPPATH\Controllers\OrcamentoController.php(59): CodeIgniter\BaseModel->findAll()
 5 SYSTEMPATH\CodeIgniter.php(933): App\Controllers\OrcamentoController->inserir(1)
 6 SYSTEMPATH\CodeIgniter.php(509): CodeIgniter\CodeIgniter->runController(Object(App\Controllers\OrcamentoController))
 7 SYSTEMPATH\CodeIgniter.php(355): CodeIgniter\CodeIgniter->handleRequest(null, Object(Config\Cache), false)
 8 SYSTEMPATH\Boot.php(325): CodeIgniter\CodeIgniter->run()
 9 SYSTEMPATH\Boot.php(67): CodeIgniter\Boot::runCodeIgniter(Object(CodeIgniter\CodeIgniter))
10 FCPATH\index.php(56): CodeIgniter\Boot::bootWeb(Object(Config\Paths))
11 SYSTEMPATH\rewrite.php(44): require_once('C:\\xampp\\htdocs\\vtornos\\public\\index.php')
CRITICAL - 2024-12-02 23:38:07 --> [Caused by] CodeIgniter\Database\Exceptions\DatabaseException: Unknown column 'series.nome' in 'field list'
in SYSTEMPATH\Database\MySQLi\Connection.php on line 317.
 1 SYSTEMPATH\Database\BaseConnection.php(734): CodeIgniter\Database\MySQLi\Connection->execute('SELECT `maquinarios`.`nome` as `nomeMaquinario`, `marcas`.`nome` as `nomeMarca`, `modelos`.`nome` as `nomeModelo`, `series`.`idSerie`, `series`.`nome` as `nomeSerie`
FROM `series`
INNER JOIN `modelos` ON `modelos`.`idModelo`=`series`.`idModelo`
INNER JOIN `maquinarios` ON `maquinarios`.`idMaquinario`=`modelos`.`idMaquinario`
INNER JOIN `marcas` ON `marcas`.`idMarca`=`modelos`.`idMarca`')
 2 SYSTEMPATH\Database\BaseConnection.php(648): CodeIgniter\Database\BaseConnection->simpleQuery('SELECT `maquinarios`.`nome` as `nomeMaquinario`, `marcas`.`nome` as `nomeMarca`, `modelos`.`nome` as `nomeModelo`, `series`.`idSerie`, `series`.`nome` as `nomeSerie`
FROM `series`
INNER JOIN `modelos` ON `modelos`.`idModelo`=`series`.`idModelo`
INNER JOIN `maquinarios` ON `maquinarios`.`idMaquinario`=`modelos`.`idMaquinario`
INNER JOIN `marcas` ON `marcas`.`idMarca`=`modelos`.`idMarca`')
 3 SYSTEMPATH\Database\BaseBuilder.php(1644): CodeIgniter\Database\BaseConnection->query('SELECT `maquinarios`.`nome` as `nomeMaquinario`, `marcas`.`nome` as `nomeMarca`, `modelos`.`nome` as `nomeModelo`, `series`.`idSerie`, `series`.`nome` as `nomeSerie`
FROM `series`
INNER JOIN `modelos` ON `modelos`.`idModelo`=`series`.`idModelo`
INNER JOIN `maquinarios` ON `maquinarios`.`idMaquinario`=`modelos`.`idMaquinario`
INNER JOIN `marcas` ON `marcas`.`idMarca`=`modelos`.`idMarca`', [], false)
 4 SYSTEMPATH\Model.php(286): CodeIgniter\Database\BaseBuilder->get()
 5 SYSTEMPATH\BaseModel.php(676): CodeIgniter\Model->doFindAll(0, 0)
 6 APPPATH\Controllers\OrcamentoController.php(59): CodeIgniter\BaseModel->findAll()
 7 SYSTEMPATH\CodeIgniter.php(933): App\Controllers\OrcamentoController->inserir(1)
 8 SYSTEMPATH\CodeIgniter.php(509): CodeIgniter\CodeIgniter->runController(Object(App\Controllers\OrcamentoController))
 9 SYSTEMPATH\CodeIgniter.php(355): CodeIgniter\CodeIgniter->handleRequest(null, Object(Config\Cache), false)
10 SYSTEMPATH\Boot.php(325): CodeIgniter\CodeIgniter->run()
11 SYSTEMPATH\Boot.php(67): CodeIgniter\Boot::runCodeIgniter(Object(CodeIgniter\CodeIgniter))
12 FCPATH\index.php(56): CodeIgniter\Boot::bootWeb(Object(Config\Paths))
13 SYSTEMPATH\rewrite.php(44): require_once('C:\\xampp\\htdocs\\vtornos\\public\\index.php')
CRITICAL - 2024-12-02 23:38:08 --> [Caused by] mysqli_sql_exception: Unknown column 'series.nome' in 'field list'
in SYSTEMPATH\Database\MySQLi\Connection.php on line 312.
 1 SYSTEMPATH\Database\MySQLi\Connection.php(312): mysqli->query('SELECT `maquinarios`.`nome` as `nomeMaquinario`, `marcas`.`nome` as `nomeMarca`, `modelos`.`nome` as `nomeModelo`, `series`.`idSerie`, `series`.`nome` as `nomeSerie`
FROM `series`
INNER JOIN `modelos` ON `modelos`.`idModelo`=`series`.`idModelo`
INNER JOIN `maquinarios` ON `maquinarios`.`idMaquinario`=`modelos`.`idMaquinario`
INNER JOIN `marcas` ON `marcas`.`idMarca`=`modelos`.`idMarca`', 0)
 2 SYSTEMPATH\Database\BaseConnection.php(734): CodeIgniter\Database\MySQLi\Connection->execute('SELECT `maquinarios`.`nome` as `nomeMaquinario`, `marcas`.`nome` as `nomeMarca`, `modelos`.`nome` as `nomeModelo`, `series`.`idSerie`, `series`.`nome` as `nomeSerie`
FROM `series`
INNER JOIN `modelos` ON `modelos`.`idModelo`=`series`.`idModelo`
INNER JOIN `maquinarios` ON `maquinarios`.`idMaquinario`=`modelos`.`idMaquinario`
INNER JOIN `marcas` ON `marcas`.`idMarca`=`modelos`.`idMarca`')
 3 SYSTEMPATH\Database\BaseConnection.php(648): CodeIgniter\Database\BaseConnection->simpleQuery('SELECT `maquinarios`.`nome` as `nomeMaquinario`, `marcas`.`nome` as `nomeMarca`, `modelos`.`nome` as `nomeModelo`, `series`.`idSerie`, `series`.`nome` as `nomeSerie`
FROM `series`
INNER JOIN `modelos` ON `modelos`.`idModelo`=`series`.`idModelo`
INNER JOIN `maquinarios` ON `maquinarios`.`idMaquinario`=`modelos`.`idMaquinario`
INNER JOIN `marcas` ON `marcas`.`idMarca`=`modelos`.`idMarca`')
 4 SYSTEMPATH\Database\BaseBuilder.php(1644): CodeIgniter\Database\BaseConnection->query('SELECT `maquinarios`.`nome` as `nomeMaquinario`, `marcas`.`nome` as `nomeMarca`, `modelos`.`nome` as `nomeModelo`, `series`.`idSerie`, `series`.`nome` as `nomeSerie`
FROM `series`
INNER JOIN `modelos` ON `modelos`.`idModelo`=`series`.`idModelo`
INNER JOIN `maquinarios` ON `maquinarios`.`idMaquinario`=`modelos`.`idMaquinario`
INNER JOIN `marcas` ON `marcas`.`idMarca`=`modelos`.`idMarca`', [], false)
 5 SYSTEMPATH\Model.php(286): CodeIgniter\Database\BaseBuilder->get()
 6 SYSTEMPATH\BaseModel.php(676): CodeIgniter\Model->doFindAll(0, 0)
 7 APPPATH\Controllers\OrcamentoController.php(59): CodeIgniter\BaseModel->findAll()
 8 SYSTEMPATH\CodeIgniter.php(933): App\Controllers\OrcamentoController->inserir(1)
 9 SYSTEMPATH\CodeIgniter.php(509): CodeIgniter\CodeIgniter->runController(Object(App\Controllers\OrcamentoController))
10 SYSTEMPATH\CodeIgniter.php(355): CodeIgniter\CodeIgniter->handleRequest(null, Object(Config\Cache), false)
11 SYSTEMPATH\Boot.php(325): CodeIgniter\CodeIgniter->run()
12 SYSTEMPATH\Boot.php(67): CodeIgniter\Boot::runCodeIgniter(Object(CodeIgniter\CodeIgniter))
13 FCPATH\index.php(56): CodeIgniter\Boot::bootWeb(Object(Config\Paths))
14 SYSTEMPATH\rewrite.php(44): require_once('C:\\xampp\\htdocs\\vtornos\\public\\index.php')
INFO - 2024-12-02 23:38:55 --> Session: Class initialized using 'CodeIgniter\Session\Handlers\FileHandler' driver.
ERROR - 2024-12-02 23:38:55 --> mysqli_sql_exception: Unknown column 'series.nome' in 'field list' in C:\xampp\htdocs\vtornos\system\Database\MySQLi\Connection.php:312
Stack trace:
#0 C:\xampp\htdocs\vtornos\system\Database\MySQLi\Connection.php(312): mysqli->query('SELECT `maquina...', 0)
#1 C:\xampp\htdocs\vtornos\system\Database\BaseConnection.php(734): CodeIgniter\Database\MySQLi\Connection->execute('SELECT `maquina...')
#2 C:\xampp\htdocs\vtornos\system\Database\BaseConnection.php(648): CodeIgniter\Database\BaseConnection->simpleQuery('SELECT `maquina...')
#3 C:\xampp\htdocs\vtornos\system\Database\BaseBuilder.php(1644): CodeIgniter\Database\BaseConnection->query('SELECT `maquina...', Array, false)
#4 C:\xampp\htdocs\vtornos\system\Model.php(286): CodeIgniter\Database\BaseBuilder->get()
#5 C:\xampp\htdocs\vtornos\system\BaseModel.php(676): CodeIgniter\Model->doFindAll(0, 0)
#6 C:\xampp\htdocs\vtornos\app\Controllers\OrcamentoController.php(59): CodeIgniter\BaseModel->findAll()
#7 C:\xampp\htdocs\vtornos\system\CodeIgniter.php(933): App\Controllers\OrcamentoController->inserir(1)
#8 C:\xampp\htdocs\vtornos\system\CodeIgniter.php(509): CodeIgniter\CodeIgniter->runController(Object(App\Controllers\OrcamentoController))
#9 C:\xampp\htdocs\vtornos\system\CodeIgniter.php(355): CodeIgniter\CodeIgniter->handleRequest(NULL, Object(Config\Cache), false)
#10 C:\xampp\htdocs\vtornos\system\Boot.php(325): CodeIgniter\CodeIgniter->run()
#11 C:\xampp\htdocs\vtornos\system\Boot.php(67): CodeIgniter\Boot::runCodeIgniter(Object(CodeIgniter\CodeIgniter))
#12 C:\xampp\htdocs\vtornos\public\index.php(56): CodeIgniter\Boot::bootWeb(Object(Config\Paths))
#13 C:\xampp\htdocs\vtornos\system\rewrite.php(44): require_once('C:\\xampp\\htdocs...')
#14 {main}
CRITICAL - 2024-12-02 23:38:55 --> CodeIgniter\Database\Exceptions\DatabaseException: Unknown column 'series.nome' in 'field list'
[Method: GET, Route: orcamento/inserir/1]
in SYSTEMPATH\Database\BaseConnection.php on line 688.
 1 SYSTEMPATH\Database\BaseBuilder.php(1644): CodeIgniter\Database\BaseConnection->query('SELECT `maquinarios`.`nome` as `nomeMaquinario`, `marcas`.`nome` as `nomeMarca`, `modelos`.`nome` as `nomeModelo`, `series`.`idSerie`, `series`.`nome` as `nomeSerie`
FROM `series`
INNER JOIN `modelos` ON `modelos`.`idModelo`=`series`.`idModelo`
INNER JOIN `maquinarios` ON `maquinarios`.`idMaquinario`=`modelos`.`idMaquinario`
INNER JOIN `marcas` ON `marcas`.`idMarca`=`modelos`.`idMarca`', [], false)
 2 SYSTEMPATH\Model.php(286): CodeIgniter\Database\BaseBuilder->get()
 3 SYSTEMPATH\BaseModel.php(676): CodeIgniter\Model->doFindAll(0, 0)
 4 APPPATH\Controllers\OrcamentoController.php(59): CodeIgniter\BaseModel->findAll()
 5 SYSTEMPATH\CodeIgniter.php(933): App\Controllers\OrcamentoController->inserir(1)
 6 SYSTEMPATH\CodeIgniter.php(509): CodeIgniter\CodeIgniter->runController(Object(App\Controllers\OrcamentoController))
 7 SYSTEMPATH\CodeIgniter.php(355): CodeIgniter\CodeIgniter->handleRequest(null, Object(Config\Cache), false)
 8 SYSTEMPATH\Boot.php(325): CodeIgniter\CodeIgniter->run()
 9 SYSTEMPATH\Boot.php(67): CodeIgniter\Boot::runCodeIgniter(Object(CodeIgniter\CodeIgniter))
10 FCPATH\index.php(56): CodeIgniter\Boot::bootWeb(Object(Config\Paths))
11 SYSTEMPATH\rewrite.php(44): require_once('C:\\xampp\\htdocs\\vtornos\\public\\index.php')
CRITICAL - 2024-12-02 23:38:55 --> [Caused by] CodeIgniter\Database\Exceptions\DatabaseException: Unknown column 'series.nome' in 'field list'
in SYSTEMPATH\Database\MySQLi\Connection.php on line 317.
 1 SYSTEMPATH\Database\BaseConnection.php(734): CodeIgniter\Database\MySQLi\Connection->execute('SELECT `maquinarios`.`nome` as `nomeMaquinario`, `marcas`.`nome` as `nomeMarca`, `modelos`.`nome` as `nomeModelo`, `series`.`idSerie`, `series`.`nome` as `nomeSerie`
FROM `series`
INNER JOIN `modelos` ON `modelos`.`idModelo`=`series`.`idModelo`
INNER JOIN `maquinarios` ON `maquinarios`.`idMaquinario`=`modelos`.`idMaquinario`
INNER JOIN `marcas` ON `marcas`.`idMarca`=`modelos`.`idMarca`')
 2 SYSTEMPATH\Database\BaseConnection.php(648): CodeIgniter\Database\BaseConnection->simpleQuery('SELECT `maquinarios`.`nome` as `nomeMaquinario`, `marcas`.`nome` as `nomeMarca`, `modelos`.`nome` as `nomeModelo`, `series`.`idSerie`, `series`.`nome` as `nomeSerie`
FROM `series`
INNER JOIN `modelos` ON `modelos`.`idModelo`=`series`.`idModelo`
INNER JOIN `maquinarios` ON `maquinarios`.`idMaquinario`=`modelos`.`idMaquinario`
INNER JOIN `marcas` ON `marcas`.`idMarca`=`modelos`.`idMarca`')
 3 SYSTEMPATH\Database\BaseBuilder.php(1644): CodeIgniter\Database\BaseConnection->query('SELECT `maquinarios`.`nome` as `nomeMaquinario`, `marcas`.`nome` as `nomeMarca`, `modelos`.`nome` as `nomeModelo`, `series`.`idSerie`, `series`.`nome` as `nomeSerie`
FROM `series`
INNER JOIN `modelos` ON `modelos`.`idModelo`=`series`.`idModelo`
INNER JOIN `maquinarios` ON `maquinarios`.`idMaquinario`=`modelos`.`idMaquinario`
INNER JOIN `marcas` ON `marcas`.`idMarca`=`modelos`.`idMarca`', [], false)
 4 SYSTEMPATH\Model.php(286): CodeIgniter\Database\BaseBuilder->get()
 5 SYSTEMPATH\BaseModel.php(676): CodeIgniter\Model->doFindAll(0, 0)
 6 APPPATH\Controllers\OrcamentoController.php(59): CodeIgniter\BaseModel->findAll()
 7 SYSTEMPATH\CodeIgniter.php(933): App\Controllers\OrcamentoController->inserir(1)
 8 SYSTEMPATH\CodeIgniter.php(509): CodeIgniter\CodeIgniter->runController(Object(App\Controllers\OrcamentoController))
 9 SYSTEMPATH\CodeIgniter.php(355): CodeIgniter\CodeIgniter->handleRequest(null, Object(Config\Cache), false)
10 SYSTEMPATH\Boot.php(325): CodeIgniter\CodeIgniter->run()
11 SYSTEMPATH\Boot.php(67): CodeIgniter\Boot::runCodeIgniter(Object(CodeIgniter\CodeIgniter))
12 FCPATH\index.php(56): CodeIgniter\Boot::bootWeb(Object(Config\Paths))
13 SYSTEMPATH\rewrite.php(44): require_once('C:\\xampp\\htdocs\\vtornos\\public\\index.php')
CRITICAL - 2024-12-02 23:38:55 --> [Caused by] mysqli_sql_exception: Unknown column 'series.nome' in 'field list'
in SYSTEMPATH\Database\MySQLi\Connection.php on line 312.
 1 SYSTEMPATH\Database\MySQLi\Connection.php(312): mysqli->query('SELECT `maquinarios`.`nome` as `nomeMaquinario`, `marcas`.`nome` as `nomeMarca`, `modelos`.`nome` as `nomeModelo`, `series`.`idSerie`, `series`.`nome` as `nomeSerie`
FROM `series`
INNER JOIN `modelos` ON `modelos`.`idModelo`=`series`.`idModelo`
INNER JOIN `maquinarios` ON `maquinarios`.`idMaquinario`=`modelos`.`idMaquinario`
INNER JOIN `marcas` ON `marcas`.`idMarca`=`modelos`.`idMarca`', 0)
 2 SYSTEMPATH\Database\BaseConnection.php(734): CodeIgniter\Database\MySQLi\Connection->execute('SELECT `maquinarios`.`nome` as `nomeMaquinario`, `marcas`.`nome` as `nomeMarca`, `modelos`.`nome` as `nomeModelo`, `series`.`idSerie`, `series`.`nome` as `nomeSerie`
FROM `series`
INNER JOIN `modelos` ON `modelos`.`idModelo`=`series`.`idModelo`
INNER JOIN `maquinarios` ON `maquinarios`.`idMaquinario`=`modelos`.`idMaquinario`
INNER JOIN `marcas` ON `marcas`.`idMarca`=`modelos`.`idMarca`')
 3 SYSTEMPATH\Database\BaseConnection.php(648): CodeIgniter\Database\BaseConnection->simpleQuery('SELECT `maquinarios`.`nome` as `nomeMaquinario`, `marcas`.`nome` as `nomeMarca`, `modelos`.`nome` as `nomeModelo`, `series`.`idSerie`, `series`.`nome` as `nomeSerie`
FROM `series`
INNER JOIN `modelos` ON `modelos`.`idModelo`=`series`.`idModelo`
INNER JOIN `maquinarios` ON `maquinarios`.`idMaquinario`=`modelos`.`idMaquinario`
INNER JOIN `marcas` ON `marcas`.`idMarca`=`modelos`.`idMarca`')
 4 SYSTEMPATH\Database\BaseBuilder.php(1644): CodeIgniter\Database\BaseConnection->query('SELECT `maquinarios`.`nome` as `nomeMaquinario`, `marcas`.`nome` as `nomeMarca`, `modelos`.`nome` as `nomeModelo`, `series`.`idSerie`, `series`.`nome` as `nomeSerie`
FROM `series`
INNER JOIN `modelos` ON `modelos`.`idModelo`=`series`.`idModelo`
INNER JOIN `maquinarios` ON `maquinarios`.`idMaquinario`=`modelos`.`idMaquinario`
INNER JOIN `marcas` ON `marcas`.`idMarca`=`modelos`.`idMarca`', [], false)
 5 SYSTEMPATH\Model.php(286): CodeIgniter\Database\BaseBuilder->get()
 6 SYSTEMPATH\BaseModel.php(676): CodeIgniter\Model->doFindAll(0, 0)
 7 APPPATH\Controllers\OrcamentoController.php(59): CodeIgniter\BaseModel->findAll()
 8 SYSTEMPATH\CodeIgniter.php(933): App\Controllers\OrcamentoController->inserir(1)
 9 SYSTEMPATH\CodeIgniter.php(509): CodeIgniter\CodeIgniter->runController(Object(App\Controllers\OrcamentoController))
10 SYSTEMPATH\CodeIgniter.php(355): CodeIgniter\CodeIgniter->handleRequest(null, Object(Config\Cache), false)
11 SYSTEMPATH\Boot.php(325): CodeIgniter\CodeIgniter->run()
12 SYSTEMPATH\Boot.php(67): CodeIgniter\Boot::runCodeIgniter(Object(CodeIgniter\CodeIgniter))
13 FCPATH\index.php(56): CodeIgniter\Boot::bootWeb(Object(Config\Paths))
14 SYSTEMPATH\rewrite.php(44): require_once('C:\\xampp\\htdocs\\vtornos\\public\\index.php')
INFO - 2024-12-02 23:38:57 --> Session: Class initialized using 'CodeIgniter\Session\Handlers\FileHandler' driver.
ERROR - 2024-12-02 23:38:57 --> mysqli_sql_exception: Unknown column 'series.nome' in 'field list' in C:\xampp\htdocs\vtornos\system\Database\MySQLi\Connection.php:312
Stack trace:
#0 C:\xampp\htdocs\vtornos\system\Database\MySQLi\Connection.php(312): mysqli->query('SELECT `maquina...', 0)
#1 C:\xampp\htdocs\vtornos\system\Database\BaseConnection.php(734): CodeIgniter\Database\MySQLi\Connection->execute('SELECT `maquina...')
#2 C:\xampp\htdocs\vtornos\system\Database\BaseConnection.php(648): CodeIgniter\Database\BaseConnection->simpleQuery('SELECT `maquina...')
#3 C:\xampp\htdocs\vtornos\system\Database\BaseBuilder.php(1644): CodeIgniter\Database\BaseConnection->query('SELECT `maquina...', Array, false)
#4 C:\xampp\htdocs\vtornos\system\Model.php(286): CodeIgniter\Database\BaseBuilder->get()
#5 C:\xampp\htdocs\vtornos\system\BaseModel.php(676): CodeIgniter\Model->doFindAll(0, 0)
#6 C:\xampp\htdocs\vtornos\app\Controllers\OrcamentoController.php(59): CodeIgniter\BaseModel->findAll()
#7 C:\xampp\htdocs\vtornos\system\CodeIgniter.php(933): App\Controllers\OrcamentoController->inserir(1)
#8 C:\xampp\htdocs\vtornos\system\CodeIgniter.php(509): CodeIgniter\CodeIgniter->runController(Object(App\Controllers\OrcamentoController))
#9 C:\xampp\htdocs\vtornos\system\CodeIgniter.php(355): CodeIgniter\CodeIgniter->handleRequest(NULL, Object(Config\Cache), false)
#10 C:\xampp\htdocs\vtornos\system\Boot.php(325): CodeIgniter\CodeIgniter->run()
#11 C:\xampp\htdocs\vtornos\system\Boot.php(67): CodeIgniter\Boot::runCodeIgniter(Object(CodeIgniter\CodeIgniter))
#12 C:\xampp\htdocs\vtornos\public\index.php(56): CodeIgniter\Boot::bootWeb(Object(Config\Paths))
#13 C:\xampp\htdocs\vtornos\system\rewrite.php(44): require_once('C:\\xampp\\htdocs...')
#14 {main}
CRITICAL - 2024-12-02 23:38:57 --> CodeIgniter\Database\Exceptions\DatabaseException: Unknown column 'series.nome' in 'field list'
[Method: GET, Route: orcamento/inserir/1]
in SYSTEMPATH\Database\BaseConnection.php on line 688.
 1 SYSTEMPATH\Database\BaseBuilder.php(1644): CodeIgniter\Database\BaseConnection->query('SELECT `maquinarios`.`nome` as `nomeMaquinario`, `marcas`.`nome` as `nomeMarca`, `modelos`.`nome` as `nomeModelo`, `series`.`idSerie`, `series`.`nome` as `nomeSerie`
FROM `series`
INNER JOIN `modelos` ON `modelos`.`idModelo`=`series`.`idModelo`
INNER JOIN `maquinarios` ON `maquinarios`.`idMaquinario`=`modelos`.`idMaquinario`
INNER JOIN `marcas` ON `marcas`.`idMarca`=`modelos`.`idMarca`', [], false)
 2 SYSTEMPATH\Model.php(286): CodeIgniter\Database\BaseBuilder->get()
 3 SYSTEMPATH\BaseModel.php(676): CodeIgniter\Model->doFindAll(0, 0)
 4 APPPATH\Controllers\OrcamentoController.php(59): CodeIgniter\BaseModel->findAll()
 5 SYSTEMPATH\CodeIgniter.php(933): App\Controllers\OrcamentoController->inserir(1)
 6 SYSTEMPATH\CodeIgniter.php(509): CodeIgniter\CodeIgniter->runController(Object(App\Controllers\OrcamentoController))
 7 SYSTEMPATH\CodeIgniter.php(355): CodeIgniter\CodeIgniter->handleRequest(null, Object(Config\Cache), false)
 8 SYSTEMPATH\Boot.php(325): CodeIgniter\CodeIgniter->run()
 9 SYSTEMPATH\Boot.php(67): CodeIgniter\Boot::runCodeIgniter(Object(CodeIgniter\CodeIgniter))
10 FCPATH\index.php(56): CodeIgniter\Boot::bootWeb(Object(Config\Paths))
11 SYSTEMPATH\rewrite.php(44): require_once('C:\\xampp\\htdocs\\vtornos\\public\\index.php')
CRITICAL - 2024-12-02 23:38:57 --> [Caused by] CodeIgniter\Database\Exceptions\DatabaseException: Unknown column 'series.nome' in 'field list'
in SYSTEMPATH\Database\MySQLi\Connection.php on line 317.
 1 SYSTEMPATH\Database\BaseConnection.php(734): CodeIgniter\Database\MySQLi\Connection->execute('SELECT `maquinarios`.`nome` as `nomeMaquinario`, `marcas`.`nome` as `nomeMarca`, `modelos`.`nome` as `nomeModelo`, `series`.`idSerie`, `series`.`nome` as `nomeSerie`
FROM `series`
INNER JOIN `modelos` ON `modelos`.`idModelo`=`series`.`idModelo`
INNER JOIN `maquinarios` ON `maquinarios`.`idMaquinario`=`modelos`.`idMaquinario`
INNER JOIN `marcas` ON `marcas`.`idMarca`=`modelos`.`idMarca`')
 2 SYSTEMPATH\Database\BaseConnection.php(648): CodeIgniter\Database\BaseConnection->simpleQuery('SELECT `maquinarios`.`nome` as `nomeMaquinario`, `marcas`.`nome` as `nomeMarca`, `modelos`.`nome` as `nomeModelo`, `series`.`idSerie`, `series`.`nome` as `nomeSerie`
FROM `series`
INNER JOIN `modelos` ON `modelos`.`idModelo`=`series`.`idModelo`
INNER JOIN `maquinarios` ON `maquinarios`.`idMaquinario`=`modelos`.`idMaquinario`
INNER JOIN `marcas` ON `marcas`.`idMarca`=`modelos`.`idMarca`')
 3 SYSTEMPATH\Database\BaseBuilder.php(1644): CodeIgniter\Database\BaseConnection->query('SELECT `maquinarios`.`nome` as `nomeMaquinario`, `marcas`.`nome` as `nomeMarca`, `modelos`.`nome` as `nomeModelo`, `series`.`idSerie`, `series`.`nome` as `nomeSerie`
FROM `series`
INNER JOIN `modelos` ON `modelos`.`idModelo`=`series`.`idModelo`
INNER JOIN `maquinarios` ON `maquinarios`.`idMaquinario`=`modelos`.`idMaquinario`
INNER JOIN `marcas` ON `marcas`.`idMarca`=`modelos`.`idMarca`', [], false)
 4 SYSTEMPATH\Model.php(286): CodeIgniter\Database\BaseBuilder->get()
 5 SYSTEMPATH\BaseModel.php(676): CodeIgniter\Model->doFindAll(0, 0)
 6 APPPATH\Controllers\OrcamentoController.php(59): CodeIgniter\BaseModel->findAll()
 7 SYSTEMPATH\CodeIgniter.php(933): App\Controllers\OrcamentoController->inserir(1)
 8 SYSTEMPATH\CodeIgniter.php(509): CodeIgniter\CodeIgniter->runController(Object(App\Controllers\OrcamentoController))
 9 SYSTEMPATH\CodeIgniter.php(355): CodeIgniter\CodeIgniter->handleRequest(null, Object(Config\Cache), false)
10 SYSTEMPATH\Boot.php(325): CodeIgniter\CodeIgniter->run()
11 SYSTEMPATH\Boot.php(67): CodeIgniter\Boot::runCodeIgniter(Object(CodeIgniter\CodeIgniter))
12 FCPATH\index.php(56): CodeIgniter\Boot::bootWeb(Object(Config\Paths))
13 SYSTEMPATH\rewrite.php(44): require_once('C:\\xampp\\htdocs\\vtornos\\public\\index.php')
CRITICAL - 2024-12-02 23:38:57 --> [Caused by] mysqli_sql_exception: Unknown column 'series.nome' in 'field list'
in SYSTEMPATH\Database\MySQLi\Connection.php on line 312.
 1 SYSTEMPATH\Database\MySQLi\Connection.php(312): mysqli->query('SELECT `maquinarios`.`nome` as `nomeMaquinario`, `marcas`.`nome` as `nomeMarca`, `modelos`.`nome` as `nomeModelo`, `series`.`idSerie`, `series`.`nome` as `nomeSerie`
FROM `series`
INNER JOIN `modelos` ON `modelos`.`idModelo`=`series`.`idModelo`
INNER JOIN `maquinarios` ON `maquinarios`.`idMaquinario`=`modelos`.`idMaquinario`
INNER JOIN `marcas` ON `marcas`.`idMarca`=`modelos`.`idMarca`', 0)
 2 SYSTEMPATH\Database\BaseConnection.php(734): CodeIgniter\Database\MySQLi\Connection->execute('SELECT `maquinarios`.`nome` as `nomeMaquinario`, `marcas`.`nome` as `nomeMarca`, `modelos`.`nome` as `nomeModelo`, `series`.`idSerie`, `series`.`nome` as `nomeSerie`
FROM `series`
INNER JOIN `modelos` ON `modelos`.`idModelo`=`series`.`idModelo`
INNER JOIN `maquinarios` ON `maquinarios`.`idMaquinario`=`modelos`.`idMaquinario`
INNER JOIN `marcas` ON `marcas`.`idMarca`=`modelos`.`idMarca`')
 3 SYSTEMPATH\Database\BaseConnection.php(648): CodeIgniter\Database\BaseConnection->simpleQuery('SELECT `maquinarios`.`nome` as `nomeMaquinario`, `marcas`.`nome` as `nomeMarca`, `modelos`.`nome` as `nomeModelo`, `series`.`idSerie`, `series`.`nome` as `nomeSerie`
FROM `series`
INNER JOIN `modelos` ON `modelos`.`idModelo`=`series`.`idModelo`
INNER JOIN `maquinarios` ON `maquinarios`.`idMaquinario`=`modelos`.`idMaquinario`
INNER JOIN `marcas` ON `marcas`.`idMarca`=`modelos`.`idMarca`')
 4 SYSTEMPATH\Database\BaseBuilder.php(1644): CodeIgniter\Database\BaseConnection->query('SELECT `maquinarios`.`nome` as `nomeMaquinario`, `marcas`.`nome` as `nomeMarca`, `modelos`.`nome` as `nomeModelo`, `series`.`idSerie`, `series`.`nome` as `nomeSerie`
FROM `series`
INNER JOIN `modelos` ON `modelos`.`idModelo`=`series`.`idModelo`
INNER JOIN `maquinarios` ON `maquinarios`.`idMaquinario`=`modelos`.`idMaquinario`
INNER JOIN `marcas` ON `marcas`.`idMarca`=`modelos`.`idMarca`', [], false)
 5 SYSTEMPATH\Model.php(286): CodeIgniter\Database\BaseBuilder->get()
 6 SYSTEMPATH\BaseModel.php(676): CodeIgniter\Model->doFindAll(0, 0)
 7 APPPATH\Controllers\OrcamentoController.php(59): CodeIgniter\BaseModel->findAll()
 8 SYSTEMPATH\CodeIgniter.php(933): App\Controllers\OrcamentoController->inserir(1)
 9 SYSTEMPATH\CodeIgniter.php(509): CodeIgniter\CodeIgniter->runController(Object(App\Controllers\OrcamentoController))
10 SYSTEMPATH\CodeIgniter.php(355): CodeIgniter\CodeIgniter->handleRequest(null, Object(Config\Cache), false)
11 SYSTEMPATH\Boot.php(325): CodeIgniter\CodeIgniter->run()
12 SYSTEMPATH\Boot.php(67): CodeIgniter\Boot::runCodeIgniter(Object(CodeIgniter\CodeIgniter))
13 FCPATH\index.php(56): CodeIgniter\Boot::bootWeb(Object(Config\Paths))
14 SYSTEMPATH\rewrite.php(44): require_once('C:\\xampp\\htdocs\\vtornos\\public\\index.php')
INFO - 2024-12-02 23:40:57 --> Session: Class initialized using 'CodeIgniter\Session\Handlers\FileHandler' driver.
ERROR - 2024-12-02 23:40:57 --> mysqli_sql_exception: Unknown column 'series.nome' in 'field list' in C:\xampp\htdocs\vtornos\system\Database\MySQLi\Connection.php:312
Stack trace:
#0 C:\xampp\htdocs\vtornos\system\Database\MySQLi\Connection.php(312): mysqli->query('SELECT `maquina...', 0)
#1 C:\xampp\htdocs\vtornos\system\Database\BaseConnection.php(734): CodeIgniter\Database\MySQLi\Connection->execute('SELECT `maquina...')
#2 C:\xampp\htdocs\vtornos\system\Database\BaseConnection.php(648): CodeIgniter\Database\BaseConnection->simpleQuery('SELECT `maquina...')
#3 C:\xampp\htdocs\vtornos\system\Database\BaseBuilder.php(1644): CodeIgniter\Database\BaseConnection->query('SELECT `maquina...', Array, false)
#4 C:\xampp\htdocs\vtornos\system\Model.php(286): CodeIgniter\Database\BaseBuilder->get()
#5 C:\xampp\htdocs\vtornos\system\BaseModel.php(676): CodeIgniter\Model->doFindAll(0, 0)
#6 C:\xampp\htdocs\vtornos\app\Controllers\OrcamentoController.php(59): CodeIgniter\BaseModel->findAll()
#7 C:\xampp\htdocs\vtornos\system\CodeIgniter.php(933): App\Controllers\OrcamentoController->inserir(1)
#8 C:\xampp\htdocs\vtornos\system\CodeIgniter.php(509): CodeIgniter\CodeIgniter->runController(Object(App\Controllers\OrcamentoController))
#9 C:\xampp\htdocs\vtornos\system\CodeIgniter.php(355): CodeIgniter\CodeIgniter->handleRequest(NULL, Object(Config\Cache), false)
#10 C:\xampp\htdocs\vtornos\system\Boot.php(325): CodeIgniter\CodeIgniter->run()
#11 C:\xampp\htdocs\vtornos\system\Boot.php(67): CodeIgniter\Boot::runCodeIgniter(Object(CodeIgniter\CodeIgniter))
#12 C:\xampp\htdocs\vtornos\public\index.php(56): CodeIgniter\Boot::bootWeb(Object(Config\Paths))
#13 C:\xampp\htdocs\vtornos\system\rewrite.php(44): require_once('C:\\xampp\\htdocs...')
#14 {main}
CRITICAL - 2024-12-02 23:40:57 --> CodeIgniter\Database\Exceptions\DatabaseException: Unknown column 'series.nome' in 'field list'
[Method: GET, Route: orcamento/inserir/1]
in SYSTEMPATH\Database\BaseConnection.php on line 688.
 1 SYSTEMPATH\Database\BaseBuilder.php(1644): CodeIgniter\Database\BaseConnection->query('SELECT `maquinarios`.`nome` as `nomeMaquinario`, `marcas`.`nome` as `nomeMarca`, `modelos`.`nome` as `nomeModelo`, `series`.`idSerie`, `series`.`nome` as `nomeSerie`
FROM `series`
INNER JOIN `modelos` ON `modelos`.`idModelo`=`series`.`idModelo`
INNER JOIN `maquinarios` ON `maquinarios`.`idMaquinario`=`modelos`.`idMaquinario`
INNER JOIN `marcas` ON `marcas`.`idMarca`=`modelos`.`idMarca`', [], false)
 2 SYSTEMPATH\Model.php(286): CodeIgniter\Database\BaseBuilder->get()
 3 SYSTEMPATH\BaseModel.php(676): CodeIgniter\Model->doFindAll(0, 0)
 4 APPPATH\Controllers\OrcamentoController.php(59): CodeIgniter\BaseModel->findAll()
 5 SYSTEMPATH\CodeIgniter.php(933): App\Controllers\OrcamentoController->inserir(1)
 6 SYSTEMPATH\CodeIgniter.php(509): CodeIgniter\CodeIgniter->runController(Object(App\Controllers\OrcamentoController))
 7 SYSTEMPATH\CodeIgniter.php(355): CodeIgniter\CodeIgniter->handleRequest(null, Object(Config\Cache), false)
 8 SYSTEMPATH\Boot.php(325): CodeIgniter\CodeIgniter->run()
 9 SYSTEMPATH\Boot.php(67): CodeIgniter\Boot::runCodeIgniter(Object(CodeIgniter\CodeIgniter))
10 FCPATH\index.php(56): CodeIgniter\Boot::bootWeb(Object(Config\Paths))
11 SYSTEMPATH\rewrite.php(44): require_once('C:\\xampp\\htdocs\\vtornos\\public\\index.php')
CRITICAL - 2024-12-02 23:40:57 --> [Caused by] CodeIgniter\Database\Exceptions\DatabaseException: Unknown column 'series.nome' in 'field list'
in SYSTEMPATH\Database\MySQLi\Connection.php on line 317.
 1 SYSTEMPATH\Database\BaseConnection.php(734): CodeIgniter\Database\MySQLi\Connection->execute('SELECT `maquinarios`.`nome` as `nomeMaquinario`, `marcas`.`nome` as `nomeMarca`, `modelos`.`nome` as `nomeModelo`, `series`.`idSerie`, `series`.`nome` as `nomeSerie`
FROM `series`
INNER JOIN `modelos` ON `modelos`.`idModelo`=`series`.`idModelo`
INNER JOIN `maquinarios` ON `maquinarios`.`idMaquinario`=`modelos`.`idMaquinario`
INNER JOIN `marcas` ON `marcas`.`idMarca`=`modelos`.`idMarca`')
 2 SYSTEMPATH\Database\BaseConnection.php(648): CodeIgniter\Database\BaseConnection->simpleQuery('SELECT `maquinarios`.`nome` as `nomeMaquinario`, `marcas`.`nome` as `nomeMarca`, `modelos`.`nome` as `nomeModelo`, `series`.`idSerie`, `series`.`nome` as `nomeSerie`
FROM `series`
INNER JOIN `modelos` ON `modelos`.`idModelo`=`series`.`idModelo`
INNER JOIN `maquinarios` ON `maquinarios`.`idMaquinario`=`modelos`.`idMaquinario`
INNER JOIN `marcas` ON `marcas`.`idMarca`=`modelos`.`idMarca`')
 3 SYSTEMPATH\Database\BaseBuilder.php(1644): CodeIgniter\Database\BaseConnection->query('SELECT `maquinarios`.`nome` as `nomeMaquinario`, `marcas`.`nome` as `nomeMarca`, `modelos`.`nome` as `nomeModelo`, `series`.`idSerie`, `series`.`nome` as `nomeSerie`
FROM `series`
INNER JOIN `modelos` ON `modelos`.`idModelo`=`series`.`idModelo`
INNER JOIN `maquinarios` ON `maquinarios`.`idMaquinario`=`modelos`.`idMaquinario`
INNER JOIN `marcas` ON `marcas`.`idMarca`=`modelos`.`idMarca`', [], false)
 4 SYSTEMPATH\Model.php(286): CodeIgniter\Database\BaseBuilder->get()
 5 SYSTEMPATH\BaseModel.php(676): CodeIgniter\Model->doFindAll(0, 0)
 6 APPPATH\Controllers\OrcamentoController.php(59): CodeIgniter\BaseModel->findAll()
 7 SYSTEMPATH\CodeIgniter.php(933): App\Controllers\OrcamentoController->inserir(1)
 8 SYSTEMPATH\CodeIgniter.php(509): CodeIgniter\CodeIgniter->runController(Object(App\Controllers\OrcamentoController))
 9 SYSTEMPATH\CodeIgniter.php(355): CodeIgniter\CodeIgniter->handleRequest(null, Object(Config\Cache), false)
10 SYSTEMPATH\Boot.php(325): CodeIgniter\CodeIgniter->run()
11 SYSTEMPATH\Boot.php(67): CodeIgniter\Boot::runCodeIgniter(Object(CodeIgniter\CodeIgniter))
12 FCPATH\index.php(56): CodeIgniter\Boot::bootWeb(Object(Config\Paths))
13 SYSTEMPATH\rewrite.php(44): require_once('C:\\xampp\\htdocs\\vtornos\\public\\index.php')
CRITICAL - 2024-12-02 23:40:57 --> [Caused by] mysqli_sql_exception: Unknown column 'series.nome' in 'field list'
in SYSTEMPATH\Database\MySQLi\Connection.php on line 312.
 1 SYSTEMPATH\Database\MySQLi\Connection.php(312): mysqli->query('SELECT `maquinarios`.`nome` as `nomeMaquinario`, `marcas`.`nome` as `nomeMarca`, `modelos`.`nome` as `nomeModelo`, `series`.`idSerie`, `series`.`nome` as `nomeSerie`
FROM `series`
INNER JOIN `modelos` ON `modelos`.`idModelo`=`series`.`idModelo`
INNER JOIN `maquinarios` ON `maquinarios`.`idMaquinario`=`modelos`.`idMaquinario`
INNER JOIN `marcas` ON `marcas`.`idMarca`=`modelos`.`idMarca`', 0)
 2 SYSTEMPATH\Database\BaseConnection.php(734): CodeIgniter\Database\MySQLi\Connection->execute('SELECT `maquinarios`.`nome` as `nomeMaquinario`, `marcas`.`nome` as `nomeMarca`, `modelos`.`nome` as `nomeModelo`, `series`.`idSerie`, `series`.`nome` as `nomeSerie`
FROM `series`
INNER JOIN `modelos` ON `modelos`.`idModelo`=`series`.`idModelo`
INNER JOIN `maquinarios` ON `maquinarios`.`idMaquinario`=`modelos`.`idMaquinario`
INNER JOIN `marcas` ON `marcas`.`idMarca`=`modelos`.`idMarca`')
 3 SYSTEMPATH\Database\BaseConnection.php(648): CodeIgniter\Database\BaseConnection->simpleQuery('SELECT `maquinarios`.`nome` as `nomeMaquinario`, `marcas`.`nome` as `nomeMarca`, `modelos`.`nome` as `nomeModelo`, `series`.`idSerie`, `series`.`nome` as `nomeSerie`
FROM `series`
INNER JOIN `modelos` ON `modelos`.`idModelo`=`series`.`idModelo`
INNER JOIN `maquinarios` ON `maquinarios`.`idMaquinario`=`modelos`.`idMaquinario`
INNER JOIN `marcas` ON `marcas`.`idMarca`=`modelos`.`idMarca`')
 4 SYSTEMPATH\Database\BaseBuilder.php(1644): CodeIgniter\Database\BaseConnection->query('SELECT `maquinarios`.`nome` as `nomeMaquinario`, `marcas`.`nome` as `nomeMarca`, `modelos`.`nome` as `nomeModelo`, `series`.`idSerie`, `series`.`nome` as `nomeSerie`
FROM `series`
INNER JOIN `modelos` ON `modelos`.`idModelo`=`series`.`idModelo`
INNER JOIN `maquinarios` ON `maquinarios`.`idMaquinario`=`modelos`.`idMaquinario`
INNER JOIN `marcas` ON `marcas`.`idMarca`=`modelos`.`idMarca`', [], false)
 5 SYSTEMPATH\Model.php(286): CodeIgniter\Database\BaseBuilder->get()
 6 SYSTEMPATH\BaseModel.php(676): CodeIgniter\Model->doFindAll(0, 0)
 7 APPPATH\Controllers\OrcamentoController.php(59): CodeIgniter\BaseModel->findAll()
 8 SYSTEMPATH\CodeIgniter.php(933): App\Controllers\OrcamentoController->inserir(1)
 9 SYSTEMPATH\CodeIgniter.php(509): CodeIgniter\CodeIgniter->runController(Object(App\Controllers\OrcamentoController))
10 SYSTEMPATH\CodeIgniter.php(355): CodeIgniter\CodeIgniter->handleRequest(null, Object(Config\Cache), false)
11 SYSTEMPATH\Boot.php(325): CodeIgniter\CodeIgniter->run()
12 SYSTEMPATH\Boot.php(67): CodeIgniter\Boot::runCodeIgniter(Object(CodeIgniter\CodeIgniter))
13 FCPATH\index.php(56): CodeIgniter\Boot::bootWeb(Object(Config\Paths))
14 SYSTEMPATH\rewrite.php(44): require_once('C:\\xampp\\htdocs\\vtornos\\public\\index.php')
INFO - 2024-12-02 23:41:51 --> Session: Class initialized using 'CodeIgniter\Session\Handlers\FileHandler' driver.
CRITICAL - 2024-12-02 23:41:51 --> Error: Call to undefined method CodeIgniter\View\View::extends()
[Method: GET, Route: orcamento/inserir/1]
in APPPATH\Views\orcamento\inserir.php on line 1.
 1 SYSTEMPATH\View\View.php(234): include()
 2 SYSTEMPATH\View\View.php(237): CodeIgniter\View\View->CodeIgniter\View\{closure}()
 3 SYSTEMPATH\Common.php(1171): CodeIgniter\View\View->render('orcamento/inserir', [], true)
 4 APPPATH\Controllers\OrcamentoController.php(61): view('orcamento/inserir', [...])
 5 SYSTEMPATH\CodeIgniter.php(933): App\Controllers\OrcamentoController->inserir(1)
 6 SYSTEMPATH\CodeIgniter.php(509): CodeIgniter\CodeIgniter->runController(Object(App\Controllers\OrcamentoController))
 7 SYSTEMPATH\CodeIgniter.php(355): CodeIgniter\CodeIgniter->handleRequest(null, Object(Config\Cache), false)
 8 SYSTEMPATH\Boot.php(325): CodeIgniter\CodeIgniter->run()
 9 SYSTEMPATH\Boot.php(67): CodeIgniter\Boot::runCodeIgniter(Object(CodeIgniter\CodeIgniter))
10 FCPATH\index.php(56): CodeIgniter\Boot::bootWeb(Object(Config\Paths))
11 SYSTEMPATH\rewrite.php(44): require_once('C:\\xampp\\htdocs\\vtornos\\public\\index.php')
INFO - 2024-12-02 23:42:15 --> Session: Class initialized using 'CodeIgniter\Session\Handlers\FileHandler' driver.
INFO - 2024-12-02 23:47:46 --> Session: Class initialized using 'CodeIgniter\Session\Handlers\FileHandler' driver.
INFO - 2024-12-02 23:50:39 --> Session: Class initialized using 'CodeIgniter\Session\Handlers\FileHandler' driver.
INFO - 2024-12-02 23:50:56 --> Session: Class initialized using 'CodeIgniter\Session\Handlers\FileHandler' driver.
INFO - 2024-12-02 23:51:11 --> Session: Class initialized using 'CodeIgniter\Session\Handlers\FileHandler' driver.
INFO - 2024-12-02 23:52:48 --> Session: Class initialized using 'CodeIgniter\Session\Handlers\FileHandler' driver.
INFO - 2024-12-02 23:53:00 --> Session: Class initialized using 'CodeIgniter\Session\Handlers\FileHandler' driver.
INFO - 2024-12-02 23:53:29 --> Session: Class initialized using 'CodeIgniter\Session\Handlers\FileHandler' driver.
INFO - 2024-12-02 23:53:51 --> Session: Class initialized using 'CodeIgniter\Session\Handlers\FileHandler' driver.
